#
# A fatal error has been detected by the Java Runtime Environment:
#
#  SIGSEGV (0xb) at pc=0xb6ab1448, pid=3098, tid=1724906304
#
# JRE version: Java(TM) SE Runtime Environment (8.0_05-b13) (build 1.8.0_05-b13)
# Java VM: Java HotSpot(TM) Server VM (25.5-b02 mixed mode linux-x86 )
# Problematic frame:
# V  [libjvm.so+0x279448]  CardTableExtension::scavenge_contents_parallel(ObjectStartArray*, MutableSpace*, HeapWord*, PSPromotionManager*, unsigned int, unsigned int)+0x3c8
#
# Failed to write core dump. Core dumps have been disabled. To enable core dumping, try "ulimit -c unlimited" before starting Java again
#
# If you would like to submit a bug report, please visit:
#   http://bugreport.sun.com/bugreport/crash.jsp
#

---------------  T H R E A D  ---------------

Current thread (0xb6612400):  GCTaskThread [stack: 0x66c7f000,0x66d00000] [id=3102]

siginfo:si_signo=SIGSEGV: si_errno=0, si_code=2 (SEGV_ACCERR), si_addr=0x5bc9885c

Registers:
EAX=0x00000003, EBX=0x00000047, ECX=0x5bc98858, EDX=0x00000006
ESP=0x66cff070, EBP=0x66cff0d8, ESI=0xffffffff, EDI=0x6ae9af80
EIP=0xb6ab1448, EFLAGS=0x00010202, CR2=0x5bc9885c

Top of Stack: (sp=0x66cff070)
0x66cff070:   00000002 6701d500 6701d481 6ae9fffc
0x66cff080:   6702111b 6ae9ac00 6701d480 6701d501
0x66cff090:   6aea0010 6701d4d7 6701d4da 6ae9b400
0x66cff0a0:   6ae90000 66ea9000 66ea9000 fffffff8
0x66cff0b0:   6701d4d8 00000000 6701d600 6701d680
0x66cff0c0:   6701d4da 6701d4da 6701d4d7 b660ebd8
0x66cff0d0:   b66f8880 00000001 66cff108 b6f8b58f
0x66cff0e0:   b660e078 b660e1e0 b660ebd8 6b623470 

Instructions: (pc=0xb6ab1448)
0xb6ab1428:   83 fa 00 7e 43 f6 c2 01 0f 85 d2 02 00 00 c1 fa
0xb6ab1438:   02 8d 3c 97 39 7d c4 0f 86 d6 02 00 00 8b 4f 04
0xb6ab1448:   8b 51 04 81 fa ff ff ff bf 77 d5 53 8b 55 18 8b
0xb6ab1458:   01 57 52 51 ff 90 84 00 00 00 8b 4f 04 8b 51 04 

Register to memory mapping:

EAX=0x00000003 is an unknown value
EBX=0x00000047 is an unknown value
ECX=0x5bc98858 is an unknown value
EDX=0x00000006 is an unknown value
ESP=0x66cff070 is an unknown value
EBP=0x66cff0d8 is an unknown value
ESI=0xffffffff is an unknown value
EDI=
[error occurred during error reporting (printing register info), id 0xb]

Stack: [0x66c7f000,0x66d00000],  sp=0x66cff070,  free space=512k
Native frames: (J=compiled Java code, j=interpreted, Vv=VM code, C=native code)
V  [libjvm.so+0x279448]  CardTableExtension::scavenge_contents_parallel(ObjectStartArray*, MutableSpace*, HeapWord*, PSPromotionManager*, unsigned int, unsigned int)+0x3c8
V  [libjvm.so+0x75358f]  OldToYoungRootsTask::do_it(GCTaskManager*, unsigned int)+0x3f
V  [libjvm.so+0x419f76]  GCTaskThread::run()+0x106
V  [libjvm.so+0x6f43b9]  java_start(Thread*)+0x119
C  [libpthread.so.0+0x6f70]  start_thread+0xd0


---------------  P R O C E S S  ---------------

Java Threads: ( => current thread )
  0x63a1a400 JavaThread "Stdin handler" [_thread_blocked, id=6893, stack(0x5f88c000,0x5f8dd000)]
  0x09cce400 JavaThread "Daemon worker Thread 3" [_thread_blocked, id=6890, stack(0x624af000,0x62500000)]
  0x09ccf400 JavaThread "Cancel handler" [_thread_blocked, id=6889, stack(0x6240d000,0x6245e000)]
  0x09cc6400 JavaThread "Handler for socket connection from /127.0.0.1:36635 to /127.0.0.1:43665" [_thread_in_native, id=6888, stack(0x6245e000,0x624af000)]
  0x62649c00 JavaThread "Daemon Thread 3" [_thread_blocked, id=6887, stack(0x6293e000,0x6298f000)]
  0x602a3400 JavaThread "File lock request listener" [_thread_in_native, id=3124, stack(0x605af000,0x60600000)]
  0x62637800 JavaThread "Incoming local TCP Connector on port 36635" [_thread_in_native, id=3114, stack(0x6298f000,0x629e0000)]
  0x63bac000 JavaThread "Service Thread" daemon [_thread_blocked, id=3112, stack(0x634db000,0x6352c000)]
  0x63ba9000 JavaThread "C1 CompilerThread2" daemon [_thread_blocked, id=3111, stack(0x6352c000,0x635ad000)]
  0x63ba7800 JavaThread "C2 CompilerThread1" daemon [_thread_blocked, id=3110, stack(0x635ad000,0x6362e000)]
  0x63ba5800 JavaThread "C2 CompilerThread0" daemon [_thread_blocked, id=3109, stack(0x6362e000,0x636af000)]
  0x63ba4000 JavaThread "Signal Dispatcher" daemon [_thread_blocked, id=3108, stack(0x636af000,0x63700000)]
  0x63b86800 JavaThread "Finalizer" daemon [_thread_blocked, id=3107, stack(0x63c0d000,0x63c5e000)]
  0x63b84000 JavaThread "Reference Handler" daemon [_thread_blocked, id=3106, stack(0x6682e000,0x6687f000)]
  0xb6607800 JavaThread "main" [_thread_blocked, id=3099, stack(0xb67a1000,0xb67f2000)]

Other Threads:
  0x63b81000 VMThread [stack: 0x63c5e000,0x63cdf000] [id=3105]
  0x63bc6400 WatcherThread [stack: 0x6345a000,0x634db000] [id=3113]

=>0xb6612400 (exited) GCTaskThread [stack: 0x66c7f000,0x66d00000] [id=3102]

VM state:at safepoint (normal execution)

VM Mutex/Monitor currently owned by a thread:  ([mutex/lock_event])
[0xb6604f68] Threads_lock - owner thread: 0x63b81000
[0xb6605378] Heap_lock - owner thread: 0x09cce400

Heap:
 PSYoungGen      total 307712K, used 307697K [0x91cc0000, 0xa7200000, 0xa7200000)
  eden space 281856K, 100% used [0x91cc0000,0xa3000000,0xa3000000)
  from space 25856K, 99% used [0xa5600000,0xa6f3c6d0,0xa6f40000)
  to   space 33792K, 57% used [0xa3000000,0xa42ebf00,0xa5100000)
 ParOldGen       total 121856K, used 69773K [0x67200000, 0x6e900000, 0x91cc0000)
  object space 121856K, 57% used [0x67200000,0x6b623470,0x6e900000)
 Metaspace       used 35003K, capacity 36578K, committed 36608K, reserved 37168K

Card table byte_map: [0x66fff000,0x67200000] byte_map_base: 0x66cc6000

Marking Bits: (ParMarkBitMap*) 0xb71b7d80
 Begin Bits: [0x64700000, 0x65700000)
 End Bits:   [0x65700000, 0x66700000)

Polling page: 0xb77bd000

CodeCache: size=245760Kb used=35817Kb max_used=35817Kb free=209942Kb
 bounds [0xa7600000, 0xa9920000, 0xb6600000]
 total_blobs=13699 nmethods=13257 adapters=353
 compilation: enabled

Compilation events (10 events):
Event: 5473.135 Thread 0x63ba9000 nmethod 15992 0xa990c808 code [0xa990cb00, 0xa990db68]
Event: 5473.135 Thread 0x63ba9000 15989       3       groovy.lang.GroovyClassLoader::isRecompilable (84 bytes)
Event: 5473.137 Thread 0x63ba9000 nmethod 15989 0xa9915748 code [0xa9915940, 0xa99163e8]
Event: 5473.137 Thread 0x63ba9000 15993       3       groovy.lang.GroovyClassLoader::loadClass (9 bytes)
Event: 5473.137 Thread 0x63ba9000 nmethod 15993 0xa990ba88 code [0xa990bba0, 0xa990bd0c]
Event: 5473.139 Thread 0x63ba9000 15995       3       org.codehaus.groovy.control.ClassNodeResolver::resolveName (73 bytes)
Event: 5473.140 Thread 0x63ba9000 nmethod 15995 0xa9916a88 code [0xa9916c40, 0xa991729c]
Event: 5473.140 Thread 0x63ba9000 15994       3       org.codehaus.groovy.control.ClassNodeResolver::cacheClass (13 bytes)
Event: 5473.140 Thread 0x63ba9000 nmethod 15994 0xa990c508 code [0xa990c620, 0xa990c76c]
Event: 5473.146 Thread 0x63ba7800 15996       4       org.codehaus.groovy.control.ResolveVisitor$ConstructedClassWithPackage::getName (38 bytes)

GC Heap History (10 events):
Event: 337.068 GC heap after
Heap after GC invocations=23 (full 4):
 PSYoungGen      total 297216K, used 10746K [0x91cc0000, 0xa6a80000, 0xa7200000)
  eden space 286464K, 0% used [0x91cc0000,0x91cc0000,0xa3480000)
  from space 10752K, 99% used [0xa3480000,0xa3efebc8,0xa3f00000)
  to   space 27648K, 0% used [0xa4f80000,0xa4f80000,0xa6a80000)
 ParOldGen       total 121856K, used 49732K [0x67200000, 0x6e900000, 0x91cc0000)
  object space 121856K, 40% used [0x67200000,0x6a291270,0x6e900000)
 Metaspace       used 33187K, capacity 34544K, committed 34560K, reserved 35120K
}
Event: 337.068 GC heap before
{Heap before GC invocations=24 (full 5):
 PSYoungGen      total 297216K, used 10746K [0x91cc0000, 0xa6a80000, 0xa7200000)
  eden space 286464K, 0% used [0x91cc0000,0x91cc0000,0xa3480000)
  from space 10752K, 99% used [0xa3480000,0xa3efebc8,0xa3f00000)
  to   space 27648K, 0% used [0xa4f80000,0xa4f80000,0xa6a80000)
 ParOldGen       total 121856K, used 49732K [0x67200000, 0x6e900000, 0x91cc0000)
  object space 121856K, 40% used [0x67200000,0x6a291270,0x6e900000)
 Metaspace       used 33187K, capacity 34544K, committed 34560K, reserved 35120K
Event: 337.519 GC heap after
Heap after GC invocations=24 (full 5):
 PSYoungGen      total 297216K, used 0K [0x91cc0000, 0xa6a80000, 0xa7200000)
  eden space 286464K, 0% used [0x91cc0000,0x91cc0000,0xa3480000)
  from space 10752K, 0% used [0xa3480000,0xa3480000,0xa3f00000)
  to   space 27648K, 0% used [0xa4f80000,0xa4f80000,0xa6a80000)
 ParOldGen       total 121856K, used 59704K [0x67200000, 0x6e900000, 0x91cc0000)
  object space 121856K, 48% used [0x67200000,0x6ac4e218,0x6e900000)
 Metaspace       used 33187K, capacity 34544K, committed 34560K, reserved 35120K
}
Event: 416.488 GC heap before
{Heap before GC invocations=25 (full 5):
 PSYoungGen      total 297216K, used 286464K [0x91cc0000, 0xa6a80000, 0xa7200000)
  eden space 286464K, 100% used [0x91cc0000,0xa3480000,0xa3480000)
  from space 10752K, 0% used [0xa3480000,0xa3480000,0xa3f00000)
  to   space 27648K, 0% used [0xa4f80000,0xa4f80000,0xa6a80000)
 ParOldGen       total 121856K, used 59704K [0x67200000, 0x6e900000, 0x91cc0000)
  object space 121856K, 48% used [0x67200000,0x6ac4e218,0x6e900000)
 Metaspace       used 33527K, capacity 34982K, committed 35072K, reserved 35120K
Event: 416.514 GC heap after
Heap after GC invocations=25 (full 5):
 PSYoungGen      total 314880K, used 6596K [0x91cc0000, 0xa7200000, 0xa7200000)
  eden space 287232K, 0% used [0x91cc0000,0x91cc0000,0xa3540000)
  from space 27648K, 23% used [0xa4f80000,0xa55f11d0,0xa6a80000)
  to   space 26880K, 0% used [0xa3540000,0xa3540000,0xa4f80000)
 ParOldGen       total 121856K, used 59708K [0x67200000, 0x6e900000, 0x91cc0000)
  object space 121856K, 48% used [0x67200000,0x6ac4f218,0x6e900000)
 Metaspace       used 33527K, capacity 34982K, committed 35072K, reserved 35120K
}
Event: 425.762 GC heap before
{Heap before GC invocations=26 (full 5):
 PSYoungGen      total 314880K, used 293828K [0x91cc0000, 0xa7200000, 0xa7200000)
  eden space 287232K, 100% used [0x91cc0000,0xa3540000,0xa3540000)
  from space 27648K, 23% used [0xa4f80000,0xa55f11d0,0xa6a80000)
  to   space 26880K, 0% used [0xa3540000,0xa3540000,0xa4f80000)
 ParOldGen       total 121856K, used 59708K [0x67200000, 0x6e900000, 0x91cc0000)
  object space 121856K, 48% used [0x67200000,0x6ac4f218,0x6e900000)
 Metaspace       used 33729K, capacity 35272K, committed 35328K, reserved 36144K
Event: 425.801 GC heap after
Heap after GC invocations=26 (full 5):
 PSYoungGen      total 314112K, used 12679K [0x91cc0000, 0xa6f40000, 0xa7200000)
  eden space 287232K, 0% used [0x91cc0000,0x91cc0000,0xa3540000)
  from space 26880K, 47% used [0xa3540000,0xa41a1fc0,0xa4f80000)
  to   space 25856K, 0% used [0xa5600000,0xa5600000,0xa6f40000)
 ParOldGen       total 121856K, used 59708K [0x67200000, 0x6e900000, 0x91cc0000)
  object space 121856K, 48% used [0x67200000,0x6ac4f218,0x6e900000)
 Metaspace       used 33729K, capacity 35272K, committed 35328K, reserved 36144K
}
Event: 428.903 GC heap before
{Heap before GC invocations=27 (full 5):
 PSYoungGen      total 314112K, used 299911K [0x91cc0000, 0xa6f40000, 0xa7200000)
  eden space 287232K, 100% used [0x91cc0000,0xa3540000,0xa3540000)
  from space 26880K, 47% used [0xa3540000,0xa41a1fc0,0xa4f80000)
  to   space 25856K, 0% used [0xa5600000,0xa5600000,0xa6f40000)
 ParOldGen       total 121856K, used 59708K [0x67200000, 0x6e900000, 0x91cc0000)
  object space 121856K, 48% used [0x67200000,0x6ac4f218,0x6e900000)
 Metaspace       used 33772K, capacity 35274K, committed 35328K, reserved 36144K
Event: 428.965 GC heap after
Heap after GC invocations=27 (full 5):
 PSYoungGen      total 307712K, used 25841K [0x91cc0000, 0xa7200000, 0xa7200000)
  eden space 281856K, 0% used [0x91cc0000,0x91cc0000,0xa3000000)
  from space 25856K, 99% used [0xa5600000,0xa6f3c6d0,0xa6f40000)
  to   space 33792K, 0% used [0xa3000000,0xa3000000,0xa5100000)
 ParOldGen       total 121856K, used 69773K [0x67200000, 0x6e900000, 0x91cc0000)
  object space 121856K, 57% used [0x67200000,0x6b623470,0x6e900000)
 Metaspace       used 33772K, capacity 35274K, committed 35328K, reserved 36144K
}
Event: 5473.148 GC heap before
{Heap before GC invocations=28 (full 5):
 PSYoungGen      total 307712K, used 307697K [0x91cc0000, 0xa7200000, 0xa7200000)
  eden space 281856K, 100% used [0x91cc0000,0xa3000000,0xa3000000)
  from space 25856K, 99% used [0xa5600000,0xa6f3c6d0,0xa6f40000)
  to   space 33792K, 0% used [0xa3000000,0xa3000000,0xa5100000)
 ParOldGen       total 121856K, used 69773K [0x67200000, 0x6e900000, 0x91cc0000)
  object space 121856K, 57% used [0x67200000,0x6b623470,0x6e900000)
 Metaspace       used 35003K, capacity 36578K, committed 36608K, reserved 37168K

Deoptimization events (10 events):
Event: 5471.993 Thread 0x09cce400 Uncommon trap: reason=bimorphic action=maybe_recompile pc=0xa8b9420c method=java.io.ObjectInputStream$PeekInputStream.read([BII)I @ 20
Event: 5472.328 Thread 0x09cce400 Uncommon trap: reason=unreached action=reinterpret pc=0xa8b2c0a4 method=com.google.common.cache.LocalCache.usesValueReferences()Z @ 7
Event: 5472.329 Thread 0x09cce400 Uncommon trap: reason=class_check action=maybe_recompile pc=0xa97f05b0 method=com.google.common.cache.LocalCache$Segment.newEntry(Ljava/lang/Object;ILcom/google/common/cache/LocalCache$ReferenceEntry;)Lcom/google/common/cache/LocalCache$ReferenceEntry; @ 
Event: 5472.329 Thread 0x09cce400 Uncommon trap: reason=class_check action=maybe_recompile pc=0xa97db628 method=com.google.common.cache.LocalCache$Segment.setValue(Lcom/google/common/cache/LocalCache$ReferenceEntry;Ljava/lang/Object;Ljava/lang/Object;J)V @ 51
Event: 5472.329 Thread 0x09cce400 Uncommon trap: reason=class_check action=maybe_recompile pc=0xa97f05b0 method=com.google.common.cache.LocalCache$Segment.newEntry(Ljava/lang/Object;ILcom/google/common/cache/LocalCache$ReferenceEntry;)Lcom/google/common/cache/LocalCache$ReferenceEntry; @ 
Event: 5472.329 Thread 0x09cce400 Uncommon trap: reason=bimorphic action=maybe_recompile pc=0xa97db73c method=com.google.common.cache.LocalCache$Segment.setValue(Lcom/google/common/cache/LocalCache$ReferenceEntry;Ljava/lang/Object;Ljava/lang/Object;J)V @ 1
Event: 5472.345 Thread 0x09cce400 Uncommon trap: reason=bimorphic action=maybe_recompile pc=0xa8ee7fa4 method=java.io.ObjectInputStream$PeekInputStream.peek()I @ 19
Event: 5472.345 Thread 0x09cce400 Uncommon trap: reason=bimorphic action=maybe_recompile pc=0xa94beda4 method=java.io.ObjectInputStream$PeekInputStream.peek()I @ 19
Event: 5472.345 Thread 0x09cce400 Uncommon trap: reason=bimorphic action=maybe_recompile pc=0xa8ee7fa4 method=java.io.ObjectInputStream$PeekInputStream.peek()I @ 19
Event: 5472.345 Thread 0x09cce400 Uncommon trap: reason=class_check action=maybe_recompile pc=0xa8514e94 method=com.google.common.cache.LocalCache$Segment.getFirst(I)Lcom/google/common/cache/LocalCache$ReferenceEntry; @ 17

Internal exceptions (10 events):
Event: 5473.148 Thread 0x09cce400 Exception <a 'java/security/PrivilegedActionException'> (0xa2fd5308) thrown at [/HUDSON/workspace/8-2-build-linux-i586/jdk8u5/2488/hotspot/src/share/vm/prims/jvm.cpp, line 1248]
Event: 5473.148 Thread 0x09cce400 Exception <a 'java/security/PrivilegedActionException'> (0xa2fd6500) thrown at [/HUDSON/workspace/8-2-build-linux-i586/jdk8u5/2488/hotspot/src/share/vm/prims/jvm.cpp, line 1248]
Event: 5473.148 Thread 0x09cce400 Exception <a 'java/security/PrivilegedActionException'> (0xa2fd76e0) thrown at [/HUDSON/workspace/8-2-build-linux-i586/jdk8u5/2488/hotspot/src/share/vm/prims/jvm.cpp, line 1248]
Event: 5473.148 Thread 0x09cce400 Exception <a 'java/security/PrivilegedActionException'> (0xa2fddc38) thrown at [/HUDSON/workspace/8-2-build-linux-i586/jdk8u5/2488/hotspot/src/share/vm/prims/jvm.cpp, line 1248]
Event: 5473.148 Thread 0x09cce400 Exception <a 'java/security/PrivilegedActionException'> (0xa2fee100) thrown at [/HUDSON/workspace/8-2-build-linux-i586/jdk8u5/2488/hotspot/src/share/vm/prims/jvm.cpp, line 1248]
Event: 5473.148 Thread 0x09cce400 Exception <a 'java/security/PrivilegedActionException'> (0xa2fef5d8) thrown at [/HUDSON/workspace/8-2-build-linux-i586/jdk8u5/2488/hotspot/src/share/vm/prims/jvm.cpp, line 1248]
Event: 5473.148 Thread 0x09cce400 Exception <a 'java/security/PrivilegedActionException'> (0xa2ff0698) thrown at [/HUDSON/workspace/8-2-build-linux-i586/jdk8u5/2488/hotspot/src/share/vm/prims/jvm.cpp, line 1248]
Event: 5473.148 Thread 0x09cce400 Exception <a 'java/security/PrivilegedActionException'> (0xa2ff1890) thrown at [/HUDSON/workspace/8-2-build-linux-i586/jdk8u5/2488/hotspot/src/share/vm/prims/jvm.cpp, line 1248]
Event: 5473.148 Thread 0x09cce400 Exception <a 'java/security/PrivilegedActionException'> (0xa2ff2750) thrown at [/HUDSON/workspace/8-2-build-linux-i586/jdk8u5/2488/hotspot/src/share/vm/prims/jvm.cpp, line 1248]
Event: 5473.148 Thread 0x09cce400 Exception <a 'java/security/PrivilegedActionException'> (0xa2ff8b30) thrown at [/HUDSON/workspace/8-2-build-linux-i586/jdk8u5/2488/hotspot/src/share/vm/prims/jvm.cpp, line 1248]

Events (10 events):
Event: 5473.147 loading class org/gradle/api/tasks/javadoc/org/gradle$initialization$InitScript done
Event: 5473.148 loading class org/gradle/api/tasks/javadoc/org/gradle/initialization$InitScript
Event: 5473.148 loading class org/gradle/api/tasks/javadoc/org/gradle/initialization$InitScript done
Event: 5473.148 loading class org/gradle/api/tasks/javadoc/org/gradle/initialization$InitScript
Event: 5473.148 loading class org/gradle/api/tasks/javadoc/org/gradle/initialization$InitScript done
Event: 5473.148 loading class org/gradle/api/tasks/javadoc/org/gradle/initialization/InitScript
Event: 5473.148 loading class org/gradle/api/tasks/javadoc/org/gradle/initialization/InitScript done
Event: 5473.148 loading class org/gradle/api/tasks/javadoc/org/gradle/initialization/InitScript
Event: 5473.148 loading class org/gradle/api/tasks/javadoc/org/gradle/initialization/InitScript done
Event: 5473.148 Executing VM operation: ParallelGCFailedAllocation


Dynamic libraries:
08048000-08049000 r-xp 00000000 08:01 10639390   /usr/lib/jvm/jdk1.8.0_05/bin/java
08049000-0804a000 rw-p 00000000 08:01 10639390   /usr/lib/jvm/jdk1.8.0_05/bin/java
09cc4000-09d10000 rw-p 00000000 00:00 0          [heap]
5ba7a000-5bc00000 rw-p 00000000 00:00 0 
5bc00000-5bc67000 rw-p 00000000 00:00 0 
5bc67000-5bd00000 ---p 00000000 00:00 0 
5bd29000-5bda9000 rw-p 00000000 00:00 0 
5bda9000-5be29000 ---p 00000000 00:00 0 
5be4f000-5bf00000 rw-p 00000000 00:00 0 
5bf00000-5bf47000 rw-p 00000000 00:00 0 
5bf47000-5c000000 ---p 00000000 00:00 0 
5c000000-5c100000 rw-p 00000000 00:00 0 
5c100000-5c200000 rw-p 00000000 00:00 0 
5c200000-5c300000 rw-p 00000000 00:00 0 
5c300000-5c3fe000 rw-p 00000000 00:00 0 
5c3fe000-5c400000 ---p 00000000 00:00 0 
5c405000-5c500000 rw-p 00000000 00:00 0 
5c500000-5c600000 rw-p 00000000 00:00 0 
5c61d000-5c6e2000 r--s 00f4f000 08:07 8150993    /home/rohit/.gradle/caches/jars-1/bcq7f46cn0y8eouv8pfefua92hl0w5l/openapi.jar
5c6e2000-5c7e2000 rw-p 00000000 00:00 0 
5c800000-5c8f3000 rw-p 00000000 00:00 0 
5c8f3000-5c900000 ---p 00000000 00:00 0 
5c93d000-5c965000 r--s 001cf000 08:07 8149108    /home/rohit/.gradle/caches/jars-1/87eo0lrvp84r6dbxjq018wy66es2era/guava-jdk5-17.0.jar
5c965000-5c968000 ---p 00000000 00:00 0 
5c968000-5c9b6000 rw-p 00000000 00:00 0 
5c9b6000-5c9b9000 ---p 00000000 00:00 0 
5c9b9000-5ca07000 rw-p 00000000 00:00 0 
5ca07000-5ca0a000 ---p 00000000 00:00 0 
5ca0a000-5ca58000 rw-p 00000000 00:00 0 
5ca58000-5ca5b000 ---p 00000000 00:00 0 
5ca5b000-5caa9000 rw-p 00000000 00:00 0 
5caa9000-5caac000 ---p 00000000 00:00 0 
5caac000-5cafa000 rw-p 00000000 00:00 0 
5cafa000-5cafd000 ---p 00000000 00:00 0 
5cafd000-5cb4b000 rw-p 00000000 00:00 0 
5cb4b000-5cb4e000 ---p 00000000 00:00 0 
5cb4e000-5cb9c000 rw-p 00000000 00:00 0 
5cb9c000-5cb9f000 ---p 00000000 00:00 0 
5cb9f000-5cbed000 rw-p 00000000 00:00 0 
5cbed000-5cbf0000 ---p 00000000 00:00 0 
5cbf0000-5cc3e000 rw-p 00000000 00:00 0 
5cc3e000-5cc41000 ---p 00000000 00:00 0 
5cc41000-5cc8f000 rw-p 00000000 00:00 0 
5cc8f000-5cc92000 ---p 00000000 00:00 0 
5cc92000-5cce0000 rw-p 00000000 00:00 0 
5cce0000-5cce3000 ---p 00000000 00:00 0 
5cce3000-5cd31000 rw-p 00000000 00:00 0 
5cd31000-5cd34000 ---p 00000000 00:00 0 
5cd34000-5cd82000 rw-p 00000000 00:00 0 
5cd82000-5cd85000 ---p 00000000 00:00 0 
5cd85000-5cdd3000 rw-p 00000000 00:00 0 
5cdd3000-5cdd6000 ---p 00000000 00:00 0 
5cdd6000-5ce24000 rw-p 00000000 00:00 0 
5ce24000-5ce27000 ---p 00000000 00:00 0 
5ce27000-5ce75000 rw-p 00000000 00:00 0 
5ce75000-5ce78000 ---p 00000000 00:00 0 
5ce78000-5cec6000 rw-p 00000000 00:00 0 
5cec6000-5cec9000 ---p 00000000 00:00 0 
5cec9000-5cf17000 rw-p 00000000 00:00 0 
5cf17000-5cf1a000 ---p 00000000 00:00 0 
5cf1a000-5cf68000 rw-p 00000000 00:00 0 
5cf68000-5cf6b000 ---p 00000000 00:00 0 
5cf6b000-5cfb9000 rw-p 00000000 00:00 0 
5cfb9000-5cfbc000 ---p 00000000 00:00 0 
5cfbc000-5d00a000 rw-p 00000000 00:00 0 
5d00a000-5d00d000 ---p 00000000 00:00 0 
5d00d000-5d05b000 rw-p 00000000 00:00 0 
5d05b000-5d05e000 ---p 00000000 00:00 0 
5d05e000-5d0ac000 rw-p 00000000 00:00 0 
5d0ac000-5d0af000 ---p 00000000 00:00 0 
5d0af000-5d0fd000 rw-p 00000000 00:00 0 
5d0fd000-5d100000 ---p 00000000 00:00 0 
5d100000-5d14e000 rw-p 00000000 00:00 0 
5d14e000-5d151000 ---p 00000000 00:00 0 
5d151000-5d19f000 rw-p 00000000 00:00 0 
5d19f000-5d1a2000 ---p 00000000 00:00 0 
5d1a2000-5d1f0000 rw-p 00000000 00:00 0 
5d1f0000-5d1f3000 ---p 00000000 00:00 0 
5d1f3000-5d241000 rw-p 00000000 00:00 0 
5d241000-5d244000 ---p 00000000 00:00 0 
5d244000-5d292000 rw-p 00000000 00:00 0 
5d292000-5d295000 ---p 00000000 00:00 0 
5d295000-5d2e3000 rw-p 00000000 00:00 0 
5d2e3000-5d2e6000 ---p 00000000 00:00 0 
5d2e6000-5d334000 rw-p 00000000 00:00 0 
5d334000-5d337000 ---p 00000000 00:00 0 
5d337000-5d385000 rw-p 00000000 00:00 0 
5d385000-5d388000 ---p 00000000 00:00 0 
5d388000-5d3d6000 rw-p 00000000 00:00 0 
5d3d6000-5d3d9000 ---p 00000000 00:00 0 
5d3d9000-5d427000 rw-p 00000000 00:00 0 
5d427000-5d42a000 ---p 00000000 00:00 0 
5d42a000-5d478000 rw-p 00000000 00:00 0 
5d478000-5d47b000 ---p 00000000 00:00 0 
5d47b000-5d4c9000 rw-p 00000000 00:00 0 
5d4c9000-5d4cc000 ---p 00000000 00:00 0 
5d4cc000-5d51a000 rw-p 00000000 00:00 0 
5d51a000-5d51d000 ---p 00000000 00:00 0 
5d51d000-5d56b000 rw-p 00000000 00:00 0 
5d56b000-5d56e000 ---p 00000000 00:00 0 
5d56e000-5d5bc000 rw-p 00000000 00:00 0 
5d5bc000-5d5bf000 ---p 00000000 00:00 0 
5d5bf000-5d60d000 rw-p 00000000 00:00 0 
5d60d000-5d610000 ---p 00000000 00:00 0 
5d610000-5d626000 rw-p 00000000 00:00 0 
5d626000-5d629000 ---p 00000000 00:00 0 
5d629000-5d63f000 rw-p 00000000 00:00 0 
5d63f000-5d642000 ---p 00000000 00:00 0 
5d642000-5d658000 rw-p 00000000 00:00 0 
5d658000-5d65b000 ---p 00000000 00:00 0 
5d65b000-5d671000 rw-p 00000000 00:00 0 
5d671000-5d674000 ---p 00000000 00:00 0 
5d674000-5d68a000 rw-p 00000000 00:00 0 
5d68a000-5d68d000 ---p 00000000 00:00 0 
5d68d000-5d6a3000 rw-p 00000000 00:00 0 
5d6a3000-5d6a6000 ---p 00000000 00:00 0 
5d6a6000-5d6bc000 rw-p 00000000 00:00 0 
5d6bc000-5d6bf000 ---p 00000000 00:00 0 
5d6bf000-5d70d000 rw-p 00000000 00:00 0 
5d70d000-5d710000 ---p 00000000 00:00 0 
5d710000-5d75e000 rw-p 00000000 00:00 0 
5d75e000-5d761000 ---p 00000000 00:00 0 
5d761000-5d7af000 rw-p 00000000 00:00 0 
5d7af000-5d7b2000 ---p 00000000 00:00 0 
5d7b2000-5d800000 rw-p 00000000 00:00 0 
5d800000-5d8fd000 rw-p 00000000 00:00 0 
5d8fd000-5d900000 ---p 00000000 00:00 0 
5d907000-5d90a000 ---p 00000000 00:00 0 
5d90a000-5d958000 rw-p 00000000 00:00 0 
5d958000-5d95b000 ---p 00000000 00:00 0 
5d95b000-5d971000 rw-p 00000000 00:00 0 
5d971000-5d974000 ---p 00000000 00:00 0 
5d974000-5d98a000 rw-p 00000000 00:00 0 
5d98a000-5d98d000 ---p 00000000 00:00 0 
5d98d000-5d9db000 rw-p 00000000 00:00 0 
5d9db000-5d9de000 ---p 00000000 00:00 0 
5d9de000-5da2c000 rw-p 00000000 00:00 0 
5da2c000-5da2f000 ---p 00000000 00:00 0 
5da2f000-5da45000 rw-p 00000000 00:00 0 
5da45000-5da48000 ---p 00000000 00:00 0 
5da48000-5da96000 rw-p 00000000 00:00 0 
5da96000-5da99000 ---p 00000000 00:00 0 
5da99000-5daaf000 rw-p 00000000 00:00 0 
5daaf000-5dab2000 ---p 00000000 00:00 0 
5dab2000-5db00000 rw-p 00000000 00:00 0 
5db00000-5dbf9000 rw-p 00000000 00:00 0 
5dbf9000-5dc00000 ---p 00000000 00:00 0 
5dc0d000-5dc10000 ---p 00000000 00:00 0 
5dc10000-5dc5e000 rw-p 00000000 00:00 0 
5dc5e000-5dc61000 ---p 00000000 00:00 0 
5dc61000-5dcaf000 rw-p 00000000 00:00 0 
5dcaf000-5dcb2000 ---p 00000000 00:00 0 
5dcb2000-5dd00000 rw-p 00000000 00:00 0 
5dd00000-5ddfd000 rw-p 00000000 00:00 0 
5ddfd000-5de00000 ---p 00000000 00:00 0 
5de01000-5de04000 ---p 00000000 00:00 0 
5de04000-5de1a000 rw-p 00000000 00:00 0 
5de1a000-5de1d000 ---p 00000000 00:00 0 
5de1d000-5de6b000 rw-p 00000000 00:00 0 
5de6b000-5de6e000 ---p 00000000 00:00 0 
5de6e000-5debc000 rw-p 00000000 00:00 0 
5debc000-5debf000 ---p 00000000 00:00 0 
5debf000-5df0d000 rw-p 00000000 00:00 0 
5df0d000-5df10000 ---p 00000000 00:00 0 
5df10000-5e05e000 rw-p 00000000 00:00 0 
5e05e000-5e15e000 rw-p 00000000 00:00 0 
5e15e000-5e25e000 rw-p 00000000 00:00 0 
5e25e000-5e35e000 rw-p 00000000 00:00 0 
5e35e000-5e361000 ---p 00000000 00:00 0 
5e361000-5e3af000 rw-p 00000000 00:00 0 
5e3af000-5e3b2000 ---p 00000000 00:00 0 
5e3b2000-5e500000 rw-p 00000000 00:00 0 
5e500000-5e600000 rw-p 00000000 00:00 0 
5e600000-5e700000 rw-p 00000000 00:00 0 
5e700000-5e800000 rw-p 00000000 00:00 0 
5e800000-5e900000 rw-p 00000000 00:00 0 
5e900000-5ea00000 rw-p 00000000 00:00 0 
5ea00000-5eb00000 rw-p 00000000 00:00 0 
5eb00000-5ebfe000 rw-p 00000000 00:00 0 
5ebfe000-5ec00000 ---p 00000000 00:00 0 
5ec00000-5ecff000 rw-p 00000000 00:00 0 
5ecff000-5ed00000 ---p 00000000 00:00 0 
5ed00000-5edf9000 rw-p 00000000 00:00 0 
5edf9000-5ee00000 ---p 00000000 00:00 0 
5ee00000-5ef00000 rw-p 00000000 00:00 0 
5ef00000-5f000000 rw-p 00000000 00:00 0 
5f00f000-5f012000 ---p 00000000 00:00 0 
5f012000-5f128000 rw-p 00000000 00:00 0 
5f128000-5f228000 rw-p 00000000 00:00 0 
5f228000-5f328000 rw-p 00000000 00:00 0 
5f32c000-5f32f000 ---p 00000000 00:00 0 
5f32f000-5f345000 rw-p 00000000 00:00 0 
5f345000-5f348000 ---p 00000000 00:00 0 
5f348000-5f35e000 rw-p 00000000 00:00 0 
5f35e000-5f361000 ---p 00000000 00:00 0 
5f361000-5f3af000 rw-p 00000000 00:00 0 
5f3af000-5f3b2000 ---p 00000000 00:00 0 
5f3b2000-5f400000 rw-p 00000000 00:00 0 
5f400000-5f4e8000 rw-p 00000000 00:00 0 
5f4e8000-5f500000 ---p 00000000 00:00 0 
5f500000-5f5fb000 rw-p 00000000 00:00 0 
5f5fb000-5f600000 ---p 00000000 00:00 0 
5f600000-5f700000 rw-p 00000000 00:00 0 
5f710000-5f713000 ---p 00000000 00:00 0 
5f713000-5f729000 rw-p 00000000 00:00 0 
5f729000-5f72c000 ---p 00000000 00:00 0 
5f72c000-5f842000 rw-p 00000000 00:00 0 
5f848000-5f84b000 ---p 00000000 00:00 0 
5f84b000-5f861000 rw-p 00000000 00:00 0 
5f861000-5f874000 r--s 00345000 08:01 10244898   /usr/lib/jvm/jdk1.8.0_05/jre/lib/resources.jar
5f883000-5f88c000 r--s 0002c000 08:07 8149106    /home/rohit/.gradle/caches/jars-1/ltkluv74baem3ersp41z8rutm6he5v5/gradle-tooling-api-2.2.jar
5f88c000-5f88f000 ---p 00000000 00:00 0 
5f88f000-5f8dd000 rw-p 00000000 00:00 0          [stack:6893]
5f8dd000-5f8e0000 ---p 00000000 00:00 0 
5f8e0000-5f92e000 rw-p 00000000 00:00 0 
5f92e000-5f936000 r-xp 00000000 08:01 10384860   /usr/lib/jvm/jdk1.8.0_05/jre/lib/i386/libmanagement.so
5f936000-5f937000 rw-p 00007000 08:01 10384860   /usr/lib/jvm/jdk1.8.0_05/jre/lib/i386/libmanagement.so
5f93f000-5fa3f000 rw-p 00000000 00:00 0 
5fa3f000-5fb40000 rw-p 00000000 00:00 0 
5fb40000-5fb41000 rw-p 00000000 00:00 0 
5fb41000-5fb43000 r--s 00004000 08:07 8150995    /home/rohit/.gradle/caches/jars-1/qgow21ac1xf6j3gqqyew3xmfhzwyuwz/builder-model-1.4.0-beta2.jar
5fb43000-5fb45000 r--s 00005000 08:07 8150991    /home/rohit/.gradle/caches/jars-1/2rpp8opio1759k0ftrxzya0ig24zhws/gradle-tooling-extension-api.jar
5fb45000-5fb48000 ---p 00000000 00:00 0 
5fb48000-5fb5e000 rw-p 00000000 00:00 0 
5fb5e000-5fb61000 ---p 00000000 00:00 0 
5fb61000-5fbaf000 rw-p 00000000 00:00 0 
5fbaf000-5fbb2000 ---p 00000000 00:00 0 
5fbb2000-5fcfa000 rw-p 00000000 00:00 0 
5fcfa000-5fd00000 ---p 00000000 00:00 0 
5fd00000-5fdf4000 rw-p 00000000 00:00 0 
5fdf4000-5fe00000 ---p 00000000 00:00 0 
5fe00000-5feea000 rw-p 00000000 00:00 0 
5feea000-5ff00000 ---p 00000000 00:00 0 
5ff00000-5fffa000 rw-p 00000000 00:00 0 
5fffa000-60000000 ---p 00000000 00:00 0 
60000000-60100000 rw-p 00000000 00:00 0 
60100000-601e9000 rw-p 00000000 00:00 0 
601e9000-60200000 ---p 00000000 00:00 0 
60200000-602f5000 rw-p 00000000 00:00 0 
602f5000-60300000 ---p 00000000 00:00 0 
60300000-603f7000 rw-p 00000000 00:00 0 
603f7000-60400000 ---p 00000000 00:00 0 
60400000-604f0000 rw-p 00000000 00:00 0 
604f0000-60500000 ---p 00000000 00:00 0 
60500000-60501000 r--s 00000000 08:07 8149118    /home/rohit/.gradle/caches/jars-1/dg22azhabc6tsc1i8xni15giz1bnssh/gradle-appengine-builder-model-0.1.0.jar
60501000-60507000 r--s 00026000 08:07 8149110    /home/rohit/.gradle/caches/jars-1/qlb402qqdb9mu9614i3hr843cfch7zw/gradle-base-services-2.2.jar
60507000-6050f000 r--s 000a8000 08:07 9449341    /home/rohit/Desktop/android-studio/gradle/m2repository/com/android/tools/external/lombok/lombok-ast/0.2.3/lombok-ast-0.2.3.jar
6050f000-60510000 r--s 00004000 08:07 9449268    /home/rohit/Desktop/android-studio/gradle/m2repository/com/intellij/annotations/12.0/annotations-12.0.jar
60510000-60512000 r--s 0000d000 08:07 9449303    /home/rohit/Desktop/android-studio/gradle/m2repository/commons-codec/commons-codec/1.4/commons-codec-1.4.jar
60512000-60514000 r--s 0000d000 08:07 9449416    /home/rohit/Desktop/android-studio/gradle/m2repository/commons-logging/commons-logging/1.1.1/commons-logging-1.1.1.jar
60514000-60519000 r--s 00028000 08:07 7626004    /home/rohit/Desktop/android-studio/gradle/m2repository/org/apache/httpcomponents/httpcore/4.1/httpcore-4.1.jar
60519000-6051c000 r--s 0002d000 08:07 9446831    /home/rohit/Desktop/android-studio/gradle/m2repository/com/android/tools/lint/lint-api/24.3.0/lint-api-24.3.0.jar
6051c000-6051d000 r--s 00004000 08:07 9713542    /home/rohit/Desktop/android-studio/gradle/m2repository/org/ow2/asm/asm-analysis/5.0.3/asm-analysis-5.0.3.jar
6051d000-60524000 r--s 00053000 08:07 11680389   /home/rohit/Desktop/android-studio/gradle/m2repository/org/apache/commons/commons-compress/1.8.1/commons-compress-1.8.1.jar
60524000-60529000 r--s 0002a000 08:07 9449310    /home/rohit/Desktop/android-studio/gradle/m2repository/com/google/code/gson/gson/2.2.4/gson-2.2.4.jar
60529000-6052b000 r--s 00005000 08:07 7092823    /home/rohit/Desktop/android-studio/gradle/m2repository/org/apache/httpcomponents/httpmime/4.1/httpmime-4.1.jar
6052b000-6052e000 r--s 00013000 08:07 9446844    /home/rohit/Desktop/android-studio/gradle/m2repository/com/android/tools/layoutlib/layoutlib-api/24.3.0/layoutlib-api-24.3.0.jar
6052e000-60536000 r--s 0004e000 08:07 14295879   /home/rohit/Desktop/android-studio/gradle/m2repository/org/apache/httpcomponents/httpclient/4.1.1/httpclient-4.1.1.jar
60536000-60537000 r--s 00005000 08:07 9448628    /home/rohit/Desktop/android-studio/gradle/m2repository/com/android/tools/dvlib/24.3.0/dvlib-24.3.0.jar
60537000-60538000 r--s 0000a000 08:07 9449431    /home/rohit/Desktop/android-studio/gradle/m2repository/net/sf/kxml/kxml2/2.3.0/kxml2-2.3.0.jar
60538000-60539000 r--s 00001000 08:07 9446838    /home/rohit/Desktop/android-studio/gradle/m2repository/com/android/tools/annotations/24.3.0/annotations-24.3.0.jar
60539000-60564000 r--s 001f9000 08:07 9449305    /home/rohit/Desktop/android-studio/gradle/m2repository/com/google/guava/guava/17.0/guava-17.0.jar
60564000-60574000 r--s 000d6000 08:07 9449272    /home/rohit/Desktop/android-studio/gradle/m2repository/net/sf/proguard/proguard-base/5.2.1/proguard-base-5.2.1.jar
60574000-60586000 r--s 00223000 08:07 7876008    /home/rohit/Desktop/android-studio/gradle/m2repository/org/eclipse/jdt/core/compiler/ecj/4.4.2/ecj-4.4.2.jar
60586000-6058c000 r--s 0009f000 08:07 9446825    /home/rohit/Desktop/android-studio/gradle/m2repository/com/android/tools/lint/lint-checks/24.3.0/lint-checks-24.3.0.jar
6058c000-6058d000 r--s 00002000 08:07 9448659    /home/rohit/Desktop/android-studio/gradle/m2repository/com/android/tools/build/builder-test-api/1.3.0/builder-test-api-1.3.0.jar
6058d000-6059b000 r--s 00081000 08:07 9449434    /home/rohit/Desktop/android-studio/gradle/m2repository/org/bouncycastle/bcpkix-jdk15on/1.48/bcpkix-jdk15on-1.48.jar
6059b000-6059c000 r--s 0000c000 08:07 9449465    /home/rohit/Desktop/android-studio/gradle/m2repository/org/ow2/asm/asm/5.0.3/asm-5.0.3.jar
6059c000-6059e000 r--s 00006000 08:07 9446815    /home/rohit/Desktop/android-studio/gradle/m2repository/com/android/tools/jack/jack-api/0.9.0/jack-api-0.9.0.jar
6059e000-605a1000 r--s 00028000 08:07 9448715    /home/rohit/Desktop/android-studio/gradle/m2repository/com/android/tools/build/manifest-merger/24.3.0/manifest-merger-24.3.0.jar
605a1000-605ab000 r--s 000ab000 08:07 9448851    /home/rohit/Desktop/android-studio/gradle/m2repository/com/android/tools/sdklib/24.3.0/sdklib-24.3.0.jar
605ab000-605af000 r--s 00044000 08:07 9448640    /home/rohit/Desktop/android-studio/gradle/m2repository/com/android/tools/ddms/ddmlib/24.3.0/ddmlib-24.3.0.jar
605af000-605b2000 ---p 00000000 00:00 0 
605b2000-60600000 rw-p 00000000 00:00 0          [stack:3124]
60600000-60800000 rw-p 00000000 00:00 0 
60800000-60900000 rw-p 00000000 00:00 0 
60900000-60a00000 rw-p 00000000 00:00 0 
60a00000-60af1000 rw-p 00000000 00:00 0 
60af1000-60b00000 ---p 00000000 00:00 0 
60b00000-60bff000 rw-p 00000000 00:00 0 
60bff000-60c00000 ---p 00000000 00:00 0 
60c00000-60cf8000 rw-p 00000000 00:00 0 
60cf8000-60d00000 ---p 00000000 00:00 0 
60d00000-60e00000 rw-p 00000000 00:00 0 
60e00000-60efe000 rw-p 00000000 00:00 0 
60efe000-60f00000 ---p 00000000 00:00 0 
60f00000-60fff000 rw-p 00000000 00:00 0 
60fff000-61000000 ---p 00000000 00:00 0 
61000000-61100000 rw-p 00000000 00:00 0 
61100000-61200000 rw-p 00000000 00:00 0 
61200000-61300000 rw-p 00000000 00:00 0 
61300000-61400000 rw-p 00000000 00:00 0 
61400000-61500000 rw-p 00000000 00:00 0 
61500000-615f1000 rw-p 00000000 00:00 0 
615f1000-61600000 ---p 00000000 00:00 0 
61600000-616e9000 rw-p 00000000 00:00 0 
616e9000-61700000 ---p 00000000 00:00 0 
61700000-617fd000 rw-p 00000000 00:00 0 
617fd000-61800000 ---p 00000000 00:00 0 
61800000-618fe000 rw-p 00000000 00:00 0 
618fe000-61900000 ---p 00000000 00:00 0 
61900000-619fe000 rw-p 00000000 00:00 0 
619fe000-61a00000 ---p 00000000 00:00 0 
61a00000-61afd000 rw-p 00000000 00:00 0 
61afd000-61b00000 ---p 00000000 00:00 0 
61b00000-61bfe000 rw-p 00000000 00:00 0 
61bfe000-61c00000 ---p 00000000 00:00 0 
61c00000-61d00000 rw-p 00000000 00:00 0 
61d00000-61e00000 rw-p 00000000 00:00 0 
61e00000-61eed000 rw-p 00000000 00:00 0 
61eed000-61f00000 ---p 00000000 00:00 0 
61f00000-62000000 rw-p 00000000 00:00 0 
62000000-620fc000 rw-p 00000000 00:00 0 
620fc000-62100000 ---p 00000000 00:00 0 
62100000-62200000 rw-p 00000000 00:00 0 
62200000-622ff000 rw-p 00000000 00:00 0 
622ff000-62300000 ---p 00000000 00:00 0 
62300000-62302000 r--s 00005000 08:07 9449264    /home/rohit/Desktop/android-studio/gradle/m2repository/com/android/tools/jill/jill-api/0.9.0/jill-api-0.9.0.jar
62302000-62304000 r--s 00002000 08:07 9449314    /home/rohit/Desktop/android-studio/gradle/m2repository/com/squareup/javawriter/2.5.0/javawriter-2.5.0.jar
62304000-62306000 r--s 00006000 08:07 9449455    /home/rohit/Desktop/android-studio/gradle/m2repository/org/ow2/asm/asm-tree/5.0.3/asm-tree-5.0.3.jar
62306000-62307000 r--s 00005000 08:07 9448652    /home/rohit/Desktop/android-studio/gradle/m2repository/com/android/tools/build/builder-model/1.3.0/builder-model-1.3.0.jar
62307000-6233a000 r--s 00203000 08:07 9449437    /home/rohit/Desktop/android-studio/gradle/m2repository/org/bouncycastle/bcprov-jdk15on/1.48/bcprov-jdk15on-1.48.jar
6233a000-6233c000 r--s 00015000 08:07 9448635    /home/rohit/Desktop/android-studio/gradle/m2repository/com/android/tools/common/24.3.0/common-24.3.0.jar
6233c000-62343000 r--s 00068000 08:07 9448624    /home/rohit/Desktop/android-studio/gradle/m2repository/com/android/tools/sdk-common/24.3.0/sdk-common-24.3.0.jar
62343000-62344000 r--s 00002000 08:07 9449280    /home/rohit/Desktop/android-studio/gradle/m2repository/net/sf/proguard/proguard-gradle/5.2.1/proguard-gradle-5.2.1.jar
62344000-623bc000 r--s 010c6000 08:01 9447917    /usr/lib/jvm/jdk1.8.0_05/lib/tools.jar
623bc000-623bf000 ---p 00000000 00:00 0 
623bf000-6240d000 rw-p 00000000 00:00 0 
6240d000-62410000 ---p 00000000 00:00 0 
62410000-6245e000 rw-p 00000000 00:00 0          [stack:6889]
6245e000-62461000 ---p 00000000 00:00 0 
62461000-624af000 rw-p 00000000 00:00 0          [stack:6888]
624af000-624b2000 ---p 00000000 00:00 0 
624b2000-62600000 rw-p 00000000 00:00 0          [stack:6890]
62600000-6266b000 rw-p 00000000 00:00 0 
6266b000-62700000 ---p 00000000 00:00 0 
62700000-62800000 rw-p 00000000 00:00 0 
62800000-628fb000 rw-p 00000000 00:00 0 
628fb000-62900000 ---p 00000000 00:00 0 
62900000-62903000 r--s 00020000 08:07 9446821    /home/rohit/Desktop/android-studio/gradle/m2repository/com/android/tools/lint/lint/24.3.0/lint-24.3.0.jar
62903000-62909000 r--s 0003f000 08:07 9448646    /home/rohit/Desktop/android-studio/gradle/m2repository/com/android/tools/build/builder/1.3.0/builder-1.3.0.jar
62909000-6291e000 r--s 00148000 08:07 9448672    /home/rohit/Desktop/android-studio/gradle/m2repository/com/android/tools/build/gradle-core/1.3.0/gradle-core-1.3.0.jar
6291e000-62921000 ---p 00000000 00:00 0 
62921000-62937000 rw-p 00000000 00:00 0 
62937000-6293e000 r--s 00000000 08:01 9178848    /usr/lib/i386-linux-gnu/gconv/gconv-modules.cache
6293e000-62941000 ---p 00000000 00:00 0 
62941000-6298f000 rw-p 00000000 00:00 0          [stack:6887]
6298f000-62992000 ---p 00000000 00:00 0 
62992000-629e0000 rw-p 00000000 00:00 0          [stack:3114]
629e0000-629ef000 r--s 00081000 08:07 9984997    /home/rohit/.gradle/wrapper/dists/gradle-2.4-all/6r4uqcc6ovnq6ac6s0txzcpc0/gradle-2.4/lib/plugins/joda-time-2.7.jar
629ef000-62a00000 r--s 000cf000 08:07 9984996    /home/rohit/.gradle/wrapper/dists/gradle-2.4-all/6r4uqcc6ovnq6ac6s0txzcpc0/gradle-2.4/lib/plugins/jackson-databind-2.3.2.jar
62a00000-62aff000 rw-p 00000000 00:00 0 
62aff000-62b00000 ---p 00000000 00:00 0 
62b00000-62b02000 r--s 00012000 08:07 9448667    /home/rohit/Desktop/android-studio/gradle/m2repository/com/android/tools/build/gradle/1.3.0/gradle-1.3.0.jar
62b02000-62b03000 r--p 00000000 00:00 0 
62b03000-62b08000 r--s 00092000 08:01 10244906   /usr/lib/jvm/jdk1.8.0_05/jre/lib/jsse.jar
62b08000-62b09000 r--s 00002000 08:07 9984952    /home/rohit/.gradle/wrapper/dists/gradle-2.4-all/6r4uqcc6ovnq6ac6s0txzcpc0/gradle-2.4/lib/plugins/gradle-tooling-api-builders-2.4.jar
62b09000-62b0b000 r--s 00007000 08:07 9984995    /home/rohit/.gradle/wrapper/dists/gradle-2.4-all/6r4uqcc6ovnq6ac6s0txzcpc0/gradle-2.4/lib/plugins/jackson-annotations-2.3.2.jar
62b0b000-62b0e000 r--s 0002e000 08:07 9984994    /home/rohit/.gradle/wrapper/dists/gradle-2.4-all/6r4uqcc6ovnq6ac6s0txzcpc0/gradle-2.4/lib/plugins/jackson-core-2.3.2.jar
62b0e000-62b19000 r--s 0006b000 08:07 9984993    /home/rohit/.gradle/wrapper/dists/gradle-2.4-all/6r4uqcc6ovnq6ac6s0txzcpc0/gradle-2.4/lib/plugins/aws-java-sdk-core-1.9.19.jar
62b19000-62b1f000 r--s 00036000 08:07 9984992    /home/rohit/.gradle/wrapper/dists/gradle-2.4-all/6r4uqcc6ovnq6ac6s0txzcpc0/gradle-2.4/lib/plugins/aws-java-sdk-kms-1.9.19.jar
62b1f000-62b2a000 r--s 00079000 08:07 9984991    /home/rohit/.gradle/wrapper/dists/gradle-2.4-all/6r4uqcc6ovnq6ac6s0txzcpc0/gradle-2.4/lib/plugins/aws-java-sdk-s3-1.9.19.jar
62b2a000-62b2b000 r--s 00003000 08:07 9984951    /home/rohit/.gradle/wrapper/dists/gradle-2.4-all/6r4uqcc6ovnq6ac6s0txzcpc0/gradle-2.4/lib/plugins/gradle-resources-s3-2.4.jar
62b2b000-62b2d000 r--s 00003000 08:07 9984950    /home/rohit/.gradle/wrapper/dists/gradle-2.4-all/6r4uqcc6ovnq6ac6s0txzcpc0/gradle-2.4/lib/plugins/gradle-resources-sftp-2.4.jar
62b2d000-62b2e000 r--s 00001000 08:07 9984947    /home/rohit/.gradle/wrapper/dists/gradle-2.4-all/6r4uqcc6ovnq6ac6s0txzcpc0/gradle-2.4/lib/plugins/gradle-plugin-development-2.4.jar
62b2e000-62b2f000 r--s 00005000 08:07 9984946    /home/rohit/.gradle/wrapper/dists/gradle-2.4-all/6r4uqcc6ovnq6ac6s0txzcpc0/gradle-2.4/lib/plugins/gradle-testing-native-2.4.jar
62b2f000-62b34000 r--s 00036000 08:07 9984945    /home/rohit/.gradle/wrapper/dists/gradle-2.4-all/6r4uqcc6ovnq6ac6s0txzcpc0/gradle-2.4/lib/plugins/gradle-ide-native-2.4.jar
62b34000-62b39000 r--s 0001a000 08:07 9984944    /home/rohit/.gradle/wrapper/dists/gradle-2.4-all/6r4uqcc6ovnq6ac6s0txzcpc0/gradle-2.4/lib/plugins/gradle-language-native-2.4.jar
62b39000-62b3e000 r--s 00022000 08:07 9984943    /home/rohit/.gradle/wrapper/dists/gradle-2.4-all/6r4uqcc6ovnq6ac6s0txzcpc0/gradle-2.4/lib/plugins/gradle-platform-play-2.4.jar
62b3e000-62b4b000 r--s 00057000 08:07 9984942    /home/rohit/.gradle/wrapper/dists/gradle-2.4-all/6r4uqcc6ovnq6ac6s0txzcpc0/gradle-2.4/lib/plugins/gradle-platform-native-2.4.jar
62b4b000-62b4e000 r--s 00008000 08:07 9984941    /home/rohit/.gradle/wrapper/dists/gradle-2.4-all/6r4uqcc6ovnq6ac6s0txzcpc0/gradle-2.4/lib/plugins/gradle-language-scala-2.4.jar
62b4e000-62b50000 r--s 00009000 08:07 9984940    /home/rohit/.gradle/wrapper/dists/gradle-2.4-all/6r4uqcc6ovnq6ac6s0txzcpc0/gradle-2.4/lib/plugins/gradle-language-groovy-2.4.jar
62b50000-62b56000 r--s 00023000 08:07 9984939    /home/rohit/.gradle/wrapper/dists/gradle-2.4-all/6r4uqcc6ovnq6ac6s0txzcpc0/gradle-2.4/lib/plugins/gradle-language-java-2.4.jar
62b56000-62b58000 r--s 00008000 08:07 9984938    /home/rohit/.gradle/wrapper/dists/gradle-2.4-all/6r4uqcc6ovnq6ac6s0txzcpc0/gradle-2.4/lib/plugins/gradle-language-jvm-2.4.jar
62b58000-62b5a000 r--s 00009000 08:07 9984937    /home/rohit/.gradle/wrapper/dists/gradle-2.4-all/6r4uqcc6ovnq6ac6s0txzcpc0/gradle-2.4/lib/plugins/gradle-platform-jvm-2.4.jar
62b5a000-62b61000 r--s 00020000 08:07 9984936    /home/rohit/.gradle/wrapper/dists/gradle-2.4-all/6r4uqcc6ovnq6ac6s0txzcpc0/gradle-2.4/lib/plugins/gradle-platform-base-2.4.jar
62b61000-62b65000 r--s 00025000 08:07 9984935    /home/rohit/.gradle/wrapper/dists/gradle-2.4-all/6r4uqcc6ovnq6ac6s0txzcpc0/gradle-2.4/lib/plugins/gradle-build-init-2.4.jar
62b65000-62b68000 r--s 0001c000 08:07 9984934    /home/rohit/.gradle/wrapper/dists/gradle-2.4-all/6r4uqcc6ovnq6ac6s0txzcpc0/gradle-2.4/lib/plugins/gradle-jacoco-2.4.jar
62b68000-62b6b000 r--s 0000e000 08:07 9984933    /home/rohit/.gradle/wrapper/dists/gradle-2.4-all/6r4uqcc6ovnq6ac6s0txzcpc0/gradle-2.4/lib/plugins/gradle-ivy-2.4.jar
62b6b000-62b6d000 r--s 00002000 08:07 9984932    /home/rohit/.gradle/wrapper/dists/gradle-2.4-all/6r4uqcc6ovnq6ac6s0txzcpc0/gradle-2.4/lib/plugins/gradle-publish-2.4.jar
62b6d000-62b6f000 r--s 00005000 08:07 9984987    /home/rohit/.gradle/wrapper/dists/gradle-2.4-all/6r4uqcc6ovnq6ac6s0txzcpc0/gradle-2.4/lib/plugins/jatl-0.2.2.jar
62b6f000-62b71000 r--s 0000f000 08:07 9984931    /home/rohit/.gradle/wrapper/dists/gradle-2.4-all/6r4uqcc6ovnq6ac6s0txzcpc0/gradle-2.4/lib/plugins/gradle-reporting-2.4.jar
62b71000-62b76000 r--s 00036000 08:07 9984930    /home/rohit/.gradle/wrapper/dists/gradle-2.4-all/6r4uqcc6ovnq6ac6s0txzcpc0/gradle-2.4/lib/plugins/gradle-diagnostics-2.4.jar
62b76000-62b7d000 r--s 00094000 08:07 9984929    /home/rohit/.gradle/wrapper/dists/gradle-2.4-all/6r4uqcc6ovnq6ac6s0txzcpc0/gradle-2.4/lib/plugins/gradle-build-comparison-2.4.jar
62b7d000-62b84000 r--s 00035000 08:07 9984986    /home/rohit/.gradle/wrapper/dists/gradle-2.4-all/6r4uqcc6ovnq6ac6s0txzcpc0/gradle-2.4/lib/plugins/simple-4.1.21.jar
62b84000-62b90000 r--s 00100000 08:07 9984984    /home/rohit/.gradle/wrapper/dists/gradle-2.4-all/6r4uqcc6ovnq6ac6s0txzcpc0/gradle-2.4/lib/plugins/rhino-1.7R3.jar
62b90000-62b95000 r--s 0001f000 08:07 9984928    /home/rohit/.gradle/wrapper/dists/gradle-2.4-all/6r4uqcc6ovnq6ac6s0txzcpc0/gradle-2.4/lib/plugins/gradle-javascript-2.4.jar
62b95000-62b97000 r--s 0000e000 08:07 9984927    /home/rohit/.gradle/wrapper/dists/gradle-2.4-all/6r4uqcc6ovnq6ac6s0txzcpc0/gradle-2.4/lib/plugins/gradle-ear-2.4.jar
62b97000-62b9e000 r--s 00038000 08:07 9984983    /home/rohit/.gradle/wrapper/dists/gradle-2.4-all/6r4uqcc6ovnq6ac6s0txzcpc0/gradle-2.4/lib/plugins/bcpg-jdk15on-1.51.jar
62b9e000-62ba1000 r--s 0001d000 08:07 9984926    /home/rohit/.gradle/wrapper/dists/gradle-2.4-all/6r4uqcc6ovnq6ac6s0txzcpc0/gradle-2.4/lib/plugins/gradle-signing-2.4.jar
62ba1000-62ba2000 r--s 00002000 08:07 9984982    /home/rohit/.gradle/wrapper/dists/gradle-2.4-all/6r4uqcc6ovnq6ac6s0txzcpc0/gradle-2.4/lib/plugins/sonar-batch-bootstrapper-2.9.jar
62ba2000-62ba5000 r--s 00019000 08:07 9984925    /home/rohit/.gradle/wrapper/dists/gradle-2.4-all/6r4uqcc6ovnq6ac6s0txzcpc0/gradle-2.4/lib/plugins/gradle-sonar-2.4.jar
62ba5000-62ba7000 r--s 00013000 08:07 9984924    /home/rohit/.gradle/wrapper/dists/gradle-2.4-all/6r4uqcc6ovnq6ac6s0txzcpc0/gradle-2.4/lib/plugins/gradle-scala-2.4.jar
62ba7000-62ba8000 r--s 0000e000 08:07 9984923    /home/rohit/.gradle/wrapper/dists/gradle-2.4-all/6r4uqcc6ovnq6ac6s0txzcpc0/gradle-2.4/lib/plugins/gradle-announce-2.4.jar
62ba8000-62bb5000 r--s 000b9000 08:07 9984922    /home/rohit/.gradle/wrapper/dists/gradle-2.4-all/6r4uqcc6ovnq6ac6s0txzcpc0/gradle-2.4/lib/plugins/gradle-ide-2.4.jar
62bb5000-62bb7000 r--s 00000000 08:07 9984981    /home/rohit/.gradle/wrapper/dists/gradle-2.4-all/6r4uqcc6ovnq6ac6s0txzcpc0/gradle-2.4/lib/plugins/plexus-component-annotations-1.5.2.jar
62bb7000-62bba000 r--s 0000c000 08:07 9984980    /home/rohit/.gradle/wrapper/dists/gradle-2.4-all/6r4uqcc6ovnq6ac6s0txzcpc0/gradle-2.4/lib/plugins/pmaven-groovy-0.8-20100325.jar
62bba000-62bbb000 r--s 00004000 08:07 9984979    /home/rohit/.gradle/wrapper/dists/gradle-2.4-all/6r4uqcc6ovnq6ac6s0txzcpc0/gradle-2.4/lib/plugins/pmaven-common-0.8-20100325.jar
62bbb000-62bbd000 r--s 0000b000 08:07 9984978    /home/rohit/.gradle/wrapper/dists/gradle-2.4-all/6r4uqcc6ovnq6ac6s0txzcpc0/gradle-2.4/lib/plugins/wagon-provider-api-1.0-beta-6.jar
62bbd000-62bbe000 r--s 00003000 08:07 9984977    /home/rohit/.gradle/wrapper/dists/gradle-2.4-all/6r4uqcc6ovnq6ac6s0txzcpc0/gradle-2.4/lib/plugins/wagon-http-lightweight-1.0-beta-6.jar
62bbe000-62bbf000 r--s 00002000 08:07 9984976    /home/rohit/.gradle/wrapper/dists/gradle-2.4-all/6r4uqcc6ovnq6ac6s0txzcpc0/gradle-2.4/lib/plugins/wagon-file-1.0-beta-6.jar
62bbf000-62bc0000 r--s 0000b000 08:07 9984975    /home/rohit/.gradle/wrapper/dists/gradle-2.4-all/6r4uqcc6ovnq6ac6s0txzcpc0/gradle-2.4/lib/plugins/maven-settings-2.2.1.jar
62bc0000-62bc2000 r--s 00002000 08:07 9984974    /home/rohit/.gradle/wrapper/dists/gradle-2.4-all/6r4uqcc6ovnq6ac6s0txzcpc0/gradle-2.4/lib/plugins/maven-error-diagnostics-2.2.1.jar
62bc2000-62bc6000 r--s 00023000 08:07 9984973    /home/rohit/.gradle/wrapper/dists/gradle-2.4-all/6r4uqcc6ovnq6ac6s0txzcpc0/gradle-2.4/lib/plugins/maven-project-2.2.1.jar
62bc6000-62bc8000 r--s 00014000 08:07 9984972    /home/rohit/.gradle/wrapper/dists/gradle-2.4-all/6r4uqcc6ovnq6ac6s0txzcpc0/gradle-2.4/lib/plugins/maven-model-2.2.1.jar
62bc8000-62bca000 r--s 00005000 08:07 9984971    /home/rohit/.gradle/wrapper/dists/gradle-2.4-all/6r4uqcc6ovnq6ac6s0txzcpc0/gradle-2.4/lib/plugins/maven-repository-metadata-2.2.1.jar
62bca000-62bcc000 r--s 0000f000 08:07 9984970    /home/rohit/.gradle/wrapper/dists/gradle-2.4-all/6r4uqcc6ovnq6ac6s0txzcpc0/gradle-2.4/lib/plugins/maven-artifact-manager-2.2.1.jar
62bcc000-62bcf000 r--s 00011000 08:07 9984969    /home/rohit/.gradle/wrapper/dists/gradle-2.4-all/6r4uqcc6ovnq6ac6s0txzcpc0/gradle-2.4/lib/plugins/maven-artifact-2.2.1.jar
62bcf000-62bd1000 r--s 0000b000 08:07 9984968    /home/rohit/.gradle/wrapper/dists/gradle-2.4-all/6r4uqcc6ovnq6ac6s0txzcpc0/gradle-2.4/lib/plugins/plexus-interpolation-1.11.jar
62bd1000-62bd5000 r--s 00034000 08:07 9984967    /home/rohit/.gradle/wrapper/dists/gradle-2.4-all/6r4uqcc6ovnq6ac6s0txzcpc0/gradle-2.4/lib/plugins/plexus-utils-1.5.15.jar
62bd5000-62bdc000 r--s 00029000 08:07 9984966    /home/rohit/.gradle/wrapper/dists/gradle-2.4-all/6r4uqcc6ovnq6ac6s0txzcpc0/gradle-2.4/lib/plugins/plexus-container-default-1.0-alpha-9-stable-1.jar
62bdc000-62bde000 r--s 00008000 08:07 9984965    /home/rohit/.gradle/wrapper/dists/gradle-2.4-all/6r4uqcc6ovnq6ac6s0txzcpc0/gradle-2.4/lib/plugins/classworlds-1.1-alpha-2.jar
62bde000-62be3000 r--s 00023000 08:07 9984921    /home/rohit/.gradle/wrapper/dists/gradle-2.4-all/6r4uqcc6ovnq6ac6s0txzcpc0/gradle-2.4/lib/plugins/gradle-maven-2.4.jar
62be3000-62bfb000 r--s 0013b000 08:07 9984964    /home/rohit/.gradle/wrapper/dists/gradle-2.4-all/6r4uqcc6ovnq6ac6s0txzcpc0/gradle-2.4/lib/plugins/bndlib-2.1.0.jar
62bfb000-62bfd000 r--s 00004000 08:07 9984920    /home/rohit/.gradle/wrapper/dists/gradle-2.4-all/6r4uqcc6ovnq6ac6s0txzcpc0/gradle-2.4/lib/plugins/gradle-osgi-2.4.jar
62bfd000-62c00000 r--s 0001e000 08:07 9985006    /home/rohit/.gradle/wrapper/dists/gradle-2.4-all/6r4uqcc6ovnq6ac6s0txzcpc0/gradle-2.4/lib/plugins/jsp-api-2.1-6.1.14.jar
62c00000-62cf9000 rw-p 00000000 00:00 0 
62cf9000-62d00000 ---p 00000000 00:00 0 
62d00000-62d02000 r--s 00007000 08:07 9984919    /home/rohit/.gradle/wrapper/dists/gradle-2.4-all/6r4uqcc6ovnq6ac6s0txzcpc0/gradle-2.4/lib/plugins/gradle-antlr-2.4.jar
62d02000-62d25000 r--s 00344000 08:07 9985005    /home/rohit/.gradle/wrapper/dists/gradle-2.4-all/6r4uqcc6ovnq6ac6s0txzcpc0/gradle-2.4/lib/plugins/core-3.1.1.jar
62d25000-62d26000 r--s 00006000 08:07 9985004    /home/rohit/.gradle/wrapper/dists/gradle-2.4-all/6r4uqcc6ovnq6ac6s0txzcpc0/gradle-2.4/lib/plugins/jetty-naming-6.1.25.jar
62d26000-62d28000 r--s 00002000 08:07 9984962    /home/rohit/.gradle/wrapper/dists/gradle-2.4-all/6r4uqcc6ovnq6ac6s0txzcpc0/gradle-2.4/lib/plugins/jetty-annotations-6.1.25.jar
62d28000-62d39000 r--s 000ea000 08:07 9984961    /home/rohit/.gradle/wrapper/dists/gradle-2.4-all/6r4uqcc6ovnq6ac6s0txzcpc0/gradle-2.4/lib/plugins/jsp-2.1-6.1.14.jar
62d39000-62d3b000 r--s 0000d000 08:07 9984960    /home/rohit/.gradle/wrapper/dists/gradle-2.4-all/6r4uqcc6ovnq6ac6s0txzcpc0/gradle-2.4/lib/plugins/jetty-plus-6.1.25.jar
62d3b000-62d3d000 r--s 0001f000 08:07 9984959    /home/rohit/.gradle/wrapper/dists/gradle-2.4-all/6r4uqcc6ovnq6ac6s0txzcpc0/gradle-2.4/lib/plugins/servlet-api-2.5-20081211.jar
62d3d000-62d41000 r--s 00028000 08:07 9984958    /home/rohit/.gradle/wrapper/dists/gradle-2.4-all/6r4uqcc6ovnq6ac6s0txzcpc0/gradle-2.4/lib/plugins/jetty-util-6.1.25.jar
62d41000-62d48000 r--s 0007d000 08:07 9984957    /home/rohit/.gradle/wrapper/dists/gradle-2.4-all/6r4uqcc6ovnq6ac6s0txzcpc0/gradle-2.4/lib/plugins/jetty-6.1.25.jar
62d48000-62d4a000 r--s 00009000 08:07 9984918    /home/rohit/.gradle/wrapper/dists/gradle-2.4-all/6r4uqcc6ovnq6ac6s0txzcpc0/gradle-2.4/lib/plugins/gradle-jetty-2.4.jar
62d4a000-62d50000 r--s 00041000 08:07 9984917    /home/rohit/.gradle/wrapper/dists/gradle-2.4-all/6r4uqcc6ovnq6ac6s0txzcpc0/gradle-2.4/lib/plugins/gradle-code-quality-2.4.jar
62d50000-62d52000 r--s 00009000 08:07 9985012    /home/rohit/.gradle/wrapper/dists/gradle-2.4-all/6r4uqcc6ovnq6ac6s0txzcpc0/gradle-2.4/lib/plugins/hamcrest-core-1.3.jar
62d52000-62d58000 r--s 00033000 08:07 9985003    /home/rohit/.gradle/wrapper/dists/gradle-2.4-all/6r4uqcc6ovnq6ac6s0txzcpc0/gradle-2.4/lib/plugins/snakeyaml-1.6.jar
62d58000-62d5a000 r--s 00006000 08:07 9985002    /home/rohit/.gradle/wrapper/dists/gradle-2.4-all/6r4uqcc6ovnq6ac6s0txzcpc0/gradle-2.4/lib/plugins/jcommander-1.12.jar
62d5a000-62d5f000 r--s 00040000 08:07 9985001    /home/rohit/.gradle/wrapper/dists/gradle-2.4-all/6r4uqcc6ovnq6ac6s0txzcpc0/gradle-2.4/lib/plugins/bsh-2.0b4.jar
62d5f000-62d61000 r--s 00009000 08:07 9984956    /home/rohit/.gradle/wrapper/dists/gradle-2.4-all/6r4uqcc6ovnq6ac6s0txzcpc0/gradle-2.4/lib/plugins/commons-cli-1.2.jar
62d61000-62d6a000 r--s 00089000 08:07 9984955    /home/rohit/.gradle/wrapper/dists/gradle-2.4-all/6r4uqcc6ovnq6ac6s0txzcpc0/gradle-2.4/lib/plugins/testng-6.3.1.jar
62d6a000-62d72000 r--s 00045000 08:07 9984954    /home/rohit/.gradle/wrapper/dists/gradle-2.4-all/6r4uqcc6ovnq6ac6s0txzcpc0/gradle-2.4/lib/plugins/junit-4.12.jar
62d72000-62d7f000 r--s 0007a000 08:07 9984916    /home/rohit/.gradle/wrapper/dists/gradle-2.4-all/6r4uqcc6ovnq6ac6s0txzcpc0/gradle-2.4/lib/plugins/gradle-plugins-2.4.jar
62d7f000-62d97000 r--s 00115000 08:07 9985010    /home/rohit/.gradle/wrapper/dists/gradle-2.4-all/6r4uqcc6ovnq6ac6s0txzcpc0/gradle-2.4/lib/plugins/xercesImpl-2.9.1.jar
62d97000-62d9f000 r--s 00028000 08:07 9985011    /home/rohit/.gradle/wrapper/dists/gradle-2.4-all/6r4uqcc6ovnq6ac6s0txzcpc0/gradle-2.4/lib/plugins/xml-apis-1.3.04.jar
62d9f000-62da5000 r--s 0005b000 08:07 9985009    /home/rohit/.gradle/wrapper/dists/gradle-2.4-all/6r4uqcc6ovnq6ac6s0txzcpc0/gradle-2.4/lib/plugins/jcifs-1.3.17.jar
62da5000-62dab000 r--s 00031000 08:07 9985008    /home/rohit/.gradle/wrapper/dists/gradle-2.4-all/6r4uqcc6ovnq6ac6s0txzcpc0/gradle-2.4/lib/plugins/httpcore-4.2.2.jar
62dab000-62db1000 r--s 00033000 08:07 9985007    /home/rohit/.gradle/wrapper/dists/gradle-2.4-all/6r4uqcc6ovnq6ac6s0txzcpc0/gradle-2.4/lib/plugins/commons-codec-1.6.jar
62db1000-62db4000 r--s 0001c000 08:07 9984989    /home/rohit/.gradle/wrapper/dists/gradle-2.4-all/6r4uqcc6ovnq6ac6s0txzcpc0/gradle-2.4/lib/plugins/nekohtml-1.9.14.jar
62db4000-62dbd000 r--s 00060000 08:07 9984988    /home/rohit/.gradle/wrapper/dists/gradle-2.4-all/6r4uqcc6ovnq6ac6s0txzcpc0/gradle-2.4/lib/plugins/httpclient-4.2.2.jar
62dbd000-62dc0000 r--s 00010000 08:07 9984948    /home/rohit/.gradle/wrapper/dists/gradle-2.4-all/6r4uqcc6ovnq6ac6s0txzcpc0/gradle-2.4/lib/plugins/gradle-plugin-use-2.4.jar
62dc0000-62e00000 r--s 00277000 08:07 9985000    /home/rohit/.gradle/wrapper/dists/gradle-2.4-all/6r4uqcc6ovnq6ac6s0txzcpc0/gradle-2.4/lib/plugins/bcprov-jdk15on-1.51.jar
62e00000-62f00000 rw-p 00000000 00:00 0 
62f00000-62f01000 r--s 00002000 08:07 9984963    /home/rohit/.gradle/wrapper/dists/gradle-2.4-all/6r4uqcc6ovnq6ac6s0txzcpc0/gradle-2.4/lib/plugins/geronimo-annotation_1.0_spec-1.0.jar
62f01000-62f05000 r--s 0003d000 08:07 9984990    /home/rohit/.gradle/wrapper/dists/gradle-2.4-all/6r4uqcc6ovnq6ac6s0txzcpc0/gradle-2.4/lib/plugins/jsch-0.1.51.jar
62f05000-62f09000 r--s 0001d000 08:07 9984999    /home/rohit/.gradle/wrapper/dists/gradle-2.4-all/6r4uqcc6ovnq6ac6s0txzcpc0/gradle-2.4/lib/plugins/xbean-reflect-3.4.jar
62f09000-62f18000 r--s 000d9000 08:07 9984998    /home/rohit/.gradle/wrapper/dists/gradle-2.4-all/6r4uqcc6ovnq6ac6s0txzcpc0/gradle-2.4/lib/plugins/ivy-2.2.0.jar
62f18000-62ff4000 r-xp 00000000 08:01 9179281    /usr/lib/i386-linux-gnu/libstdc++.so.6.0.19
62ff4000-62ff8000 r--p 000dc000 08:01 9179281    /usr/lib/i386-linux-gnu/libstdc++.so.6.0.19
62ff8000-62ff9000 rw-p 000e0000 08:01 9179281    /usr/lib/i386-linux-gnu/libstdc++.so.6.0.19
62ff9000-63000000 rw-p 00000000 00:00 0 
63000000-630ff000 rw-p 00000000 00:00 0 
630ff000-63100000 ---p 00000000 00:00 0 
63100000-631f0000 rw-p 00000000 00:00 0 
631f0000-63200000 ---p 00000000 00:00 0 
63200000-63202000 r--s 00007000 08:07 9984949    /home/rohit/.gradle/wrapper/dists/gradle-2.4-all/6r4uqcc6ovnq6ac6s0txzcpc0/gradle-2.4/lib/plugins/gradle-resources-http-2.4.jar
63202000-63207000 r--s 0002a000 08:07 9984985    /home/rohit/.gradle/wrapper/dists/gradle-2.4-all/6r4uqcc6ovnq6ac6s0txzcpc0/gradle-2.4/lib/plugins/gson-2.2.4.jar
63207000-6320b000 r--s 0001e000 08:07 9984915    /home/rohit/.gradle/wrapper/dists/gradle-2.4-all/6r4uqcc6ovnq6ac6s0txzcpc0/gradle-2.4/lib/plugins/jarjar-aether-impl-1.13.1.jar
6320b000-6320e000 r--s 00027000 08:07 9984914    /home/rohit/.gradle/wrapper/dists/gradle-2.4-all/6r4uqcc6ovnq6ac6s0txzcpc0/gradle-2.4/lib/plugins/jarjar-maven-model-3.0.4.jar
6320e000-63211000 r--s 0000b000 08:07 9984913    /home/rohit/.gradle/wrapper/dists/gradle-2.4-all/6r4uqcc6ovnq6ac6s0txzcpc0/gradle-2.4/lib/plugins/jarjar-maven-artifact-3.0.4.jar
63211000-63215000 r--s 0001e000 08:07 9984912    /home/rohit/.gradle/wrapper/dists/gradle-2.4-all/6r4uqcc6ovnq6ac6s0txzcpc0/gradle-2.4/lib/plugins/jarjar-aether-util-1.13.1.jar
63215000-63217000 r--s 00007000 08:07 9984911    /home/rohit/.gradle/wrapper/dists/gradle-2.4-all/6r4uqcc6ovnq6ac6s0txzcpc0/gradle-2.4/lib/plugins/jarjar-wagon-http-shared4-2.4.jar
63217000-63224000 r--s 00083000 08:07 9984910    /home/rohit/.gradle/wrapper/dists/gradle-2.4-all/6r4uqcc6ovnq6ac6s0txzcpc0/gradle-2.4/lib/plugins/jarjar-maven-core-3.0.4.jar
63224000-63226000 r--s 00003000 08:07 9984909    /home/rohit/.gradle/wrapper/dists/gradle-2.4-all/6r4uqcc6ovnq6ac6s0txzcpc0/gradle-2.4/lib/plugins/jarjar-aether-spi-1.13.1.jar
63226000-63228000 r--s 00009000 08:07 9984908    /home/rohit/.gradle/wrapper/dists/gradle-2.4-all/6r4uqcc6ovnq6ac6s0txzcpc0/gradle-2.4/lib/plugins/jarjar-maven-settings-builder-3.0.4.jar
63228000-6322c000 r--s 00014000 08:07 9984907    /home/rohit/.gradle/wrapper/dists/gradle-2.4-all/6r4uqcc6ovnq6ac6s0txzcpc0/gradle-2.4/lib/plugins/jarjar-aether-api-1.13.1.jar
6322c000-6322d000 r--s 00002000 08:07 9984906    /home/rohit/.gradle/wrapper/dists/gradle-2.4-all/6r4uqcc6ovnq6ac6s0txzcpc0/gradle-2.4/lib/plugins/jarjar-wagon-http-2.4.jar
6322d000-63234000 r--s 00042000 08:07 9984905    /home/rohit/.gradle/wrapper/dists/gradle-2.4-all/6r4uqcc6ovnq6ac6s0txzcpc0/gradle-2.4/lib/plugins/jarjar-maven-compat-3.0.4.jar
63234000-63236000 r--s 00006000 08:07 9984904    /home/rohit/.gradle/wrapper/dists/gradle-2.4-all/6r4uqcc6ovnq6ac6s0txzcpc0/gradle-2.4/lib/plugins/jarjar-aether-connector-wagon-1.13.1.jar
63236000-63238000 r--s 00000000 08:07 9984903    /home/rohit/.gradle/wrapper/dists/gradle-2.4-all/6r4uqcc6ovnq6ac6s0txzcpc0/gradle-2.4/lib/plugins/jarjar-plexus-component-annotations-1.5.5.jar
63238000-6323a000 r--s 00006000 08:07 9984902    /home/rohit/.gradle/wrapper/dists/gradle-2.4-all/6r4uqcc6ovnq6ac6s0txzcpc0/gradle-2.4/lib/plugins/jarjar-plexus-sec-dispatcher-1.3.jar
6323a000-6323f000 r--s 00022000 08:07 9984901    /home/rohit/.gradle/wrapper/dists/gradle-2.4-all/6r4uqcc6ovnq6ac6s0txzcpc0/gradle-2.4/lib/plugins/jarjar-maven-model-builder-3.0.4.jar
6323f000-63259000 r--s 000c0000 08:07 9984953    /home/rohit/.gradle/wrapper/dists/gradle-2.4-all/6r4uqcc6ovnq6ac6s0txzcpc0/gradle-2.4/lib/plugins/gradle-dependency-management-2.4.jar
63259000-63275000 r-xp 00000000 08:01 4457437    /lib/i386-linux-gnu/libgcc_s.so.1
63275000-63276000 rw-p 0001b000 08:01 4457437    /lib/i386-linux-gnu/libgcc_s.so.1
63276000-63278000 r--s 0000b000 08:07 9984900    /home/rohit/.gradle/wrapper/dists/gradle-2.4-all/6r4uqcc6ovnq6ac6s0txzcpc0/gradle-2.4/lib/plugins/jarjar-maven-plugin-api-3.0.4.jar
63278000-6327b000 r--s 0000a000 08:07 9984899    /home/rohit/.gradle/wrapper/dists/gradle-2.4-all/6r4uqcc6ovnq6ac6s0txzcpc0/gradle-2.4/lib/plugins/jarjar-plexus-classworlds-2.4.jar
6327b000-6327f000 r--s 00035000 08:07 9984898    /home/rohit/.gradle/wrapper/dists/gradle-2.4-all/6r4uqcc6ovnq6ac6s0txzcpc0/gradle-2.4/lib/plugins/jarjar-plexus-utils-2.0.6.jar
6327f000-63281000 r--s 0000e000 08:07 9984897    /home/rohit/.gradle/wrapper/dists/gradle-2.4-all/6r4uqcc6ovnq6ac6s0txzcpc0/gradle-2.4/lib/plugins/jarjar-plexus-interpolation-1.14.jar
63281000-63283000 r--s 00002000 08:07 9984896    /home/rohit/.gradle/wrapper/dists/gradle-2.4-all/6r4uqcc6ovnq6ac6s0txzcpc0/gradle-2.4/lib/plugins/jarjar-plexus-cipher-1.7.jar
63283000-63285000 r--s 0000c000 08:07 9984895    /home/rohit/.gradle/wrapper/dists/gradle-2.4-all/6r4uqcc6ovnq6ac6s0txzcpc0/gradle-2.4/lib/plugins/jarjar-wagon-provider-api-2.4.jar
63285000-63287000 r--s 0000d000 08:07 9984894    /home/rohit/.gradle/wrapper/dists/gradle-2.4-all/6r4uqcc6ovnq6ac6s0txzcpc0/gradle-2.4/lib/plugins/jarjar-maven-aether-provider-3.0.4.jar
63287000-6328f000 r--s 00031000 08:07 9984893    /home/rohit/.gradle/wrapper/dists/gradle-2.4-all/6r4uqcc6ovnq6ac6s0txzcpc0/gradle-2.4/lib/plugins/jarjar-plexus-container-default-1.5.5.jar
6328f000-63293000 r-xp 00000000 08:07 3553943    /home/rohit/.gradle/native/19/linux-i386/libnative-platform.so
63293000-63294000 rw-p 00003000 08:07 3553943    /home/rohit/.gradle/native/19/linux-i386/libnative-platform.so
63294000-63300000 r--s 00689000 08:07 9984854    /home/rohit/.gradle/wrapper/dists/gradle-2.4-all/6r4uqcc6ovnq6ac6s0txzcpc0/gradle-2.4/lib/groovy-all-2.3.10.jar
63300000-63400000 rw-p 00000000 00:00 0 
63400000-63401000 r--s 00007000 08:07 9984892    /home/rohit/.gradle/wrapper/dists/gradle-2.4-all/6r4uqcc6ovnq6ac6s0txzcpc0/gradle-2.4/lib/plugins/jarjar-maven-repository-metadata-3.0.4.jar
63401000-63410000 r-xp 00000000 08:01 10384861   /usr/lib/jvm/jdk1.8.0_05/jre/lib/i386/libnio.so
63410000-63411000 rw-p 0000e000 08:01 10384861   /usr/lib/jvm/jdk1.8.0_05/jre/lib/i386/libnio.so
63411000-63425000 r-xp 00000000 08:01 10384822   /usr/lib/jvm/jdk1.8.0_05/jre/lib/i386/libnet.so
63425000-63426000 rw-p 00014000 08:01 10384822   /usr/lib/jvm/jdk1.8.0_05/jre/lib/i386/libnet.so
63426000-6345a000 r--s 001a4000 08:07 9984846    /home/rohit/.gradle/wrapper/dists/gradle-2.4-all/6r4uqcc6ovnq6ac6s0txzcpc0/gradle-2.4/lib/gradle-core-2.4.jar
6345a000-6345b000 ---p 00000000 00:00 0 
6345b000-634db000 rw-p 00000000 00:00 0          [stack:3113]
634db000-634de000 ---p 00000000 00:00 0 
634de000-6352c000 rw-p 00000000 00:00 0          [stack:3112]
6352c000-6352f000 ---p 00000000 00:00 0 
6352f000-635ad000 rw-p 00000000 00:00 0          [stack:3111]
635ad000-635b0000 ---p 00000000 00:00 0 
635b0000-6362e000 rw-p 00000000 00:00 0          [stack:3110]
6362e000-63631000 ---p 00000000 00:00 0 
63631000-636af000 rw-p 00000000 00:00 0          [stack:3109]
636af000-636b2000 ---p 00000000 00:00 0 
636b2000-63700000 rw-p 00000000 00:00 0          [stack:3108]
63700000-63900000 r--p 00000000 08:01 9183415    /usr/lib/locale/locale-archive
63900000-639f0000 rw-p 00000000 00:00 0 
639f0000-63a00000 ---p 00000000 00:00 0 
63a00000-63afb000 rw-p 00000000 00:00 0 
63afb000-63b00000 ---p 00000000 00:00 0 
63b00000-63bfb000 rw-p 00000000 00:00 0 
63bfb000-63c00000 ---p 00000000 00:00 0 
63c00000-63c01000 r--s 0000b000 08:07 9984891    /home/rohit/.gradle/wrapper/dists/gradle-2.4-all/6r4uqcc6ovnq6ac6s0txzcpc0/gradle-2.4/lib/plugins/jarjar-maven-settings-3.0.4.jar
63c01000-63c03000 r--s 00005000 08:07 9984844    /home/rohit/.gradle/wrapper/dists/gradle-2.4-all/6r4uqcc6ovnq6ac6s0txzcpc0/gradle-2.4/lib/gradle-wrapper-2.4.jar
63c03000-63c0d000 r--s 00032000 08:07 9984849    /home/rohit/.gradle/wrapper/dists/gradle-2.4-all/6r4uqcc6ovnq6ac6s0txzcpc0/gradle-2.4/lib/gradle-tooling-api-2.4.jar
63c0d000-63c10000 ---p 00000000 00:00 0 
63c10000-63c5e000 rw-p 00000000 00:00 0          [stack:3107]
63c5e000-63c5f000 ---p 00000000 00:00 0 
63c5f000-63cdf000 rw-p 00000000 00:00 0          [stack:3105]
63cdf000-63eb4000 r--s 03c4d000 08:01 10244891   /usr/lib/jvm/jdk1.8.0_05/jre/lib/rt.jar
63eb4000-642fa000 rw-p 00000000 00:00 0 
642fa000-64300000 ---p 00000000 00:00 0 
64300000-66700000 rw-p 00000000 00:00 0 
66700000-66800000 rw-p 00000000 00:00 0 
66800000-66802000 r--s 00002000 08:07 9984871    /home/rohit/.gradle/wrapper/dists/gradle-2.4-all/6r4uqcc6ovnq6ac6s0txzcpc0/gradle-2.4/lib/gradle-open-api-2.4.jar
66802000-66808000 r--s 00032000 08:07 9984873    /home/rohit/.gradle/wrapper/dists/gradle-2.4-all/6r4uqcc6ovnq6ac6s0txzcpc0/gradle-2.4/lib/jaxen-1.1.jar
66808000-6680d000 r--s 00048000 08:07 9984872    /home/rohit/.gradle/wrapper/dists/gradle-2.4-all/6r4uqcc6ovnq6ac6s0txzcpc0/gradle-2.4/lib/dom4j-1.6.1.jar
6680d000-66818000 r--s 00059000 08:07 9984848    /home/rohit/.gradle/wrapper/dists/gradle-2.4-all/6r4uqcc6ovnq6ac6s0txzcpc0/gradle-2.4/lib/gradle-ui-2.4.jar
66818000-6681a000 r--s 00008000 08:07 9984867    /home/rohit/.gradle/wrapper/dists/gradle-2.4-all/6r4uqcc6ovnq6ac6s0txzcpc0/gradle-2.4/lib/gradle-resources-2.4.jar
6681a000-6681c000 r--s 00007000 08:07 9984889    /home/rohit/.gradle/wrapper/dists/gradle-2.4-all/6r4uqcc6ovnq6ac6s0txzcpc0/gradle-2.4/lib/objenesis-1.2.jar
6681c000-6681e000 r--s 00000000 08:07 9984888    /home/rohit/.gradle/wrapper/dists/gradle-2.4-all/6r4uqcc6ovnq6ac6s0txzcpc0/gradle-2.4/lib/minlog-1.2.jar
6681e000-66820000 r--s 0000f000 08:07 9984887    /home/rohit/.gradle/wrapper/dists/gradle-2.4-all/6r4uqcc6ovnq6ac6s0txzcpc0/gradle-2.4/lib/reflectasm-1.07-shaded.jar
66820000-66824000 r--s 00026000 08:07 9984878    /home/rohit/.gradle/wrapper/dists/gradle-2.4-all/6r4uqcc6ovnq6ac6s0txzcpc0/gradle-2.4/lib/kryo-2.20.jar
66824000-6682d000 r--s 0003c000 08:07 9984866    /home/rohit/.gradle/wrapper/dists/gradle-2.4-all/6r4uqcc6ovnq6ac6s0txzcpc0/gradle-2.4/lib/gradle-messaging-2.4.jar
6682d000-6682e000 r--s 00003000 08:07 9984886    /home/rohit/.gradle/wrapper/dists/gradle-2.4-all/6r4uqcc6ovnq6ac6s0txzcpc0/gradle-2.4/lib/native-platform-freebsd-amd64-0.10.jar
6682e000-66831000 ---p 00000000 00:00 0 
66831000-6687f000 rw-p 00000000 00:00 0          [stack:3106]
6687f000-66880000 ---p 00000000 00:00 0 
66880000-66900000 rw-p 00000000 00:00 0          [stack:3104]
66900000-66a00000 rw-p 00000000 00:00 0 
66a00000-66a01000 r--s 00003000 08:07 9984885    /home/rohit/.gradle/wrapper/dists/gradle-2.4-all/6r4uqcc6ovnq6ac6s0txzcpc0/gradle-2.4/lib/native-platform-freebsd-i386-0.10.jar
66a01000-66a02000 r--s 00005000 08:07 9984884    /home/rohit/.gradle/wrapper/dists/gradle-2.4-all/6r4uqcc6ovnq6ac6s0txzcpc0/gradle-2.4/lib/native-platform-windows-i386-0.10.jar
66a02000-66a03000 r--s 00005000 08:07 9984883    /home/rohit/.gradle/wrapper/dists/gradle-2.4-all/6r4uqcc6ovnq6ac6s0txzcpc0/gradle-2.4/lib/native-platform-windows-amd64-0.10.jar
66a03000-66a04000 r--s 00003000 08:07 9984882    /home/rohit/.gradle/wrapper/dists/gradle-2.4-all/6r4uqcc6ovnq6ac6s0txzcpc0/gradle-2.4/lib/native-platform-linux-i386-0.10.jar
66a04000-66a05000 r--s 00003000 08:07 9984881    /home/rohit/.gradle/wrapper/dists/gradle-2.4-all/6r4uqcc6ovnq6ac6s0txzcpc0/gradle-2.4/lib/native-platform-linux-amd64-0.10.jar
66a05000-66a06000 r--s 00002000 08:07 9984880    /home/rohit/.gradle/wrapper/dists/gradle-2.4-all/6r4uqcc6ovnq6ac6s0txzcpc0/gradle-2.4/lib/native-platform-osx-amd64-0.10.jar
66a06000-66a08000 r--s 00008000 08:07 9984876    /home/rohit/.gradle/wrapper/dists/gradle-2.4-all/6r4uqcc6ovnq6ac6s0txzcpc0/gradle-2.4/lib/jansi-1.2.1.jar
66a08000-66a30000 r--s 001cf000 08:07 9984852    /home/rohit/.gradle/wrapper/dists/gradle-2.4-all/6r4uqcc6ovnq6ac6s0txzcpc0/gradle-2.4/lib/guava-jdk5-17.0.jar
66a30000-66a7f000 rw-p 00000000 00:00 0 
66a7f000-66a80000 ---p 00000000 00:00 0 
66a80000-66b00000 rw-p 00000000 00:00 0          [stack:3103]
66b00000-66b21000 rw-p 00000000 00:00 0 
66b21000-66c00000 ---p 00000000 00:00 0 
66c00000-66c01000 r--s 00002000 08:07 9984879    /home/rohit/.gradle/wrapper/dists/gradle-2.4-all/6r4uqcc6ovnq6ac6s0txzcpc0/gradle-2.4/lib/native-platform-osx-i386-0.10.jar
66c01000-66c04000 r--s 0000d000 08:07 9984875    /home/rohit/.gradle/wrapper/dists/gradle-2.4-all/6r4uqcc6ovnq6ac6s0txzcpc0/gradle-2.4/lib/native-platform-0.10.jar
66c04000-66c08000 r--s 000e4000 08:07 9984874    /home/rohit/.gradle/wrapper/dists/gradle-2.4-all/6r4uqcc6ovnq6ac6s0txzcpc0/gradle-2.4/lib/jna-3.2.7.jar
66c08000-66c0a000 r--s 00008000 08:07 9984850    /home/rohit/.gradle/wrapper/dists/gradle-2.4-all/6r4uqcc6ovnq6ac6s0txzcpc0/gradle-2.4/lib/gradle-native-2.4.jar
66c0a000-66c0c000 r--s 00005000 08:07 9984847    /home/rohit/.gradle/wrapper/dists/gradle-2.4-all/6r4uqcc6ovnq6ac6s0txzcpc0/gradle-2.4/lib/gradle-cli-2.4.jar
66c0c000-66c0e000 r--s 00005000 08:07 9984856    /home/rohit/.gradle/wrapper/dists/gradle-2.4-all/6r4uqcc6ovnq6ac6s0txzcpc0/gradle-2.4/lib/gradle-model-groovy-2.4.jar
66c0e000-66c16000 r--s 00040000 08:07 9984855    /home/rohit/.gradle/wrapper/dists/gradle-2.4-all/6r4uqcc6ovnq6ac6s0txzcpc0/gradle-2.4/lib/gradle-model-core-2.4.jar
66c16000-66c24000 r--s 0007f000 08:07 9984859    /home/rohit/.gradle/wrapper/dists/gradle-2.4-all/6r4uqcc6ovnq6ac6s0txzcpc0/gradle-2.4/lib/commons-collections-3.2.1.jar
66c24000-66c7f000 rw-p 00000000 00:00 0 
66c7f000-66c80000 ---p 00000000 00:00 0 
66c80000-66d00000 rw-p 00000000 00:00 0          [stack:3102]
66d00000-66dfa000 rw-p 00000000 00:00 0 
66dfa000-66e00000 ---p 00000000 00:00 0 
66e00000-66e01000 r--s 00004000 08:07 9984865    /home/rohit/.gradle/wrapper/dists/gradle-2.4-all/6r4uqcc6ovnq6ac6s0txzcpc0/gradle-2.4/lib/gradle-base-services-groovy-2.4.jar
66e01000-66e02000 r--s 00000000 08:07 9984868    /home/rohit/.gradle/wrapper/dists/gradle-2.4-all/6r4uqcc6ovnq6ac6s0txzcpc0/gradle-2.4/lib/gradle-docs-2.4.jar
66e02000-66e04000 r--s 00003000 08:07 9984870    /home/rohit/.gradle/wrapper/dists/gradle-2.4-all/6r4uqcc6ovnq6ac6s0txzcpc0/gradle-2.4/lib/jcl-over-slf4j-1.7.10.jar
66e04000-66e05000 r--s 00005000 08:07 9984869    /home/rohit/.gradle/wrapper/dists/gradle-2.4-all/6r4uqcc6ovnq6ac6s0txzcpc0/gradle-2.4/lib/log4j-over-slf4j-1.7.10.jar
66e05000-66e08000 r--s 0001b000 08:07 9984863    /home/rohit/.gradle/wrapper/dists/gradle-2.4-all/6r4uqcc6ovnq6ac6s0txzcpc0/gradle-2.4/lib/jarjar-1.3.jar
66e08000-66e0a000 r--s 00000000 08:07 9984862    /home/rohit/.gradle/wrapper/dists/gradle-2.4-all/6r4uqcc6ovnq6ac6s0txzcpc0/gradle-2.4/lib/jul-to-slf4j-1.7.10.jar
66e0a000-66e28000 r--s 001cf000 08:07 9984858    /home/rohit/.gradle/wrapper/dists/gradle-2.4-all/6r4uqcc6ovnq6ac6s0txzcpc0/gradle-2.4/lib/ant-1.9.4.jar
66e28000-66e29000 ---p 00000000 00:00 0 
66e29000-66ee5000 rw-p 00000000 00:00 0          [stack:3100]
66ee5000-66fff000 ---p 00000000 00:00 0 
66fff000-6703b000 rw-p 00000000 00:00 0 
6703b000-67154000 ---p 00000000 00:00 0 
67154000-671ff000 rw-p 00000000 00:00 0 
671ff000-6e900000 rw-p 00000000 00:00 0 
6e900000-91cc0000 ---p 00000000 00:00 0 
91cc0000-a7200000 rw-p 00000000 00:00 0 
a7200000-a7201000 r--s 00000000 08:07 9984864    /home/rohit/.gradle/wrapper/dists/gradle-2.4-all/6r4uqcc6ovnq6ac6s0txzcpc0/gradle-2.4/lib/javax.inject-1.jar
a7201000-a7202000 r--s 00000000 08:07 9984861    /home/rohit/.gradle/wrapper/dists/gradle-2.4-all/6r4uqcc6ovnq6ac6s0txzcpc0/gradle-2.4/lib/jcip-annotations-1.0.jar
a7202000-a7207000 r--s 00036000 08:07 9984857    /home/rohit/.gradle/wrapper/dists/gradle-2.4-all/6r4uqcc6ovnq6ac6s0txzcpc0/gradle-2.4/lib/asm-all-5.0.3.jar
a7207000-a720c000 r--s 00041000 08:07 9984853    /home/rohit/.gradle/wrapper/dists/gradle-2.4-all/6r4uqcc6ovnq6ac6s0txzcpc0/gradle-2.4/lib/commons-lang-2.6.jar
a720c000-a7228000 r--s 00393000 08:01 10384718   /usr/lib/jvm/jdk1.8.0_05/jre/lib/ext/cldrdata.jar
a7228000-a72cd000 rw-p 00000000 00:00 0 
a72cd000-a7600000 ---p 00000000 00:00 0 
a7600000-a9920000 rwxp 00000000 00:00 0 
a9920000-b6600000 ---p 00000000 00:00 0 
b6600000-b66f9000 rw-p 00000000 00:00 0 
b66f9000-b6700000 ---p 00000000 00:00 0 
b6700000-b6703000 r--s 00018000 08:07 9984860    /home/rohit/.gradle/wrapper/dists/gradle-2.4-all/6r4uqcc6ovnq6ac6s0txzcpc0/gradle-2.4/lib/commons-io-1.4.jar
b6703000-b670e000 r--s 0021a000 08:01 10384720   /usr/lib/jvm/jdk1.8.0_05/jre/lib/ext/localedata.jar
b670e000-b6727000 r-xp 00000000 08:01 10384835   /usr/lib/jvm/jdk1.8.0_05/jre/lib/i386/libzip.so
b6727000-b6728000 rw-p 00018000 08:01 10384835   /usr/lib/jvm/jdk1.8.0_05/jre/lib/i386/libzip.so
b6728000-b6733000 r-xp 00000000 08:01 4460703    /lib/i386-linux-gnu/libnss_files-2.19.so
b6733000-b6734000 r--p 0000a000 08:01 4460703    /lib/i386-linux-gnu/libnss_files-2.19.so
b6734000-b6735000 rw-p 0000b000 08:01 4460703    /lib/i386-linux-gnu/libnss_files-2.19.so
b6735000-b673f000 r-xp 00000000 08:01 4456547    /lib/i386-linux-gnu/libnss_nis-2.19.so
b673f000-b6740000 r--p 00009000 08:01 4456547    /lib/i386-linux-gnu/libnss_nis-2.19.so
b6740000-b6741000 rw-p 0000a000 08:01 4456547    /lib/i386-linux-gnu/libnss_nis-2.19.so
b6741000-b6756000 r-xp 00000000 08:01 4456548    /lib/i386-linux-gnu/libnsl-2.19.so
b6756000-b6757000 r--p 00015000 08:01 4456548    /lib/i386-linux-gnu/libnsl-2.19.so
b6757000-b6758000 rw-p 00016000 08:01 4456548    /lib/i386-linux-gnu/libnsl-2.19.so
b6758000-b675a000 rw-p 00000000 00:00 0 
b675a000-b675b000 r--s 00007000 08:07 9984851    /home/rohit/.gradle/wrapper/dists/gradle-2.4-all/6r4uqcc6ovnq6ac6s0txzcpc0/gradle-2.4/lib/slf4j-api-1.7.10.jar
b675b000-b6762000 r--s 00030000 08:07 9984845    /home/rohit/.gradle/wrapper/dists/gradle-2.4-all/6r4uqcc6ovnq6ac6s0txzcpc0/gradle-2.4/lib/gradle-base-services-2.4.jar
b6762000-b676b000 r--s 00040000 08:07 9984843    /home/rohit/.gradle/wrapper/dists/gradle-2.4-all/6r4uqcc6ovnq6ac6s0txzcpc0/gradle-2.4/lib/gradle-launcher-2.4.jar
b676b000-b6773000 rw-s 00000000 08:01 5778181    /tmp/hsperfdata_rohit/3098
b6773000-b6797000 r-xp 00000000 08:01 10384806   /usr/lib/jvm/jdk1.8.0_05/jre/lib/i386/libjava.so
b6797000-b6798000 rw-p 00023000 08:01 10384806   /usr/lib/jvm/jdk1.8.0_05/jre/lib/i386/libjava.so
b6798000-b679f000 r-xp 00000000 08:01 4460729    /lib/i386-linux-gnu/librt-2.19.so
b679f000-b67a0000 r--p 00006000 08:01 4460729    /lib/i386-linux-gnu/librt-2.19.so
b67a0000-b67a1000 rw-p 00007000 08:01 4460729    /lib/i386-linux-gnu/librt-2.19.so
b67a1000-b67a4000 ---p 00000000 00:00 0 
b67a4000-b67f2000 rw-p 00000000 00:00 0          [stack:3099]
b67f2000-b6836000 r-xp 00000000 08:01 4456552    /lib/i386-linux-gnu/libm-2.19.so
b6836000-b6837000 r--p 00043000 08:01 4456552    /lib/i386-linux-gnu/libm-2.19.so
b6837000-b6838000 rw-p 00044000 08:01 4456552    /lib/i386-linux-gnu/libm-2.19.so
b6838000-b7140000 r-xp 00000000 08:01 10384867   /usr/lib/jvm/jdk1.8.0_05/jre/lib/i386/server/libjvm.so
b7140000-b71a8000 rw-p 00908000 08:01 10384867   /usr/lib/jvm/jdk1.8.0_05/jre/lib/i386/server/libjvm.so
b71a8000-b75cc000 rw-p 00000000 00:00 0 
b75cc000-b7774000 r-xp 00000000 08:01 4456544    /lib/i386-linux-gnu/libc-2.19.so
b7774000-b7776000 r--p 001a8000 08:01 4456544    /lib/i386-linux-gnu/libc-2.19.so
b7776000-b7777000 rw-p 001aa000 08:01 4456544    /lib/i386-linux-gnu/libc-2.19.so
b7777000-b777a000 rw-p 00000000 00:00 0 
b777a000-b777d000 r-xp 00000000 08:01 4456545    /lib/i386-linux-gnu/libdl-2.19.so
b777d000-b777e000 r--p 00002000 08:01 4456545    /lib/i386-linux-gnu/libdl-2.19.so
b777e000-b777f000 rw-p 00003000 08:01 4456545    /lib/i386-linux-gnu/libdl-2.19.so
b777f000-b7793000 r-xp 00000000 08:01 10101221   /usr/lib/jvm/jdk1.8.0_05/lib/i386/jli/libjli.so
b7793000-b7794000 rw-p 00013000 08:01 10101221   /usr/lib/jvm/jdk1.8.0_05/lib/i386/jli/libjli.so
b7794000-b7795000 rw-p 00000000 00:00 0 
b7795000-b77ad000 r-xp 00000000 08:01 4457484    /lib/i386-linux-gnu/libpthread-2.19.so
b77ad000-b77ae000 r--p 00018000 08:01 4457484    /lib/i386-linux-gnu/libpthread-2.19.so
b77ae000-b77af000 rw-p 00019000 08:01 4457484    /lib/i386-linux-gnu/libpthread-2.19.so
b77af000-b77b1000 rw-p 00000000 00:00 0 
b77b1000-b77b2000 r--s 00004000 08:07 9984877    /home/rohit/.gradle/wrapper/dists/gradle-2.4-all/6r4uqcc6ovnq6ac6s0txzcpc0/gradle-2.4/lib/ant-launcher-1.9.4.jar
b77b2000-b77b3000 r--p 00850000 08:01 9183415    /usr/lib/locale/locale-archive
b77b3000-b77ba000 r-xp 00000000 08:01 4456553    /lib/i386-linux-gnu/libnss_compat-2.19.so
b77ba000-b77bb000 r--p 00006000 08:01 4456553    /lib/i386-linux-gnu/libnss_compat-2.19.so
b77bb000-b77bc000 rw-p 00007000 08:01 4456553    /lib/i386-linux-gnu/libnss_compat-2.19.so
b77bc000-b77bd000 rw-p 00000000 00:00 0 
b77bd000-b77be000 ---p 00000000 00:00 0 
b77be000-b77c9000 r-xp 00000000 08:01 10384842   /usr/lib/jvm/jdk1.8.0_05/jre/lib/i386/libverify.so
b77c9000-b77ca000 rw-p 0000b000 08:01 10384842   /usr/lib/jvm/jdk1.8.0_05/jre/lib/i386/libverify.so
b77ca000-b77cc000 rw-p 00000000 00:00 0 
b77cc000-b77cd000 r-xp 00000000 00:00 0          [vdso]
b77cd000-b77ed000 r-xp 00000000 08:01 4456546    /lib/i386-linux-gnu/ld-2.19.so
b77ed000-b77ee000 r--p 0001f000 08:01 4456546    /lib/i386-linux-gnu/ld-2.19.so
b77ee000-b77ef000 rw-p 00020000 08:01 4456546    /lib/i386-linux-gnu/ld-2.19.so
bff7c000-bff7d000 rwxp 00000000 00:00 0 
bffaf000-bffd0000 rw-p 00000000 00:00 0          [stack]

VM Arguments:
jvm_args: -XX:MaxPermSize=256m -XX:+HeapDumpOnOutOfMemoryError -Xmx1024m -Dfile.encoding=UTF-8 -Duser.country=IN -Duser.language=en -Duser.variant 
java_command: org.gradle.launcher.daemon.bootstrap.GradleDaemon 2.4 /home/rohit/.gradle /home/rohit/.gradle/daemon 10800000 0b4c666f-2076-4aac-a17c-dcb09f4b748f -XX:MaxPermSize=256m -XX:+HeapDumpOnOutOfMemoryError -Xmx1024m -Dfile.encoding=UTF-8 -Duser.country=IN -Duser.language=en -Duser.variant
java_class_path (initial): /home/rohit/.gradle/wrapper/dists/gradle-2.4-all/6r4uqcc6ovnq6ac6s0txzcpc0/gradle-2.4/lib/gradle-launcher-2.4.jar
Launcher Type: SUN_STANDARD

Environment Variables:
PATH=/usr/local/sbin:/usr/local/bin:/usr/sbin:/usr/bin:/sbin:/bin:/usr/games:/usr/local/games
LD_LIBRARY_PATH=.:
SHELL=/bin/bash
DISPLAY=:0

Signal Handlers:
SIGSEGV: [libjvm.so+0x863250], sa_mask[0]=0x7ffbfeff, sa_flags=0x10000004
SIGBUS: [libjvm.so+0x863250], sa_mask[0]=0x7ffbfeff, sa_flags=0x10000004
SIGFPE: [libjvm.so+0x6ef420], sa_mask[0]=0x7ffbfeff, sa_flags=0x10000004
SIGPIPE: [libjvm.so+0x6ef420], sa_mask[0]=0x7ffbfeff, sa_flags=0x10000004
SIGXFSZ: [libjvm.so+0x6ef420], sa_mask[0]=0x7ffbfeff, sa_flags=0x10000004
SIGILL: [libjvm.so+0x6ef420], sa_mask[0]=0x7ffbfeff, sa_flags=0x10000004
SIGUSR1: SIG_DFL, sa_mask[0]=0x00000000, sa_flags=0x00000000
SIGUSR2: [libjvm.so+0x6f0b30], sa_mask[0]=0x00000004, sa_flags=0x10000004
SIGHUP: [libjvm.so+0x6f1f40], sa_mask[0]=0x7ffbfeff, sa_flags=0x10000004
SIGINT: [libjvm.so+0x6f1f40], sa_mask[0]=0x7ffbfeff, sa_flags=0x10000004
SIGTERM: [libjvm.so+0x6f1f40], sa_mask[0]=0x7ffbfeff, sa_flags=0x10000004
SIGQUIT: [libjvm.so+0x6f1f40], sa_mask[0]=0x7ffbfeff, sa_flags=0x10000004


---------------  S Y S T E M  ---------------

OS:DISTRIB_ID=Ubuntu
DISTRIB_RELEASE=14.04
DISTRIB_CODENAME=trusty
DISTRIB_DESCRIPTION="Ubuntu 14.04.2 LTS"

uname:Linux 3.13.0-48-generic #80-Ubuntu SMP Thu Mar 12 11:16:18 UTC 2015 i686
libc:glibc 2.19 NPTL 2.19 
rlimit: STACK 8192k, CORE 0k, NPROC 31286, NOFILE 4096, AS infinity
load average:0.75 0.57 0.40

/proc/meminfo:
MemTotal:        4023936 kB
MemFree:          213212 kB
Buffers:           57252 kB
Cached:          1076424 kB
SwapCached:        15112 kB
Active:          2497652 kB
Inactive:        1116120 kB
Active(anon):    2063644 kB
Inactive(anon):   681208 kB
Active(file):     434008 kB
Inactive(file):   434912 kB
Unevictable:          32 kB
Mlocked:              32 kB
HighTotal:       3171664 kB
HighFree:          77324 kB
LowTotal:         852272 kB
LowFree:          135888 kB
SwapTotal:       8787964 kB
SwapFree:        8759916 kB
Dirty:              2796 kB
Writeback:             0 kB
AnonPages:       2465536 kB
Mapped:           148292 kB
Shmem:            264296 kB
Slab:             152660 kB
SReclaimable:     128824 kB
SUnreclaim:        23836 kB
KernelStack:        5424 kB
PageTables:        15536 kB
NFS_Unstable:          0 kB
Bounce:                0 kB
WritebackTmp:          0 kB
CommitLimit:    10799932 kB
Committed_AS:    6572636 kB
VmallocTotal:     122880 kB
VmallocUsed:       16244 kB
VmallocChunk:      98180 kB
HardwareCorrupted:     0 kB
AnonHugePages:   1632256 kB
HugePages_Total:       0
HugePages_Free:        0
HugePages_Rsvd:        0
HugePages_Surp:        0
Hugepagesize:       2048 kB
DirectMap4k:       28664 kB
DirectMap2M:      882688 kB


CPU:total 4 (2 cores per cpu, 2 threads per core) family 6 model 42 stepping 7, cmov, cx8, fxsr, mmx, sse, sse2, sse3, ssse3, sse4.1, sse4.2, popcnt, avx, clmul, ht, tsc, tscinvbit

/proc/cpuinfo:
processor	: 0
vendor_id	: GenuineIntel
cpu family	: 6
model		: 42
model name	: Intel(R) Core(TM) i3-2120 CPU @ 3.30GHz
stepping	: 7
microcode	: 0x26
cpu MHz		: 3300.000
cache size	: 3072 KB
physical id	: 0
siblings	: 4
core id		: 0
cpu cores	: 2
apicid		: 0
initial apicid	: 0
fdiv_bug	: no
f00f_bug	: no
coma_bug	: no
fpu		: yes
fpu_exception	: yes
cpuid level	: 13
wp		: yes
flags		: fpu vme de pse tsc msr pae mce cx8 apic sep mtrr pge mca cmov pat pse36 clflush dts acpi mmx fxsr sse sse2 ss ht tm pbe nx rdtscp lm constant_tsc arch_perfmon pebs bts xtopology nonstop_tsc aperfmperf eagerfpu pni pclmulqdq dtes64 monitor ds_cpl vmx est tm2 ssse3 cx16 xtpr pdcm pcid sse4_1 sse4_2 popcnt tsc_deadline_timer xsave avx lahf_lm arat epb xsaveopt pln pts dtherm tpr_shadow vnmi flexpriority ept vpid
bogomips	: 6584.93
clflush size	: 64
cache_alignment	: 64
address sizes	: 36 bits physical, 48 bits virtual
power management:

processor	: 1
vendor_id	: GenuineIntel
cpu family	: 6
model		: 42
model name	: Intel(R) Core(TM) i3-2120 CPU @ 3.30GHz
stepping	: 7
microcode	: 0x26
cpu MHz		: 3300.000
cache size	: 3072 KB
physical id	: 0
siblings	: 4
core id		: 1
cpu cores	: 2
apicid		: 2
initial apicid	: 2
fdiv_bug	: no
f00f_bug	: no
coma_bug	: no
fpu		: yes
fpu_exception	: yes
cpuid level	: 13
wp		: yes
flags		: fpu vme de pse tsc msr pae mce cx8 apic sep mtrr pge mca cmov pat pse36 clflush dts acpi mmx fxsr sse sse2 ss ht tm pbe nx rdtscp lm constant_tsc arch_perfmon pebs bts xtopology nonstop_tsc aperfmperf eagerfpu pni pclmulqdq dtes64 monitor ds_cpl vmx est tm2 ssse3 cx16 xtpr pdcm pcid sse4_1 sse4_2 popcnt tsc_deadline_timer xsave avx lahf_lm arat epb xsaveopt pln pts dtherm tpr_shadow vnmi flexpriority ept vpid
bogomips	: 6584.93
clflush size	: 64
cache_alignment	: 64
address sizes	: 36 bits physical, 48 bits virtual
power management:

processor	: 2
vendor_id	: GenuineIntel
cpu family	: 6
model		: 42
model name	: Intel(R) Core(TM) i3-2120 CPU @ 3.30GHz
stepping	: 7
microcode	: 0x26
cpu MHz		: 3100.000
cache size	: 3072 KB
physical id	: 0
siblings	: 4
core id		: 0
cpu cores	: 2
apicid		: 1
initial apicid	: 1
fdiv_bug	: no
f00f_bug	: no
coma_bug	: no
fpu		: yes
fpu_exception	: yes
cpuid level	: 13
wp		: yes
flags		: fpu vme de pse tsc msr pae mce cx8 apic sep mtrr pge mca cmov pat pse36 clflush dts acpi mmx fxsr sse sse2 ss ht tm pbe nx rdtscp lm constant_tsc arch_perfmon pebs bts xtopology nonstop_tsc aperfmperf eagerfpu pni pclmulqdq dtes64 monitor ds_cpl vmx est tm2 ssse3 cx16 xtpr pdcm pcid sse4_1 sse4_2 popcnt tsc_deadline_timer xsave avx lahf_lm arat epb xsaveopt pln pts dtherm tpr_shadow vnmi flexpriority ept vpid
bogomips	: 6584.93
clflush size	: 64
cache_alignment	: 64
address sizes	: 36 bits physical, 48 bits virtual
power management:

processor	: 3
vendor_id	: GenuineIntel
cpu family	: 6
model		: 42
model name	: Intel(R) Core(TM) i3-2120 CPU @ 3.30GHz
stepping	: 7
microcode	: 0x26
cpu MHz		: 3300.000
cache size	: 3072 KB
physical id	: 0
siblings	: 4
core id		: 1
cpu cores	: 2
apicid		: 3
initial apicid	: 3
fdiv_bug	: no
f00f_bug	: no
coma_bug	: no
fpu		: yes
fpu_exception	: yes
cpuid level	: 13
wp		: yes
flags		: fpu vme de pse tsc msr pae mce cx8 apic sep mtrr pge mca cmov pat pse36 clflush dts acpi mmx fxsr sse sse2 ss ht tm pbe nx rdtscp lm constant_tsc arch_perfmon pebs bts xtopology nonstop_tsc aperfmperf eagerfpu pni pclmulqdq dtes64 monitor ds_cpl vmx est tm2 ssse3 cx16 xtpr pdcm pcid sse4_1 sse4_2 popcnt tsc_deadline_timer xsave avx lahf_lm arat epb xsaveopt pln pts dtherm tpr_shadow vnmi flexpriority ept vpid
bogomips	: 6584.93
clflush size	: 64
cache_alignment	: 64
address sizes	: 36 bits physical, 48 bits virtual
power management:



Memory: 4k page, physical 4023936k(213212k free), swap 8787964k(8759916k free)

vm_info: Java HotSpot(TM) Server VM (25.5-b02) for linux-x86 JRE (1.8.0_05-b13), built on Mar 18 2014 00:45:30 by "java_re" with gcc 4.3.0 20080428 (Red Hat 4.3.0-8)

time: Fri Nov 20 17:29:17 2015
elapsed time: 5473 seconds

