#
# A fatal error has been detected by the Java Runtime Environment:
#
#  SIGSEGV (0xb) at pc=0xa9119f23, pid=7092, tid=1648028480
#
# JRE version: Java(TM) SE Runtime Environment (8.0_05-b13) (build 1.8.0_05-b13)
# Java VM: Java HotSpot(TM) Server VM (25.5-b02 mixed mode linux-x86 )
# Problematic frame:
# J 12405 C2 java.util.HashMap.putMapEntries(Ljava/util/Map;Z)V (154 bytes) @ 0xa9119f23 [0xa9119b60+0x3c3]
#
# Failed to write core dump. Core dumps have been disabled. To enable core dumping, try "ulimit -c unlimited" before starting Java again
#
# If you would like to submit a bug report, please visit:
#   http://bugreport.sun.com/bugreport/crash.jsp
#

---------------  T H R E A D  ---------------

Current thread (0x09159000):  JavaThread "Daemon worker Thread 3" [_thread_in_Java, id=8218, stack(0x6235e000,0x623af000)]

siginfo:si_signo=SIGSEGV: si_errno=0, si_code=1 (SEGV_MAPERR), si_addr=0x0000010c

Registers:
EAX=0x95cdee50, EBX=0x63e5d970, ECX=0x00000000, EDX=0x6348ab78
ESP=0x623a9420, EBP=0x95cdef78, ESI=0x63e5dbb0, EDI=0x00000128
EIP=0xa9119f23, EFLAGS=0x00010206, CR2=0x0000010c

Top of Stack: (sp=0x623a9420)
0x623a9420:   67536ad8 95cd8c90 00000000 95cd7338
0x623a9430:   6348ab78 95cff008 95cfee58 00000000
0x623a9440:   95cdee50 95cfee38 00000001 623a946c
0x623a9450:   621afd70 00000000 623a9490 a7586229
0x623a9460:   623a946c 623a9490 623a94c0 a7715894
0x623a9470:   00000001 62173030 623a9498 621a7970
0x623a9480:   00000000 62173050 623a94c0 a75862c9
0x623a9490:   623a94c0 a75862c9 95cd8118 95cd7338 

Instructions: (pc=0xa9119f23)
0xa9119f03:   10 8b cd b8 58 bd e3 63 e8 bc 9d 75 fe 89 44 24
0xa9119f13:   20 8b 54 24 10 85 d2 0f 84 7d 03 00 00 8b 4a 04
0xa9119f23:   8b 99 0c 01 00 00 81 fb 80 4c db 63 0f 85 1f 03
0xa9119f33:   00 00 8b 02 8b c8 83 e1 07 83 f9 01 0f 85 0f 03 

Register to memory mapping:

EAX=0x95cdee50 is an oop
java.util.TreeSet 
 - klass: 'java/util/TreeSet'
EBX=0x63e5d970 is an unknown value
ECX=0x00000000 is an unknown value
EDX=0x6348ab78 is pointing into the stack for thread: 0x63aa9000
ESP=0x623a9420 is pointing into the stack for thread: 0x09159000
EBP=0x95cdef78 is an oop
java.util.HashMap$Node 
 - klass: 'java/util/HashMap$Node'
ESI=0x63e5dbb0 is an unknown value
EDI=0x00000128 is an unknown value


Stack: [0x6235e000,0x623af000],  sp=0x623a9420,  free space=301k
Native frames: (J=compiled Java code, j=interpreted, Vv=VM code, C=native code)
J 12405 C2 java.util.HashMap.putMapEntries(Ljava/util/Map;Z)V (154 bytes) @ 0xa9119f23 [0xa9119b60+0x3c3]
J 12839 C1 java.util.HashMap.putAll(Ljava/util/Map;)V (7 bytes) @ 0xa7715894 [0xa77157e0+0xb4]
j  org.gradle.api.internal.CompositeDynamicObject.getProperties()Ljava/util/Map;+34
j  org.gradle.api.internal.project.AbstractProject$4.create()Ljava/util/Map;+7
j  org.gradle.api.internal.project.AbstractProject$4.create()Ljava/lang/Object;+1
J 7635 C1 org.gradle.util.SingleMessageLogger.whileDisabled(Lorg/gradle/internal/Factory;)Ljava/lang/Object; (42 bytes) @ 0xa85e5cf4 [0xa85e5a40+0x2b4]
j  org.gradle.api.internal.project.AbstractProject.getProperties()Ljava/util/Map;+8
j  com.android.build.gradle.internal.ExtraModelInfo.isPropertyTrue(Lorg/gradle/api/Project;Ljava/lang/String;)Z+11
j  com.android.build.gradle.internal.ExtraModelInfo.computeErrorFormatMode(Lorg/gradle/api/Project;)Lcom/android/ide/common/blame/output/GradleMessageRewriter$ErrorFormatMode;+3
j  com.android.build.gradle.internal.ExtraModelInfo.<init>(Lorg/gradle/api/Project;Z)V+69
j  com.android.build.gradle.BasePlugin.configureProject()V+20
j  com.android.build.gradle.BasePlugin$_apply_closure1.doCall(Ljava/lang/Object;)Ljava/lang/Object;+16
j  com.android.build.gradle.BasePlugin$_apply_closure1.doCall()Ljava/lang/Object;+2
v  ~StubRoutines::call_stub
V  [libjvm.so+0x4afdff]  JavaCalls::call_helper(JavaValue*, methodHandle*, JavaCallArguments*, Thread*)+0x101f
V  [libjvm.so+0x6ed549]  os::os_exception_wrapper(void (*)(JavaValue*, methodHandle*, JavaCallArguments*, Thread*), JavaValue*, methodHandle*, JavaCallArguments*, Thread*)+0x19
V  [libjvm.so+0x4ae3cf]  JavaCalls::call(JavaValue*, methodHandle, JavaCallArguments*, Thread*)+0x2f
V  [libjvm.so+0x75c1c2]  Reflection::invoke(instanceKlassHandle, methodHandle, Handle, bool, objArrayHandle, BasicType, objArrayHandle, bool, Thread*)+0x4d2
V  [libjvm.so+0x75f508]  Reflection::invoke_method(oopDesc*, Handle, objArrayHandle, Thread*)+0x148
V  [libjvm.so+0x5368bf]  JVM_InvokeMethod+0x25f
C  [libjava.so+0xd542]  Java_sun_reflect_NativeMethodAccessorImpl_invoke0+0x32
J 1207  sun.reflect.NativeMethodAccessorImpl.invoke0(Ljava/lang/reflect/Method;Ljava/lang/Object;[Ljava/lang/Object;)Ljava/lang/Object; (0 bytes) @ 0xa78690a2 [0xa7868fe0+0xc2]


---------------  P R O C E S S  ---------------

Java Threads: ( => current thread )
  0x605f9400 JavaThread "Stdin handler" [_thread_blocked, id=8220, stack(0x6060e000,0x6065f000)]
=>0x09159000 JavaThread "Daemon worker Thread 3" [_thread_in_Java, id=8218, stack(0x6235e000,0x623af000)]
  0x0916a800 JavaThread "Cancel handler" [_thread_blocked, id=8217, stack(0x622bc000,0x6230d000)]
  0x09151400 JavaThread "Handler for socket connection from /127.0.0.1:41068 to /127.0.0.1:58873" [_thread_in_native, id=8216, stack(0x6230d000,0x6235e000)]
  0x6258a800 JavaThread "Daemon Thread 3" [_thread_blocked, id=8215, stack(0x623af000,0x62400000)]
  0x5fffb800 JavaThread "File lock request listener" [_thread_in_native, id=7119, stack(0x61e82000,0x61ed3000)]
  0x6255d400 JavaThread "Incoming local TCP Connector on port 41068" [_thread_in_native, id=7109, stack(0x62806000,0x62857000)]
  0x63aac400 JavaThread "Service Thread" daemon [_thread_blocked, id=7107, stack(0x63b0d000,0x63b5e000)]
  0x63aa9000 JavaThread "C1 CompilerThread2" daemon [_thread_blocked, id=7106, stack(0x6347d000,0x634fe000)]
  0x63aa7c00 JavaThread "C2 CompilerThread1" daemon [_thread_blocked, id=7105, stack(0x634fe000,0x6357f000)]
  0x63aa5c00 JavaThread "C2 CompilerThread0" daemon [_thread_in_native, id=7104, stack(0x6357f000,0x63600000)]
  0x63aa4400 JavaThread "Signal Dispatcher" daemon [_thread_blocked, id=7103, stack(0x6672e000,0x6677f000)]
  0x63a86800 JavaThread "Finalizer" daemon [_thread_blocked, id=7102, stack(0x6692e000,0x6697f000)]
  0x63a84000 JavaThread "Reference Handler" daemon [_thread_blocked, id=7101, stack(0x66b2e000,0x66b7f000)]
  0xb6607800 JavaThread "main" [_thread_blocked, id=7095, stack(0xb6715000,0xb6766000)]

Other Threads:
  0x63a81000 VMThread [stack: 0x63b5e000,0x63bdf000] [id=7100]
  0x63ace400 WatcherThread [stack: 0x633fc000,0x6347d000] [id=7108]

VM state:not at safepoint (normal execution)

VM Mutex/Monitor currently owned by a thread: None

Heap:
 PSYoungGen      total 303872K, used 68538K [0x91ac0000, 0xa7000000, 0xa7000000)
  eden space 258304K, 26% used [0x91ac0000,0x95daeac8,0xa1700000)
  from space 45568K, 0% used [0xa1700000,0xa1700000,0xa4380000)
  to   space 44800K, 0% used [0xa4440000,0xa4440000,0xa7000000)
 ParOldGen       total 154368K, used 48664K [0x67000000, 0x706c0000, 0x91ac0000)
  object space 154368K, 31% used [0x67000000,0x69f86210,0x706c0000)
 Metaspace       used 33217K, capacity 34524K, committed 34560K, reserved 35120K

Card table byte_map: [0x66dff000,0x67000000] byte_map_base: 0x66ac7000

Marking Bits: (ParMarkBitMap*) 0xb712bd80
 Begin Bits: [0x64600000, 0x65600000)
 End Bits:   [0x65600000, 0x66600000)

Polling page: 0xb7731000

CodeCache: size=245760Kb used=27907Kb max_used=28892Kb free=217852Kb
 bounds [0xa7582000, 0xa91e2000, 0xb6582000]
 total_blobs=11142 nmethods=10702 adapters=353
 compilation: enabled

Compilation events (10 events):
Event: 422.659 Thread 0x63aa9000 13101       3       java.math.BigInteger::longValue (32 bytes)
Event: 422.659 Thread 0x63aa9000 nmethod 13101 0xa77193c8 code [0xa77194e0, 0xa77196ac]
Event: 422.660 Thread 0x63aa7c00 13102       4       java.lang.String::format (16 bytes)
Event: 422.662 Thread 0x63aa5c00 13103       4       groovy.lang.MetaClassImpl::searchInterfacesForMetaProperty (99 bytes)
Event: 422.662 Thread 0x63aa9000 13104   !   3       sun.reflect.GeneratedMethodAccessor28::invoke (63 bytes)
Event: 422.663 Thread 0x63aa9000 nmethod 13104 0xa7ca5d08 code [0xa7ca5ee0, 0xa7ca6534]
Event: 422.663 Thread 0x63aa9000 13105       1       java.util.logging.LogManager::access$500 (5 bytes)
Event: 422.663 Thread 0x63aa9000 nmethod 13105 0xa7f5ae48 code [0xa7f5af40, 0xa7f5afc0]
Event: 422.663 Thread 0x63aa9000 13106       1       org.gradle.api.internal.project.AbstractProject::getClassLoaderScope (5 bytes)
Event: 422.663 Thread 0x63aa9000 nmethod 13106 0xa7f751c8 code [0xa7f752c0, 0xa7f75360]

GC Heap History (10 events):
Event: 112.638 GC heap before
{Heap before GC invocations=20 (full 3):
 PSYoungGen      total 291072K, used 264960K [0x91ac0000, 0xa5380000, 0xa7000000)
  eden space 264960K, 100% used [0x91ac0000,0xa1d80000,0xa1d80000)
  from space 26112K, 0% used [0xa3a00000,0xa3a00000,0xa5380000)
  to   space 27648K, 0% used [0xa1d80000,0xa1d80000,0xa3880000)
 ParOldGen       total 89856K, used 50264K [0x67000000, 0x6c7c0000, 0x91ac0000)
  object space 89856K, 55% used [0x67000000,0x6a116300,0x6c7c0000)
 Metaspace       used 31673K, capacity 32842K, committed 32896K, reserved 33072K
Event: 112.692 GC heap after
Heap after GC invocations=20 (full 3):
 PSYoungGen      total 292608K, used 27632K [0x91ac0000, 0xa7000000, 0xa7000000)
  eden space 264960K, 0% used [0x91ac0000,0x91ac0000,0xa1d80000)
  from space 27648K, 99% used [0xa1d80000,0xa387c240,0xa3880000)
  to   space 32768K, 0% used [0xa5000000,0xa5000000,0xa7000000)
 ParOldGen       total 89856K, used 52282K [0x67000000, 0x6c7c0000, 0x91ac0000)
  object space 89856K, 58% used [0x67000000,0x6a30e840,0x6c7c0000)
 Metaspace       used 31673K, capacity 32842K, committed 32896K, reserved 33072K
}
Event: 116.361 GC heap before
{Heap before GC invocations=21 (full 3):
 PSYoungGen      total 292608K, used 292592K [0x91ac0000, 0xa7000000, 0xa7000000)
  eden space 264960K, 100% used [0x91ac0000,0xa1d80000,0xa1d80000)
  from space 27648K, 99% used [0xa1d80000,0xa387c240,0xa3880000)
  to   space 32768K, 0% used [0xa5000000,0xa5000000,0xa7000000)
 ParOldGen       total 89856K, used 52282K [0x67000000, 0x6c7c0000, 0x91ac0000)
  object space 89856K, 58% used [0x67000000,0x6a30e840,0x6c7c0000)
 Metaspace       used 31879K, capacity 33116K, committed 33152K, reserved 34096K
Event: 116.432 GC heap after
Heap after GC invocations=21 (full 3):
 PSYoungGen      total 291072K, used 32758K [0x91ac0000, 0xa7000000, 0xa7000000)
  eden space 258304K, 0% used [0x91ac0000,0x91ac0000,0xa1700000)
  from space 32768K, 99% used [0xa5000000,0xa6ffda60,0xa7000000)
  to   space 45568K, 0% used [0xa1700000,0xa1700000,0xa4380000)
 ParOldGen       total 89856K, used 71634K [0x67000000, 0x6c7c0000, 0x91ac0000)
  object space 89856K, 79% used [0x67000000,0x6b5f4880,0x6c7c0000)
 Metaspace       used 31879K, capacity 33116K, committed 33152K, reserved 34096K
}
Event: 116.432 GC heap before
{Heap before GC invocations=22 (full 4):
 PSYoungGen      total 291072K, used 32758K [0x91ac0000, 0xa7000000, 0xa7000000)
  eden space 258304K, 0% used [0x91ac0000,0x91ac0000,0xa1700000)
  from space 32768K, 99% used [0xa5000000,0xa6ffda60,0xa7000000)
  to   space 45568K, 0% used [0xa1700000,0xa1700000,0xa4380000)
 ParOldGen       total 89856K, used 71634K [0x67000000, 0x6c7c0000, 0x91ac0000)
  object space 89856K, 79% used [0x67000000,0x6b5f4880,0x6c7c0000)
 Metaspace       used 31879K, capacity 33116K, committed 33152K, reserved 34096K
Event: 116.737 GC heap after
Heap after GC invocations=22 (full 4):
 PSYoungGen      total 291072K, used 0K [0x91ac0000, 0xa7000000, 0xa7000000)
  eden space 258304K, 0% used [0x91ac0000,0x91ac0000,0xa1700000)
  from space 32768K, 0% used [0xa5000000,0xa5000000,0xa7000000)
  to   space 45568K, 0% used [0xa1700000,0xa1700000,0xa4380000)
 ParOldGen       total 154368K, used 82430K [0x67000000, 0x706c0000, 0x91ac0000)
  object space 154368K, 53% used [0x67000000,0x6c07fa10,0x706c0000)
 Metaspace       used 31879K, capacity 33116K, committed 33152K, reserved 34096K
}
Event: 199.665 GC heap before
{Heap before GC invocations=23 (full 4):
 PSYoungGen      total 291072K, used 204486K [0x91ac0000, 0xa7000000, 0xa7000000)
  eden space 258304K, 79% used [0x91ac0000,0x9e271880,0xa1700000)
  from space 32768K, 0% used [0xa5000000,0xa5000000,0xa7000000)
  to   space 45568K, 0% used [0xa1700000,0xa1700000,0xa4380000)
 ParOldGen       total 154368K, used 82430K [0x67000000, 0x706c0000, 0x91ac0000)
  object space 154368K, 53% used [0x67000000,0x6c07fa10,0x706c0000)
 Metaspace       used 33135K, capacity 34398K, committed 34432K, reserved 35120K
Event: 199.676 GC heap after
Heap after GC invocations=23 (full 4):
 PSYoungGen      total 303872K, used 4286K [0x91ac0000, 0xa7000000, 0xa7000000)
  eden space 258304K, 0% used [0x91ac0000,0x91ac0000,0xa1700000)
  from space 45568K, 9% used [0xa1700000,0xa1b2fb30,0xa4380000)
  to   space 44800K, 0% used [0xa4440000,0xa4440000,0xa7000000)
 ParOldGen       total 154368K, used 82434K [0x67000000, 0x706c0000, 0x91ac0000)
  object space 154368K, 53% used [0x67000000,0x6c080a10,0x706c0000)
 Metaspace       used 33135K, capacity 34398K, committed 34432K, reserved 35120K
}
Event: 199.676 GC heap before
{Heap before GC invocations=24 (full 5):
 PSYoungGen      total 303872K, used 4286K [0x91ac0000, 0xa7000000, 0xa7000000)
  eden space 258304K, 0% used [0x91ac0000,0x91ac0000,0xa1700000)
  from space 45568K, 9% used [0xa1700000,0xa1b2fb30,0xa4380000)
  to   space 44800K, 0% used [0xa4440000,0xa4440000,0xa7000000)
 ParOldGen       total 154368K, used 82434K [0x67000000, 0x706c0000, 0x91ac0000)
  object space 154368K, 53% used [0x67000000,0x6c080a10,0x706c0000)
 Metaspace       used 33135K, capacity 34398K, committed 34432K, reserved 35120K
Event: 199.936 GC heap after
Heap after GC invocations=24 (full 5):
 PSYoungGen      total 303872K, used 0K [0x91ac0000, 0xa7000000, 0xa7000000)
  eden space 258304K, 0% used [0x91ac0000,0x91ac0000,0xa1700000)
  from space 45568K, 0% used [0xa1700000,0xa1700000,0xa4380000)
  to   space 44800K, 0% used [0xa4440000,0xa4440000,0xa7000000)
 ParOldGen       total 154368K, used 48664K [0x67000000, 0x706c0000, 0x91ac0000)
  object space 154368K, 31% used [0x67000000,0x69f86210,0x706c0000)
 Metaspace       used 33135K, capacity 34398K, committed 34432K, reserved 35120K
}

Deoptimization events (10 events):
Event: 422.510 Thread 0x09159000 Uncommon trap: reason=class_check action=maybe_recompile pc=0xa771d0dc method=com.google.common.collect.AbstractMapBasedMultimap.iteratorOrListIterator(Ljava/util/Collection;)Ljava/util/Iterator; @ 1
Event: 422.510 Thread 0x09159000 Uncommon trap: reason=class_check action=maybe_recompile pc=0xa7bd423c method=com.google.common.collect.AbstractMapBasedMultimap$WrappedCollection.refreshIfEmpty()V @ 40
Event: 422.510 Thread 0x09159000 Uncommon trap: reason=class_check action=maybe_recompile pc=0xa7d88140 method=com.google.common.collect.AbstractMapBasedMultimap$WrappedCollection.refreshIfEmpty()V @ 40
Event: 422.517 Thread 0x09159000 Uncommon trap: reason=class_check action=maybe_recompile pc=0xa771d0dc method=com.google.common.collect.AbstractMapBasedMultimap.iteratorOrListIterator(Ljava/util/Collection;)Ljava/util/Iterator; @ 1
Event: 422.527 Thread 0x09159000 Uncommon trap: reason=class_check action=maybe_recompile pc=0xa771d0dc method=com.google.common.collect.AbstractMapBasedMultimap.iteratorOrListIterator(Ljava/util/Collection;)Ljava/util/Iterator; @ 1
Event: 422.608 Thread 0x09159000 Uncommon trap: reason=class_check action=maybe_recompile pc=0xa771d0dc method=com.google.common.collect.AbstractMapBasedMultimap.iteratorOrListIterator(Ljava/util/Collection;)Ljava/util/Iterator; @ 1
Event: 422.648 Thread 0x09159000 Uncommon trap: reason=array_check action=maybe_recompile pc=0xa7fd9f34 method=java.util.ComparableTimSort.binarySort([Ljava/lang/Object;III)V @ 215
Event: 422.649 Thread 0x09159000 Uncommon trap: reason=array_check action=maybe_recompile pc=0xa7fd9fc8 method=java.util.ComparableTimSort.binarySort([Ljava/lang/Object;III)V @ 193
Event: 422.649 Thread 0x09159000 Uncommon trap: reason=array_check action=maybe_recompile pc=0xa7fd9f34 method=java.util.ComparableTimSort.binarySort([Ljava/lang/Object;III)V @ 215
Event: 422.649 Thread 0x09159000 Uncommon trap: reason=array_check action=maybe_recompile pc=0xa7fd9fc8 method=java.util.ComparableTimSort.binarySort([Ljava/lang/Object;III)V @ 193

Internal exceptions (10 events):
Event: 421.718 Thread 0x09159000 Exception <a 'java/security/PrivilegedActionException'> (0x929451f8) thrown at [/HUDSON/workspace/8-2-build-linux-i586/jdk8u5/2488/hotspot/src/share/vm/prims/jvm.cpp, line 1248]
Event: 421.719 Thread 0x09159000 Exception <a 'java/security/PrivilegedActionException'> (0x9294efb8) thrown at [/HUDSON/workspace/8-2-build-linux-i586/jdk8u5/2488/hotspot/src/share/vm/prims/jvm.cpp, line 1248]
Event: 421.723 Thread 0x09159000 Exception <a 'java/security/PrivilegedActionException'> (0x92954870) thrown at [/HUDSON/workspace/8-2-build-linux-i586/jdk8u5/2488/hotspot/src/share/vm/prims/jvm.cpp, line 1248]
Event: 421.723 Thread 0x09159000 Exception <a 'java/security/PrivilegedActionException'> (0x92955ca8) thrown at [/HUDSON/workspace/8-2-build-linux-i586/jdk8u5/2488/hotspot/src/share/vm/prims/jvm.cpp, line 1248]
Event: 421.723 Thread 0x09159000 Exception <a 'java/security/PrivilegedActionException'> (0x9295ed28) thrown at [/HUDSON/workspace/8-2-build-linux-i586/jdk8u5/2488/hotspot/src/share/vm/prims/jvm.cpp, line 1248]
Event: 421.724 Thread 0x09159000 Exception <a 'java/security/PrivilegedActionException'> (0x92961640) thrown at [/HUDSON/workspace/8-2-build-linux-i586/jdk8u5/2488/hotspot/src/share/vm/prims/jvm.cpp, line 1248]
Event: 421.725 Thread 0x09159000 Exception <a 'java/security/PrivilegedActionException'> (0x92967430) thrown at [/HUDSON/workspace/8-2-build-linux-i586/jdk8u5/2488/hotspot/src/share/vm/prims/jvm.cpp, line 1248]
Event: 421.725 Thread 0x09159000 Exception <a 'java/security/PrivilegedActionException'> (0x92968c30) thrown at [/HUDSON/workspace/8-2-build-linux-i586/jdk8u5/2488/hotspot/src/share/vm/prims/jvm.cpp, line 1248]
Event: 421.725 Thread 0x09159000 Exception <a 'java/security/PrivilegedActionException'> (0x92972bb8) thrown at [/HUDSON/workspace/8-2-build-linux-i586/jdk8u5/2488/hotspot/src/share/vm/prims/jvm.cpp, line 1248]
Event: 422.663 Thread 0x09159000 Implicit null exception at 0xa9119f23 to 0x00000000

Events (10 events):
Event: 422.649 Thread 0x09159000 DEOPT PACKING pc=0xa7fd9fc8 sp=0x623ab8d0
Event: 422.649 Thread 0x09159000 DEOPT UNPACKING pc=0xa75bcbc6 sp=0x623ab8bc mode 2
Event: 422.649 Thread 0x09159000 Uncommon trap: trap_request=0xffffffd6 fr.pc=0xa7fd9f34
Event: 422.649 Thread 0x09159000 DEOPT PACKING pc=0xa7fd9f34 sp=0x623ab8d0
Event: 422.649 Thread 0x09159000 DEOPT UNPACKING pc=0xa75bcbc6 sp=0x623ab8bc mode 2
Event: 422.649 Thread 0x09159000 Uncommon trap: trap_request=0xffffffd6 fr.pc=0xa7fd9fc8
Event: 422.649 Thread 0x09159000 DEOPT PACKING pc=0xa7fd9fc8 sp=0x623ab8d0
Event: 422.649 Thread 0x09159000 DEOPT UNPACKING pc=0xa75bcbc6 sp=0x623ab8bc mode 2
Event: 422.659 Thread 0x09159000 DEOPT PACKING pc=0xa7c9b781 sp=0x623aa980
Event: 422.659 Thread 0x09159000 DEOPT UNPACKING pc=0xa75be5c1 sp=0x623aa824 mode 0


Dynamic libraries:
08048000-08049000 r-xp 00000000 08:01 10639390   /usr/lib/jvm/jdk1.8.0_05/bin/java
08049000-0804a000 rw-p 00000000 08:01 10639390   /usr/lib/jvm/jdk1.8.0_05/bin/java
09146000-091a2000 rw-p 00000000 00:00 0          [heap]
5c200000-5c300000 rw-p 00000000 00:00 0 
5c300000-5c3f8000 rw-p 00000000 00:00 0 
5c3f8000-5c400000 ---p 00000000 00:00 0 
5c47a000-5c600000 rw-p 00000000 00:00 0 
5c600000-5c62d000 rw-p 00000000 00:00 0 
5c62d000-5c700000 ---p 00000000 00:00 0 
5c700000-5c8f0000 rw-p 00000000 00:00 0 
5c8f0000-5c900000 ---p 00000000 00:00 0 
5c900000-5c9fe000 rw-p 00000000 00:00 0 
5c9fe000-5ca00000 ---p 00000000 00:00 0 
5ca00000-5cb00000 rw-p 00000000 00:00 0 
5cb00000-5cbfd000 rw-p 00000000 00:00 0 
5cbfd000-5cc00000 ---p 00000000 00:00 0 
5cc00000-5cd00000 rw-p 00000000 00:00 0 
5cd00000-5cdf9000 rw-p 00000000 00:00 0 
5cdf9000-5ce00000 ---p 00000000 00:00 0 
5ce57000-5cf57000 rw-p 00000000 00:00 0 
5d009000-5d00c000 ---p 00000000 00:00 0 
5d00c000-5d05a000 rw-p 00000000 00:00 0 
5d05a000-5d05d000 ---p 00000000 00:00 0 
5d05d000-5d0ab000 rw-p 00000000 00:00 0 
5d0ab000-5d0ae000 ---p 00000000 00:00 0 
5d0ae000-5d0c4000 rw-p 00000000 00:00 0 
5d0c4000-5d0c7000 ---p 00000000 00:00 0 
5d0c7000-5d115000 rw-p 00000000 00:00 0 
5d115000-5d118000 ---p 00000000 00:00 0 
5d118000-5d166000 rw-p 00000000 00:00 0 
5d166000-5d169000 ---p 00000000 00:00 0 
5d169000-5d1b7000 rw-p 00000000 00:00 0 
5d1b7000-5d1ba000 ---p 00000000 00:00 0 
5d1ba000-5d208000 rw-p 00000000 00:00 0 
5d208000-5d20b000 ---p 00000000 00:00 0 
5d20b000-5d259000 rw-p 00000000 00:00 0 
5d259000-5d25c000 ---p 00000000 00:00 0 
5d25c000-5d2aa000 rw-p 00000000 00:00 0 
5d2aa000-5d2ad000 ---p 00000000 00:00 0 
5d2ad000-5d2fb000 rw-p 00000000 00:00 0 
5d2fb000-5d2fe000 ---p 00000000 00:00 0 
5d2fe000-5d34c000 rw-p 00000000 00:00 0 
5d34c000-5d34f000 ---p 00000000 00:00 0 
5d34f000-5d39d000 rw-p 00000000 00:00 0 
5d39d000-5d3a0000 ---p 00000000 00:00 0 
5d3a0000-5d3b6000 rw-p 00000000 00:00 0 
5d3b6000-5d3b9000 ---p 00000000 00:00 0 
5d3b9000-5d407000 rw-p 00000000 00:00 0 
5d407000-5d40a000 ---p 00000000 00:00 0 
5d40a000-5d458000 rw-p 00000000 00:00 0 
5d458000-5d45b000 ---p 00000000 00:00 0 
5d45b000-5d471000 rw-p 00000000 00:00 0 
5d471000-5d474000 ---p 00000000 00:00 0 
5d474000-5d4c2000 rw-p 00000000 00:00 0 
5d4c2000-5d4c5000 ---p 00000000 00:00 0 
5d4c5000-5d513000 rw-p 00000000 00:00 0 
5d513000-5d516000 ---p 00000000 00:00 0 
5d516000-5d52c000 rw-p 00000000 00:00 0 
5d52c000-5d52f000 ---p 00000000 00:00 0 
5d52f000-5d57d000 rw-p 00000000 00:00 0 
5d57d000-5d580000 ---p 00000000 00:00 0 
5d580000-5d5ce000 rw-p 00000000 00:00 0 
5d5ce000-5d5d1000 ---p 00000000 00:00 0 
5d5d1000-5d61f000 rw-p 00000000 00:00 0 
5d61f000-5d622000 ---p 00000000 00:00 0 
5d622000-5d670000 rw-p 00000000 00:00 0 
5d670000-5d673000 ---p 00000000 00:00 0 
5d673000-5d6c1000 rw-p 00000000 00:00 0 
5d6c1000-5d6c4000 ---p 00000000 00:00 0 
5d6c4000-5d712000 rw-p 00000000 00:00 0 
5d712000-5d715000 ---p 00000000 00:00 0 
5d715000-5d763000 rw-p 00000000 00:00 0 
5d763000-5d766000 ---p 00000000 00:00 0 
5d766000-5d7b4000 rw-p 00000000 00:00 0 
5d7b4000-5d7b7000 ---p 00000000 00:00 0 
5d7b7000-5d805000 rw-p 00000000 00:00 0 
5d805000-5d808000 ---p 00000000 00:00 0 
5d808000-5d856000 rw-p 00000000 00:00 0 
5d856000-5d859000 ---p 00000000 00:00 0 
5d859000-5d8a7000 rw-p 00000000 00:00 0 
5d8a7000-5d8aa000 ---p 00000000 00:00 0 
5d8aa000-5d8f8000 rw-p 00000000 00:00 0 
5d8f8000-5d8fb000 ---p 00000000 00:00 0 
5d8fb000-5d949000 rw-p 00000000 00:00 0 
5d949000-5d94c000 ---p 00000000 00:00 0 
5d94c000-5d99a000 rw-p 00000000 00:00 0 
5d99a000-5d99d000 ---p 00000000 00:00 0 
5d99d000-5d9eb000 rw-p 00000000 00:00 0 
5d9eb000-5d9ee000 ---p 00000000 00:00 0 
5d9ee000-5da3c000 rw-p 00000000 00:00 0 
5da3c000-5da3f000 ---p 00000000 00:00 0 
5da3f000-5da8d000 rw-p 00000000 00:00 0 
5da8d000-5da90000 ---p 00000000 00:00 0 
5da90000-5dade000 rw-p 00000000 00:00 0 
5dade000-5dae1000 ---p 00000000 00:00 0 
5dae1000-5db2f000 rw-p 00000000 00:00 0 
5db2f000-5db32000 ---p 00000000 00:00 0 
5db32000-5db80000 rw-p 00000000 00:00 0 
5db80000-5db83000 ---p 00000000 00:00 0 
5db83000-5dbd1000 rw-p 00000000 00:00 0 
5dbd1000-5dbd4000 ---p 00000000 00:00 0 
5dbd4000-5dbea000 rw-p 00000000 00:00 0 
5dbea000-5dbed000 ---p 00000000 00:00 0 
5dbed000-5dc3b000 rw-p 00000000 00:00 0 
5dc3b000-5dc3e000 ---p 00000000 00:00 0 
5dc3e000-5dc8c000 rw-p 00000000 00:00 0 
5dc8c000-5dc8f000 ---p 00000000 00:00 0 
5dc8f000-5dca5000 rw-p 00000000 00:00 0 
5dca5000-5dca8000 ---p 00000000 00:00 0 
5dca8000-5dcf6000 rw-p 00000000 00:00 0 
5dcf6000-5dcf9000 ---p 00000000 00:00 0 
5dcf9000-5dd47000 rw-p 00000000 00:00 0 
5dd47000-5dd4a000 ---p 00000000 00:00 0 
5dd4a000-5dd60000 rw-p 00000000 00:00 0 
5dd60000-5dd63000 ---p 00000000 00:00 0 
5dd63000-5dd79000 rw-p 00000000 00:00 0 
5dd79000-5dd7c000 ---p 00000000 00:00 0 
5dd7c000-5dd92000 rw-p 00000000 00:00 0 
5dd92000-5dd95000 ---p 00000000 00:00 0 
5dd95000-5ddab000 rw-p 00000000 00:00 0 
5ddab000-5ddae000 ---p 00000000 00:00 0 
5ddae000-5ddc4000 rw-p 00000000 00:00 0 
5ddc4000-5ddc7000 ---p 00000000 00:00 0 
5ddc7000-5dddd000 rw-p 00000000 00:00 0 
5dddd000-5dde0000 ---p 00000000 00:00 0 
5dde0000-5ddf6000 rw-p 00000000 00:00 0 
5ddf6000-5ddf9000 ---p 00000000 00:00 0 
5ddf9000-5de0f000 rw-p 00000000 00:00 0 
5de0f000-5de12000 ---p 00000000 00:00 0 
5de12000-5de28000 rw-p 00000000 00:00 0 
5de28000-5de2b000 ---p 00000000 00:00 0 
5de2b000-5de41000 rw-p 00000000 00:00 0 
5de41000-5de44000 ---p 00000000 00:00 0 
5de44000-5de92000 rw-p 00000000 00:00 0 
5de92000-5de95000 ---p 00000000 00:00 0 
5de95000-5dee3000 rw-p 00000000 00:00 0 
5dee3000-5dee6000 ---p 00000000 00:00 0 
5dee6000-5df34000 rw-p 00000000 00:00 0 
5df34000-5df37000 ---p 00000000 00:00 0 
5df37000-5df85000 rw-p 00000000 00:00 0 
5df85000-5df88000 ---p 00000000 00:00 0 
5df88000-5dfd6000 rw-p 00000000 00:00 0 
5dfd6000-5dfd9000 ---p 00000000 00:00 0 
5dfd9000-5e027000 rw-p 00000000 00:00 0 
5e027000-5e02a000 ---p 00000000 00:00 0 
5e02a000-5e078000 rw-p 00000000 00:00 0 
5e078000-5e07b000 ---p 00000000 00:00 0 
5e07b000-5e0c9000 rw-p 00000000 00:00 0 
5e0c9000-5e0cc000 ---p 00000000 00:00 0 
5e0cc000-5e11a000 rw-p 00000000 00:00 0 
5e11a000-5e11d000 ---p 00000000 00:00 0 
5e11d000-5e16b000 rw-p 00000000 00:00 0 
5e16b000-5e16e000 ---p 00000000 00:00 0 
5e16e000-5e1bc000 rw-p 00000000 00:00 0 
5e1bc000-5e1bf000 ---p 00000000 00:00 0 
5e1bf000-5e20d000 rw-p 00000000 00:00 0 
5e20d000-5e210000 ---p 00000000 00:00 0 
5e210000-5e25e000 rw-p 00000000 00:00 0 
5e25e000-5e261000 ---p 00000000 00:00 0 
5e261000-5e2af000 rw-p 00000000 00:00 0 
5e2af000-5e2b2000 ---p 00000000 00:00 0 
5e2b2000-5e300000 rw-p 00000000 00:00 0 
5e300000-5e3ff000 rw-p 00000000 00:00 0 
5e3ff000-5e400000 ---p 00000000 00:00 0 
5e40d000-5e410000 ---p 00000000 00:00 0 
5e410000-5e45e000 rw-p 00000000 00:00 0 
5e45e000-5e461000 ---p 00000000 00:00 0 
5e461000-5e4af000 rw-p 00000000 00:00 0 
5e4af000-5e4b2000 ---p 00000000 00:00 0 
5e4b2000-5e600000 rw-p 00000000 00:00 0 
5e600000-5e700000 rw-p 00000000 00:00 0 
5e700000-5e800000 rw-p 00000000 00:00 0 
5e800000-5e8d9000 rw-p 00000000 00:00 0 
5e8d9000-5e900000 ---p 00000000 00:00 0 
5e900000-5ea00000 rw-p 00000000 00:00 0 
5ea00000-5eafb000 rw-p 00000000 00:00 0 
5eafb000-5eb00000 ---p 00000000 00:00 0 
5eb00000-5ec00000 rw-p 00000000 00:00 0 
5ec00000-5ecef000 rw-p 00000000 00:00 0 
5ecef000-5ed00000 ---p 00000000 00:00 0 
5ed00000-5ee00000 rw-p 00000000 00:00 0 
5ee09000-5ef09000 rw-p 00000000 00:00 0 
5ef09000-5ef0c000 ---p 00000000 00:00 0 
5ef0c000-5ef22000 rw-p 00000000 00:00 0 
5ef22000-5ef25000 ---p 00000000 00:00 0 
5ef25000-5ef73000 rw-p 00000000 00:00 0 
5ef73000-5ef76000 ---p 00000000 00:00 0 
5ef76000-5f0c4000 rw-p 00000000 00:00 0 
5f0c4000-5f1c4000 rw-p 00000000 00:00 0 
5f1d7000-5f1da000 ---p 00000000 00:00 0 
5f1da000-5f1f0000 rw-p 00000000 00:00 0 
5f1f0000-5f1f3000 ---p 00000000 00:00 0 
5f1f3000-5f341000 rw-p 00000000 00:00 0 
5f345000-5f348000 ---p 00000000 00:00 0 
5f348000-5f35e000 rw-p 00000000 00:00 0 
5f35e000-5f361000 ---p 00000000 00:00 0 
5f361000-5f3af000 rw-p 00000000 00:00 0 
5f3af000-5f3b2000 ---p 00000000 00:00 0 
5f3b2000-5f400000 rw-p 00000000 00:00 0 
5f400000-5f500000 rw-p 00000000 00:00 0 
5f500000-5f5fa000 rw-p 00000000 00:00 0 
5f5fa000-5f600000 ---p 00000000 00:00 0 
5f600000-5f700000 rw-p 00000000 00:00 0 
5f700000-5f900000 rw-p 00000000 00:00 0 
5f900000-5f9f7000 rw-p 00000000 00:00 0 
5f9f7000-5fa00000 ---p 00000000 00:00 0 
5fa00000-5fb80000 rw-p 00000000 00:00 0 
5fb80000-5fc00000 ---p 00000000 00:00 0 
5fc00000-5fcfa000 rw-p 00000000 00:00 0 
5fcfa000-5fd00000 ---p 00000000 00:00 0 
5fd00000-5fdd0000 rw-p 00000000 00:00 0 
5fdd0000-5fe00000 ---p 00000000 00:00 0 
5fe00000-5ff00000 rw-p 00000000 00:00 0 
5ff00000-600e7000 rw-p 00000000 00:00 0 
600e7000-60100000 ---p 00000000 00:00 0 
60100000-601eb000 rw-p 00000000 00:00 0 
601eb000-60200000 ---p 00000000 00:00 0 
60200000-602fd000 rw-p 00000000 00:00 0 
602fd000-60300000 ---p 00000000 00:00 0 
60300000-603fe000 rw-p 00000000 00:00 0 
603fe000-60400000 ---p 00000000 00:00 0 
60400000-60500000 rw-p 00000000 00:00 0 
60500000-60600000 rw-p 00000000 00:00 0 
6060d000-6060e000 rw-p 00000000 00:00 0 
6060e000-60611000 ---p 00000000 00:00 0 
60611000-6065f000 rw-p 00000000 00:00 0          [stack:8220]
6065f000-60672000 r--s 00345000 08:01 10244898   /usr/lib/jvm/jdk1.8.0_05/jre/lib/resources.jar
60672000-6067a000 r-xp 00000000 08:01 10384860   /usr/lib/jvm/jdk1.8.0_05/jre/lib/i386/libmanagement.so
6067a000-6067b000 rw-p 00007000 08:01 10384860   /usr/lib/jvm/jdk1.8.0_05/jre/lib/i386/libmanagement.so
6067b000-60683000 r--s 000a8000 08:07 9449341    /home/rohit/Desktop/android-studio/gradle/m2repository/com/android/tools/external/lombok/lombok-ast/0.2.3/lombok-ast-0.2.3.jar
60683000-60684000 r--s 00004000 08:07 9449268    /home/rohit/Desktop/android-studio/gradle/m2repository/com/intellij/annotations/12.0/annotations-12.0.jar
60684000-60686000 r--s 0000d000 08:07 9449303    /home/rohit/Desktop/android-studio/gradle/m2repository/commons-codec/commons-codec/1.4/commons-codec-1.4.jar
60686000-60688000 r--s 0000d000 08:07 9449416    /home/rohit/Desktop/android-studio/gradle/m2repository/commons-logging/commons-logging/1.1.1/commons-logging-1.1.1.jar
60688000-6068d000 r--s 00028000 08:07 7626004    /home/rohit/Desktop/android-studio/gradle/m2repository/org/apache/httpcomponents/httpcore/4.1/httpcore-4.1.jar
6068d000-60690000 r--s 0002d000 08:07 9446831    /home/rohit/Desktop/android-studio/gradle/m2repository/com/android/tools/lint/lint-api/24.3.0/lint-api-24.3.0.jar
60690000-60691000 r--s 00004000 08:07 9713542    /home/rohit/Desktop/android-studio/gradle/m2repository/org/ow2/asm/asm-analysis/5.0.3/asm-analysis-5.0.3.jar
60691000-60698000 r--s 00053000 08:07 11680389   /home/rohit/Desktop/android-studio/gradle/m2repository/org/apache/commons/commons-compress/1.8.1/commons-compress-1.8.1.jar
60698000-6069d000 r--s 0002a000 08:07 9449310    /home/rohit/Desktop/android-studio/gradle/m2repository/com/google/code/gson/gson/2.2.4/gson-2.2.4.jar
6069d000-6069f000 r--s 00005000 08:07 7092823    /home/rohit/Desktop/android-studio/gradle/m2repository/org/apache/httpcomponents/httpmime/4.1/httpmime-4.1.jar
6069f000-606a2000 r--s 00013000 08:07 9446844    /home/rohit/Desktop/android-studio/gradle/m2repository/com/android/tools/layoutlib/layoutlib-api/24.3.0/layoutlib-api-24.3.0.jar
606a2000-606aa000 r--s 0004e000 08:07 14295879   /home/rohit/Desktop/android-studio/gradle/m2repository/org/apache/httpcomponents/httpclient/4.1.1/httpclient-4.1.1.jar
606aa000-606ab000 r--s 00005000 08:07 9448628    /home/rohit/Desktop/android-studio/gradle/m2repository/com/android/tools/dvlib/24.3.0/dvlib-24.3.0.jar
606ab000-606ac000 r--s 0000a000 08:07 9449431    /home/rohit/Desktop/android-studio/gradle/m2repository/net/sf/kxml/kxml2/2.3.0/kxml2-2.3.0.jar
606ac000-606ad000 r--s 00001000 08:07 9446838    /home/rohit/Desktop/android-studio/gradle/m2repository/com/android/tools/annotations/24.3.0/annotations-24.3.0.jar
606ad000-606d8000 r--s 001f9000 08:07 9449305    /home/rohit/Desktop/android-studio/gradle/m2repository/com/google/guava/guava/17.0/guava-17.0.jar
606d8000-606e8000 r--s 000d6000 08:07 9449272    /home/rohit/Desktop/android-studio/gradle/m2repository/net/sf/proguard/proguard-base/5.2.1/proguard-base-5.2.1.jar
606e8000-606fa000 r--s 00223000 08:07 7876008    /home/rohit/Desktop/android-studio/gradle/m2repository/org/eclipse/jdt/core/compiler/ecj/4.4.2/ecj-4.4.2.jar
606fa000-60700000 r--s 0009f000 08:07 9446825    /home/rohit/Desktop/android-studio/gradle/m2repository/com/android/tools/lint/lint-checks/24.3.0/lint-checks-24.3.0.jar
60700000-607ec000 rw-p 00000000 00:00 0 
607ec000-60800000 ---p 00000000 00:00 0 
60800000-60900000 rw-p 00000000 00:00 0 
60900000-60a00000 rw-p 00000000 00:00 0 
60a00000-60afe000 rw-p 00000000 00:00 0 
60afe000-60b00000 ---p 00000000 00:00 0 
60b00000-60c00000 rw-p 00000000 00:00 0 
60c00000-60cff000 rw-p 00000000 00:00 0 
60cff000-60d00000 ---p 00000000 00:00 0 
60d00000-60e00000 rw-p 00000000 00:00 0 
60e00000-60efd000 rw-p 00000000 00:00 0 
60efd000-60f00000 ---p 00000000 00:00 0 
60f00000-60ffc000 rw-p 00000000 00:00 0 
60ffc000-61000000 ---p 00000000 00:00 0 
61000000-610e0000 rw-p 00000000 00:00 0 
610e0000-61100000 ---p 00000000 00:00 0 
61100000-61200000 rw-p 00000000 00:00 0 
61200000-613fa000 rw-p 00000000 00:00 0 
613fa000-61400000 ---p 00000000 00:00 0 
61400000-614fa000 rw-p 00000000 00:00 0 
614fa000-61500000 ---p 00000000 00:00 0 
61500000-615e3000 rw-p 00000000 00:00 0 
615e3000-61600000 ---p 00000000 00:00 0 
61600000-61700000 rw-p 00000000 00:00 0 
61700000-617f9000 rw-p 00000000 00:00 0 
617f9000-61800000 ---p 00000000 00:00 0 
61800000-61900000 rw-p 00000000 00:00 0 
61900000-619f0000 rw-p 00000000 00:00 0 
619f0000-61a00000 ---p 00000000 00:00 0 
61a00000-61bfb000 rw-p 00000000 00:00 0 
61bfb000-61c00000 ---p 00000000 00:00 0 
61c00000-61d00000 rw-p 00000000 00:00 0 
61d00000-61e00000 rw-p 00000000 00:00 0 
61e00000-61e01000 r--s 00002000 08:07 9448659    /home/rohit/Desktop/android-studio/gradle/m2repository/com/android/tools/build/builder-test-api/1.3.0/builder-test-api-1.3.0.jar
61e01000-61e0f000 r--s 00081000 08:07 9449434    /home/rohit/Desktop/android-studio/gradle/m2repository/org/bouncycastle/bcpkix-jdk15on/1.48/bcpkix-jdk15on-1.48.jar
61e0f000-61e10000 r--s 0000c000 08:07 9449465    /home/rohit/Desktop/android-studio/gradle/m2repository/org/ow2/asm/asm/5.0.3/asm-5.0.3.jar
61e10000-61e12000 r--s 00006000 08:07 9446815    /home/rohit/Desktop/android-studio/gradle/m2repository/com/android/tools/jack/jack-api/0.9.0/jack-api-0.9.0.jar
61e12000-61e15000 r--s 00028000 08:07 9448715    /home/rohit/Desktop/android-studio/gradle/m2repository/com/android/tools/build/manifest-merger/24.3.0/manifest-merger-24.3.0.jar
61e15000-61e1f000 r--s 000ab000 08:07 9448851    /home/rohit/Desktop/android-studio/gradle/m2repository/com/android/tools/sdklib/24.3.0/sdklib-24.3.0.jar
61e1f000-61e23000 r--s 00044000 08:07 9448640    /home/rohit/Desktop/android-studio/gradle/m2repository/com/android/tools/ddms/ddmlib/24.3.0/ddmlib-24.3.0.jar
61e23000-61e25000 r--s 00005000 08:07 9449264    /home/rohit/Desktop/android-studio/gradle/m2repository/com/android/tools/jill/jill-api/0.9.0/jill-api-0.9.0.jar
61e25000-61e27000 r--s 00002000 08:07 9449314    /home/rohit/Desktop/android-studio/gradle/m2repository/com/squareup/javawriter/2.5.0/javawriter-2.5.0.jar
61e27000-61e29000 r--s 00006000 08:07 9449455    /home/rohit/Desktop/android-studio/gradle/m2repository/org/ow2/asm/asm-tree/5.0.3/asm-tree-5.0.3.jar
61e29000-61e2a000 r--s 00005000 08:07 9448652    /home/rohit/Desktop/android-studio/gradle/m2repository/com/android/tools/build/builder-model/1.3.0/builder-model-1.3.0.jar
61e2a000-61e5d000 r--s 00203000 08:07 9449437    /home/rohit/Desktop/android-studio/gradle/m2repository/org/bouncycastle/bcprov-jdk15on/1.48/bcprov-jdk15on-1.48.jar
61e5d000-61e5f000 r--s 00015000 08:07 9448635    /home/rohit/Desktop/android-studio/gradle/m2repository/com/android/tools/common/24.3.0/common-24.3.0.jar
61e5f000-61e66000 r--s 00068000 08:07 9448624    /home/rohit/Desktop/android-studio/gradle/m2repository/com/android/tools/sdk-common/24.3.0/sdk-common-24.3.0.jar
61e66000-61e67000 r--s 00002000 08:07 9449280    /home/rohit/Desktop/android-studio/gradle/m2repository/net/sf/proguard/proguard-gradle/5.2.1/proguard-gradle-5.2.1.jar
61e67000-61e6d000 r--s 0003f000 08:07 9448646    /home/rohit/Desktop/android-studio/gradle/m2repository/com/android/tools/build/builder/1.3.0/builder-1.3.0.jar
61e6d000-61e82000 r--s 00148000 08:07 9448672    /home/rohit/Desktop/android-studio/gradle/m2repository/com/android/tools/build/gradle-core/1.3.0/gradle-core-1.3.0.jar
61e82000-61e85000 ---p 00000000 00:00 0 
61e85000-61ed3000 rw-p 00000000 00:00 0          [stack:7119]
61ed3000-61ed6000 ---p 00000000 00:00 0 
61ed6000-61fec000 rw-p 00000000 00:00 0 
61fec000-620ec000 rw-p 00000000 00:00 0 
620ec000-62164000 r--s 010c6000 08:01 9447917    /usr/lib/jvm/jdk1.8.0_05/lib/tools.jar
62164000-62264000 rw-p 00000000 00:00 0 
62264000-62267000 ---p 00000000 00:00 0 
62267000-622b5000 rw-p 00000000 00:00 0 
622b5000-622bc000 r--s 00000000 08:01 9178848    /usr/lib/i386-linux-gnu/gconv/gconv-modules.cache
622bc000-622bf000 ---p 00000000 00:00 0 
622bf000-6230d000 rw-p 00000000 00:00 0          [stack:8217]
6230d000-62310000 ---p 00000000 00:00 0 
62310000-6235e000 rw-p 00000000 00:00 0          [stack:8216]
6235e000-62361000 ---p 00000000 00:00 0 
62361000-623af000 rw-p 00000000 00:00 0          [stack:8218]
623af000-623b2000 ---p 00000000 00:00 0 
623b2000-62500000 rw-p 00000000 00:00 0          [stack:8215]
62500000-62590000 rw-p 00000000 00:00 0 
62590000-62600000 ---p 00000000 00:00 0 
62600000-62700000 rw-p 00000000 00:00 0 
62700000-62800000 rw-p 00000000 00:00 0 
62800000-62803000 r--s 00020000 08:07 9446821    /home/rohit/Desktop/android-studio/gradle/m2repository/com/android/tools/lint/lint/24.3.0/lint-24.3.0.jar
62803000-62805000 r--s 00012000 08:07 9448667    /home/rohit/Desktop/android-studio/gradle/m2repository/com/android/tools/build/gradle/1.3.0/gradle-1.3.0.jar
62805000-62806000 r--p 00000000 00:00 0 
62806000-62809000 ---p 00000000 00:00 0 
62809000-62857000 rw-p 00000000 00:00 0          [stack:7109]
62857000-6285c000 r--s 00092000 08:01 10244906   /usr/lib/jvm/jdk1.8.0_05/jre/lib/jsse.jar
6285c000-6285d000 r--s 00002000 08:07 9984952    /home/rohit/.gradle/wrapper/dists/gradle-2.4-all/6r4uqcc6ovnq6ac6s0txzcpc0/gradle-2.4/lib/plugins/gradle-tooling-api-builders-2.4.jar
6285d000-6286c000 r--s 00081000 08:07 9984997    /home/rohit/.gradle/wrapper/dists/gradle-2.4-all/6r4uqcc6ovnq6ac6s0txzcpc0/gradle-2.4/lib/plugins/joda-time-2.7.jar
6286c000-6287d000 r--s 000cf000 08:07 9984996    /home/rohit/.gradle/wrapper/dists/gradle-2.4-all/6r4uqcc6ovnq6ac6s0txzcpc0/gradle-2.4/lib/plugins/jackson-databind-2.3.2.jar
6287d000-6287f000 r--s 00007000 08:07 9984995    /home/rohit/.gradle/wrapper/dists/gradle-2.4-all/6r4uqcc6ovnq6ac6s0txzcpc0/gradle-2.4/lib/plugins/jackson-annotations-2.3.2.jar
6287f000-62882000 r--s 0002e000 08:07 9984994    /home/rohit/.gradle/wrapper/dists/gradle-2.4-all/6r4uqcc6ovnq6ac6s0txzcpc0/gradle-2.4/lib/plugins/jackson-core-2.3.2.jar
62882000-6288d000 r--s 0006b000 08:07 9984993    /home/rohit/.gradle/wrapper/dists/gradle-2.4-all/6r4uqcc6ovnq6ac6s0txzcpc0/gradle-2.4/lib/plugins/aws-java-sdk-core-1.9.19.jar
6288d000-62893000 r--s 00036000 08:07 9984992    /home/rohit/.gradle/wrapper/dists/gradle-2.4-all/6r4uqcc6ovnq6ac6s0txzcpc0/gradle-2.4/lib/plugins/aws-java-sdk-kms-1.9.19.jar
62893000-6289e000 r--s 00079000 08:07 9984991    /home/rohit/.gradle/wrapper/dists/gradle-2.4-all/6r4uqcc6ovnq6ac6s0txzcpc0/gradle-2.4/lib/plugins/aws-java-sdk-s3-1.9.19.jar
6289e000-6289f000 r--s 00003000 08:07 9984951    /home/rohit/.gradle/wrapper/dists/gradle-2.4-all/6r4uqcc6ovnq6ac6s0txzcpc0/gradle-2.4/lib/plugins/gradle-resources-s3-2.4.jar
6289f000-628a1000 r--s 00003000 08:07 9984950    /home/rohit/.gradle/wrapper/dists/gradle-2.4-all/6r4uqcc6ovnq6ac6s0txzcpc0/gradle-2.4/lib/plugins/gradle-resources-sftp-2.4.jar
628a1000-628a2000 r--s 00001000 08:07 9984947    /home/rohit/.gradle/wrapper/dists/gradle-2.4-all/6r4uqcc6ovnq6ac6s0txzcpc0/gradle-2.4/lib/plugins/gradle-plugin-development-2.4.jar
628a2000-628a3000 r--s 00005000 08:07 9984946    /home/rohit/.gradle/wrapper/dists/gradle-2.4-all/6r4uqcc6ovnq6ac6s0txzcpc0/gradle-2.4/lib/plugins/gradle-testing-native-2.4.jar
628a3000-628a8000 r--s 00036000 08:07 9984945    /home/rohit/.gradle/wrapper/dists/gradle-2.4-all/6r4uqcc6ovnq6ac6s0txzcpc0/gradle-2.4/lib/plugins/gradle-ide-native-2.4.jar
628a8000-628ad000 r--s 0001a000 08:07 9984944    /home/rohit/.gradle/wrapper/dists/gradle-2.4-all/6r4uqcc6ovnq6ac6s0txzcpc0/gradle-2.4/lib/plugins/gradle-language-native-2.4.jar
628ad000-628b2000 r--s 00022000 08:07 9984943    /home/rohit/.gradle/wrapper/dists/gradle-2.4-all/6r4uqcc6ovnq6ac6s0txzcpc0/gradle-2.4/lib/plugins/gradle-platform-play-2.4.jar
628b2000-628bf000 r--s 00057000 08:07 9984942    /home/rohit/.gradle/wrapper/dists/gradle-2.4-all/6r4uqcc6ovnq6ac6s0txzcpc0/gradle-2.4/lib/plugins/gradle-platform-native-2.4.jar
628bf000-628c2000 r--s 00008000 08:07 9984941    /home/rohit/.gradle/wrapper/dists/gradle-2.4-all/6r4uqcc6ovnq6ac6s0txzcpc0/gradle-2.4/lib/plugins/gradle-language-scala-2.4.jar
628c2000-628c4000 r--s 00009000 08:07 9984940    /home/rohit/.gradle/wrapper/dists/gradle-2.4-all/6r4uqcc6ovnq6ac6s0txzcpc0/gradle-2.4/lib/plugins/gradle-language-groovy-2.4.jar
628c4000-628ca000 r--s 00023000 08:07 9984939    /home/rohit/.gradle/wrapper/dists/gradle-2.4-all/6r4uqcc6ovnq6ac6s0txzcpc0/gradle-2.4/lib/plugins/gradle-language-java-2.4.jar
628ca000-628cc000 r--s 00008000 08:07 9984938    /home/rohit/.gradle/wrapper/dists/gradle-2.4-all/6r4uqcc6ovnq6ac6s0txzcpc0/gradle-2.4/lib/plugins/gradle-language-jvm-2.4.jar
628cc000-628ce000 r--s 00009000 08:07 9984937    /home/rohit/.gradle/wrapper/dists/gradle-2.4-all/6r4uqcc6ovnq6ac6s0txzcpc0/gradle-2.4/lib/plugins/gradle-platform-jvm-2.4.jar
628ce000-628d5000 r--s 00020000 08:07 9984936    /home/rohit/.gradle/wrapper/dists/gradle-2.4-all/6r4uqcc6ovnq6ac6s0txzcpc0/gradle-2.4/lib/plugins/gradle-platform-base-2.4.jar
628d5000-628d9000 r--s 00025000 08:07 9984935    /home/rohit/.gradle/wrapper/dists/gradle-2.4-all/6r4uqcc6ovnq6ac6s0txzcpc0/gradle-2.4/lib/plugins/gradle-build-init-2.4.jar
628d9000-628dc000 r--s 0001c000 08:07 9984934    /home/rohit/.gradle/wrapper/dists/gradle-2.4-all/6r4uqcc6ovnq6ac6s0txzcpc0/gradle-2.4/lib/plugins/gradle-jacoco-2.4.jar
628dc000-628df000 r--s 0000e000 08:07 9984933    /home/rohit/.gradle/wrapper/dists/gradle-2.4-all/6r4uqcc6ovnq6ac6s0txzcpc0/gradle-2.4/lib/plugins/gradle-ivy-2.4.jar
628df000-628e1000 r--s 00002000 08:07 9984932    /home/rohit/.gradle/wrapper/dists/gradle-2.4-all/6r4uqcc6ovnq6ac6s0txzcpc0/gradle-2.4/lib/plugins/gradle-publish-2.4.jar
628e1000-628e6000 r--s 00036000 08:07 9984930    /home/rohit/.gradle/wrapper/dists/gradle-2.4-all/6r4uqcc6ovnq6ac6s0txzcpc0/gradle-2.4/lib/plugins/gradle-diagnostics-2.4.jar
628e6000-628ed000 r--s 00094000 08:07 9984929    /home/rohit/.gradle/wrapper/dists/gradle-2.4-all/6r4uqcc6ovnq6ac6s0txzcpc0/gradle-2.4/lib/plugins/gradle-build-comparison-2.4.jar
628ed000-628f4000 r--s 00035000 08:07 9984986    /home/rohit/.gradle/wrapper/dists/gradle-2.4-all/6r4uqcc6ovnq6ac6s0txzcpc0/gradle-2.4/lib/plugins/simple-4.1.21.jar
628f4000-62900000 r--s 00100000 08:07 9984984    /home/rohit/.gradle/wrapper/dists/gradle-2.4-all/6r4uqcc6ovnq6ac6s0txzcpc0/gradle-2.4/lib/plugins/rhino-1.7R3.jar
62900000-629ff000 rw-p 00000000 00:00 0 
629ff000-62a00000 ---p 00000000 00:00 0 
62a00000-62b00000 rw-p 00000000 00:00 0 
62b00000-62b02000 r--s 00005000 08:07 9984987    /home/rohit/.gradle/wrapper/dists/gradle-2.4-all/6r4uqcc6ovnq6ac6s0txzcpc0/gradle-2.4/lib/plugins/jatl-0.2.2.jar
62b02000-62b04000 r--s 0000f000 08:07 9984931    /home/rohit/.gradle/wrapper/dists/gradle-2.4-all/6r4uqcc6ovnq6ac6s0txzcpc0/gradle-2.4/lib/plugins/gradle-reporting-2.4.jar
62b04000-62b09000 r--s 0001f000 08:07 9984928    /home/rohit/.gradle/wrapper/dists/gradle-2.4-all/6r4uqcc6ovnq6ac6s0txzcpc0/gradle-2.4/lib/plugins/gradle-javascript-2.4.jar
62b09000-62b0b000 r--s 0000e000 08:07 9984927    /home/rohit/.gradle/wrapper/dists/gradle-2.4-all/6r4uqcc6ovnq6ac6s0txzcpc0/gradle-2.4/lib/plugins/gradle-ear-2.4.jar
62b0b000-62b12000 r--s 00038000 08:07 9984983    /home/rohit/.gradle/wrapper/dists/gradle-2.4-all/6r4uqcc6ovnq6ac6s0txzcpc0/gradle-2.4/lib/plugins/bcpg-jdk15on-1.51.jar
62b12000-62b15000 r--s 0001d000 08:07 9984926    /home/rohit/.gradle/wrapper/dists/gradle-2.4-all/6r4uqcc6ovnq6ac6s0txzcpc0/gradle-2.4/lib/plugins/gradle-signing-2.4.jar
62b15000-62b16000 r--s 00002000 08:07 9984982    /home/rohit/.gradle/wrapper/dists/gradle-2.4-all/6r4uqcc6ovnq6ac6s0txzcpc0/gradle-2.4/lib/plugins/sonar-batch-bootstrapper-2.9.jar
62b16000-62b19000 r--s 00019000 08:07 9984925    /home/rohit/.gradle/wrapper/dists/gradle-2.4-all/6r4uqcc6ovnq6ac6s0txzcpc0/gradle-2.4/lib/plugins/gradle-sonar-2.4.jar
62b19000-62b1b000 r--s 00013000 08:07 9984924    /home/rohit/.gradle/wrapper/dists/gradle-2.4-all/6r4uqcc6ovnq6ac6s0txzcpc0/gradle-2.4/lib/plugins/gradle-scala-2.4.jar
62b1b000-62b1c000 r--s 0000e000 08:07 9984923    /home/rohit/.gradle/wrapper/dists/gradle-2.4-all/6r4uqcc6ovnq6ac6s0txzcpc0/gradle-2.4/lib/plugins/gradle-announce-2.4.jar
62b1c000-62b29000 r--s 000b9000 08:07 9984922    /home/rohit/.gradle/wrapper/dists/gradle-2.4-all/6r4uqcc6ovnq6ac6s0txzcpc0/gradle-2.4/lib/plugins/gradle-ide-2.4.jar
62b29000-62b2b000 r--s 00000000 08:07 9984981    /home/rohit/.gradle/wrapper/dists/gradle-2.4-all/6r4uqcc6ovnq6ac6s0txzcpc0/gradle-2.4/lib/plugins/plexus-component-annotations-1.5.2.jar
62b2b000-62b2e000 r--s 0000c000 08:07 9984980    /home/rohit/.gradle/wrapper/dists/gradle-2.4-all/6r4uqcc6ovnq6ac6s0txzcpc0/gradle-2.4/lib/plugins/pmaven-groovy-0.8-20100325.jar
62b2e000-62b2f000 r--s 00004000 08:07 9984979    /home/rohit/.gradle/wrapper/dists/gradle-2.4-all/6r4uqcc6ovnq6ac6s0txzcpc0/gradle-2.4/lib/plugins/pmaven-common-0.8-20100325.jar
62b2f000-62b31000 r--s 0000b000 08:07 9984978    /home/rohit/.gradle/wrapper/dists/gradle-2.4-all/6r4uqcc6ovnq6ac6s0txzcpc0/gradle-2.4/lib/plugins/wagon-provider-api-1.0-beta-6.jar
62b31000-62b32000 r--s 00003000 08:07 9984977    /home/rohit/.gradle/wrapper/dists/gradle-2.4-all/6r4uqcc6ovnq6ac6s0txzcpc0/gradle-2.4/lib/plugins/wagon-http-lightweight-1.0-beta-6.jar
62b32000-62b33000 r--s 00002000 08:07 9984976    /home/rohit/.gradle/wrapper/dists/gradle-2.4-all/6r4uqcc6ovnq6ac6s0txzcpc0/gradle-2.4/lib/plugins/wagon-file-1.0-beta-6.jar
62b33000-62b34000 r--s 0000b000 08:07 9984975    /home/rohit/.gradle/wrapper/dists/gradle-2.4-all/6r4uqcc6ovnq6ac6s0txzcpc0/gradle-2.4/lib/plugins/maven-settings-2.2.1.jar
62b34000-62b36000 r--s 00002000 08:07 9984974    /home/rohit/.gradle/wrapper/dists/gradle-2.4-all/6r4uqcc6ovnq6ac6s0txzcpc0/gradle-2.4/lib/plugins/maven-error-diagnostics-2.2.1.jar
62b36000-62b3a000 r--s 00023000 08:07 9984973    /home/rohit/.gradle/wrapper/dists/gradle-2.4-all/6r4uqcc6ovnq6ac6s0txzcpc0/gradle-2.4/lib/plugins/maven-project-2.2.1.jar
62b3a000-62b3c000 r--s 00014000 08:07 9984972    /home/rohit/.gradle/wrapper/dists/gradle-2.4-all/6r4uqcc6ovnq6ac6s0txzcpc0/gradle-2.4/lib/plugins/maven-model-2.2.1.jar
62b3c000-62b3e000 r--s 00005000 08:07 9984971    /home/rohit/.gradle/wrapper/dists/gradle-2.4-all/6r4uqcc6ovnq6ac6s0txzcpc0/gradle-2.4/lib/plugins/maven-repository-metadata-2.2.1.jar
62b3e000-62b40000 r--s 0000f000 08:07 9984970    /home/rohit/.gradle/wrapper/dists/gradle-2.4-all/6r4uqcc6ovnq6ac6s0txzcpc0/gradle-2.4/lib/plugins/maven-artifact-manager-2.2.1.jar
62b40000-62b43000 r--s 00011000 08:07 9984969    /home/rohit/.gradle/wrapper/dists/gradle-2.4-all/6r4uqcc6ovnq6ac6s0txzcpc0/gradle-2.4/lib/plugins/maven-artifact-2.2.1.jar
62b43000-62b45000 r--s 0000b000 08:07 9984968    /home/rohit/.gradle/wrapper/dists/gradle-2.4-all/6r4uqcc6ovnq6ac6s0txzcpc0/gradle-2.4/lib/plugins/plexus-interpolation-1.11.jar
62b45000-62b49000 r--s 00034000 08:07 9984967    /home/rohit/.gradle/wrapper/dists/gradle-2.4-all/6r4uqcc6ovnq6ac6s0txzcpc0/gradle-2.4/lib/plugins/plexus-utils-1.5.15.jar
62b49000-62b50000 r--s 00029000 08:07 9984966    /home/rohit/.gradle/wrapper/dists/gradle-2.4-all/6r4uqcc6ovnq6ac6s0txzcpc0/gradle-2.4/lib/plugins/plexus-container-default-1.0-alpha-9-stable-1.jar
62b50000-62b52000 r--s 00008000 08:07 9984965    /home/rohit/.gradle/wrapper/dists/gradle-2.4-all/6r4uqcc6ovnq6ac6s0txzcpc0/gradle-2.4/lib/plugins/classworlds-1.1-alpha-2.jar
62b52000-62b57000 r--s 00023000 08:07 9984921    /home/rohit/.gradle/wrapper/dists/gradle-2.4-all/6r4uqcc6ovnq6ac6s0txzcpc0/gradle-2.4/lib/plugins/gradle-maven-2.4.jar
62b57000-62b6f000 r--s 0013b000 08:07 9984964    /home/rohit/.gradle/wrapper/dists/gradle-2.4-all/6r4uqcc6ovnq6ac6s0txzcpc0/gradle-2.4/lib/plugins/bndlib-2.1.0.jar
62b6f000-62b71000 r--s 00004000 08:07 9984920    /home/rohit/.gradle/wrapper/dists/gradle-2.4-all/6r4uqcc6ovnq6ac6s0txzcpc0/gradle-2.4/lib/plugins/gradle-osgi-2.4.jar
62b71000-62b73000 r--s 00007000 08:07 9984919    /home/rohit/.gradle/wrapper/dists/gradle-2.4-all/6r4uqcc6ovnq6ac6s0txzcpc0/gradle-2.4/lib/plugins/gradle-antlr-2.4.jar
62b73000-62b76000 r--s 0001e000 08:07 9985006    /home/rohit/.gradle/wrapper/dists/gradle-2.4-all/6r4uqcc6ovnq6ac6s0txzcpc0/gradle-2.4/lib/plugins/jsp-api-2.1-6.1.14.jar
62b76000-62b99000 r--s 00344000 08:07 9985005    /home/rohit/.gradle/wrapper/dists/gradle-2.4-all/6r4uqcc6ovnq6ac6s0txzcpc0/gradle-2.4/lib/plugins/core-3.1.1.jar
62b99000-62b9a000 r--s 00006000 08:07 9985004    /home/rohit/.gradle/wrapper/dists/gradle-2.4-all/6r4uqcc6ovnq6ac6s0txzcpc0/gradle-2.4/lib/plugins/jetty-naming-6.1.25.jar
62b9a000-62b9b000 r--s 00002000 08:07 9984963    /home/rohit/.gradle/wrapper/dists/gradle-2.4-all/6r4uqcc6ovnq6ac6s0txzcpc0/gradle-2.4/lib/plugins/geronimo-annotation_1.0_spec-1.0.jar
62b9b000-62b9d000 r--s 00002000 08:07 9984962    /home/rohit/.gradle/wrapper/dists/gradle-2.4-all/6r4uqcc6ovnq6ac6s0txzcpc0/gradle-2.4/lib/plugins/jetty-annotations-6.1.25.jar
62b9d000-62bae000 r--s 000ea000 08:07 9984961    /home/rohit/.gradle/wrapper/dists/gradle-2.4-all/6r4uqcc6ovnq6ac6s0txzcpc0/gradle-2.4/lib/plugins/jsp-2.1-6.1.14.jar
62bae000-62bb0000 r--s 0000d000 08:07 9984960    /home/rohit/.gradle/wrapper/dists/gradle-2.4-all/6r4uqcc6ovnq6ac6s0txzcpc0/gradle-2.4/lib/plugins/jetty-plus-6.1.25.jar
62bb0000-62bb2000 r--s 0001f000 08:07 9984959    /home/rohit/.gradle/wrapper/dists/gradle-2.4-all/6r4uqcc6ovnq6ac6s0txzcpc0/gradle-2.4/lib/plugins/servlet-api-2.5-20081211.jar
62bb2000-62bb6000 r--s 00028000 08:07 9984958    /home/rohit/.gradle/wrapper/dists/gradle-2.4-all/6r4uqcc6ovnq6ac6s0txzcpc0/gradle-2.4/lib/plugins/jetty-util-6.1.25.jar
62bb6000-62bbd000 r--s 0007d000 08:07 9984957    /home/rohit/.gradle/wrapper/dists/gradle-2.4-all/6r4uqcc6ovnq6ac6s0txzcpc0/gradle-2.4/lib/plugins/jetty-6.1.25.jar
62bbd000-62bbf000 r--s 00009000 08:07 9984918    /home/rohit/.gradle/wrapper/dists/gradle-2.4-all/6r4uqcc6ovnq6ac6s0txzcpc0/gradle-2.4/lib/plugins/gradle-jetty-2.4.jar
62bbf000-62bc5000 r--s 00041000 08:07 9984917    /home/rohit/.gradle/wrapper/dists/gradle-2.4-all/6r4uqcc6ovnq6ac6s0txzcpc0/gradle-2.4/lib/plugins/gradle-code-quality-2.4.jar
62bc5000-62bc7000 r--s 00009000 08:07 9985012    /home/rohit/.gradle/wrapper/dists/gradle-2.4-all/6r4uqcc6ovnq6ac6s0txzcpc0/gradle-2.4/lib/plugins/hamcrest-core-1.3.jar
62bc7000-62bcd000 r--s 00033000 08:07 9985003    /home/rohit/.gradle/wrapper/dists/gradle-2.4-all/6r4uqcc6ovnq6ac6s0txzcpc0/gradle-2.4/lib/plugins/snakeyaml-1.6.jar
62bcd000-62bd2000 r--s 00040000 08:07 9985001    /home/rohit/.gradle/wrapper/dists/gradle-2.4-all/6r4uqcc6ovnq6ac6s0txzcpc0/gradle-2.4/lib/plugins/bsh-2.0b4.jar
62bd2000-62bdb000 r--s 00089000 08:07 9984955    /home/rohit/.gradle/wrapper/dists/gradle-2.4-all/6r4uqcc6ovnq6ac6s0txzcpc0/gradle-2.4/lib/plugins/testng-6.3.1.jar
62bdb000-62be8000 r--s 0007a000 08:07 9984916    /home/rohit/.gradle/wrapper/dists/gradle-2.4-all/6r4uqcc6ovnq6ac6s0txzcpc0/gradle-2.4/lib/plugins/gradle-plugins-2.4.jar
62be8000-62c00000 r--s 00115000 08:07 9985010    /home/rohit/.gradle/wrapper/dists/gradle-2.4-all/6r4uqcc6ovnq6ac6s0txzcpc0/gradle-2.4/lib/plugins/xercesImpl-2.9.1.jar
62c00000-62cfc000 rw-p 00000000 00:00 0 
62cfc000-62d00000 ---p 00000000 00:00 0 
62d00000-62df5000 rw-p 00000000 00:00 0 
62df5000-62e00000 ---p 00000000 00:00 0 
62e00000-62f00000 rw-p 00000000 00:00 0 
62f00000-62f02000 r--s 00006000 08:07 9985002    /home/rohit/.gradle/wrapper/dists/gradle-2.4-all/6r4uqcc6ovnq6ac6s0txzcpc0/gradle-2.4/lib/plugins/jcommander-1.12.jar
62f02000-62f0a000 r--s 00045000 08:07 9984954    /home/rohit/.gradle/wrapper/dists/gradle-2.4-all/6r4uqcc6ovnq6ac6s0txzcpc0/gradle-2.4/lib/plugins/junit-4.12.jar
62f0a000-62f12000 r--s 00028000 08:07 9985011    /home/rohit/.gradle/wrapper/dists/gradle-2.4-all/6r4uqcc6ovnq6ac6s0txzcpc0/gradle-2.4/lib/plugins/xml-apis-1.3.04.jar
62f12000-62f18000 r--s 0005b000 08:07 9985009    /home/rohit/.gradle/wrapper/dists/gradle-2.4-all/6r4uqcc6ovnq6ac6s0txzcpc0/gradle-2.4/lib/plugins/jcifs-1.3.17.jar
62f18000-62ff4000 r-xp 00000000 08:01 9179281    /usr/lib/i386-linux-gnu/libstdc++.so.6.0.19
62ff4000-62ff8000 r--p 000dc000 08:01 9179281    /usr/lib/i386-linux-gnu/libstdc++.so.6.0.19
62ff8000-62ff9000 rw-p 000e0000 08:01 9179281    /usr/lib/i386-linux-gnu/libstdc++.so.6.0.19
62ff9000-63000000 rw-p 00000000 00:00 0 
63000000-630ff000 rw-p 00000000 00:00 0 
630ff000-63100000 ---p 00000000 00:00 0 
63100000-63102000 r--s 00009000 08:07 9984956    /home/rohit/.gradle/wrapper/dists/gradle-2.4-all/6r4uqcc6ovnq6ac6s0txzcpc0/gradle-2.4/lib/plugins/commons-cli-1.2.jar
63102000-63108000 r--s 00031000 08:07 9985008    /home/rohit/.gradle/wrapper/dists/gradle-2.4-all/6r4uqcc6ovnq6ac6s0txzcpc0/gradle-2.4/lib/plugins/httpcore-4.2.2.jar
63108000-6310e000 r--s 00033000 08:07 9985007    /home/rohit/.gradle/wrapper/dists/gradle-2.4-all/6r4uqcc6ovnq6ac6s0txzcpc0/gradle-2.4/lib/plugins/commons-codec-1.6.jar
6310e000-63111000 r--s 0001c000 08:07 9984989    /home/rohit/.gradle/wrapper/dists/gradle-2.4-all/6r4uqcc6ovnq6ac6s0txzcpc0/gradle-2.4/lib/plugins/nekohtml-1.9.14.jar
63111000-6311a000 r--s 00060000 08:07 9984988    /home/rohit/.gradle/wrapper/dists/gradle-2.4-all/6r4uqcc6ovnq6ac6s0txzcpc0/gradle-2.4/lib/plugins/httpclient-4.2.2.jar
6311a000-6311c000 r--s 00007000 08:07 9984949    /home/rohit/.gradle/wrapper/dists/gradle-2.4-all/6r4uqcc6ovnq6ac6s0txzcpc0/gradle-2.4/lib/plugins/gradle-resources-http-2.4.jar
6311c000-6311f000 r--s 00010000 08:07 9984948    /home/rohit/.gradle/wrapper/dists/gradle-2.4-all/6r4uqcc6ovnq6ac6s0txzcpc0/gradle-2.4/lib/plugins/gradle-plugin-use-2.4.jar
6311f000-63123000 r--s 0003d000 08:07 9984990    /home/rohit/.gradle/wrapper/dists/gradle-2.4-all/6r4uqcc6ovnq6ac6s0txzcpc0/gradle-2.4/lib/plugins/jsch-0.1.51.jar
63123000-63163000 r--s 00277000 08:07 9985000    /home/rohit/.gradle/wrapper/dists/gradle-2.4-all/6r4uqcc6ovnq6ac6s0txzcpc0/gradle-2.4/lib/plugins/bcprov-jdk15on-1.51.jar
63163000-63167000 r--s 0001d000 08:07 9984999    /home/rohit/.gradle/wrapper/dists/gradle-2.4-all/6r4uqcc6ovnq6ac6s0txzcpc0/gradle-2.4/lib/plugins/xbean-reflect-3.4.jar
63167000-6316c000 r--s 0002a000 08:07 9984985    /home/rohit/.gradle/wrapper/dists/gradle-2.4-all/6r4uqcc6ovnq6ac6s0txzcpc0/gradle-2.4/lib/plugins/gson-2.2.4.jar
6316c000-6317b000 r--s 000d9000 08:07 9984998    /home/rohit/.gradle/wrapper/dists/gradle-2.4-all/6r4uqcc6ovnq6ac6s0txzcpc0/gradle-2.4/lib/plugins/ivy-2.2.0.jar
6317b000-6317f000 r--s 0001e000 08:07 9984915    /home/rohit/.gradle/wrapper/dists/gradle-2.4-all/6r4uqcc6ovnq6ac6s0txzcpc0/gradle-2.4/lib/plugins/jarjar-aether-impl-1.13.1.jar
6317f000-63182000 r--s 00027000 08:07 9984914    /home/rohit/.gradle/wrapper/dists/gradle-2.4-all/6r4uqcc6ovnq6ac6s0txzcpc0/gradle-2.4/lib/plugins/jarjar-maven-model-3.0.4.jar
63182000-63185000 r--s 0000b000 08:07 9984913    /home/rohit/.gradle/wrapper/dists/gradle-2.4-all/6r4uqcc6ovnq6ac6s0txzcpc0/gradle-2.4/lib/plugins/jarjar-maven-artifact-3.0.4.jar
63185000-63189000 r--s 0001e000 08:07 9984912    /home/rohit/.gradle/wrapper/dists/gradle-2.4-all/6r4uqcc6ovnq6ac6s0txzcpc0/gradle-2.4/lib/plugins/jarjar-aether-util-1.13.1.jar
63189000-6318b000 r--s 00007000 08:07 9984911    /home/rohit/.gradle/wrapper/dists/gradle-2.4-all/6r4uqcc6ovnq6ac6s0txzcpc0/gradle-2.4/lib/plugins/jarjar-wagon-http-shared4-2.4.jar
6318b000-63198000 r--s 00083000 08:07 9984910    /home/rohit/.gradle/wrapper/dists/gradle-2.4-all/6r4uqcc6ovnq6ac6s0txzcpc0/gradle-2.4/lib/plugins/jarjar-maven-core-3.0.4.jar
63198000-6319a000 r--s 00003000 08:07 9984909    /home/rohit/.gradle/wrapper/dists/gradle-2.4-all/6r4uqcc6ovnq6ac6s0txzcpc0/gradle-2.4/lib/plugins/jarjar-aether-spi-1.13.1.jar
6319a000-6319c000 r--s 00009000 08:07 9984908    /home/rohit/.gradle/wrapper/dists/gradle-2.4-all/6r4uqcc6ovnq6ac6s0txzcpc0/gradle-2.4/lib/plugins/jarjar-maven-settings-builder-3.0.4.jar
6319c000-631a0000 r--s 00014000 08:07 9984907    /home/rohit/.gradle/wrapper/dists/gradle-2.4-all/6r4uqcc6ovnq6ac6s0txzcpc0/gradle-2.4/lib/plugins/jarjar-aether-api-1.13.1.jar
631a0000-631a7000 r--s 00042000 08:07 9984905    /home/rohit/.gradle/wrapper/dists/gradle-2.4-all/6r4uqcc6ovnq6ac6s0txzcpc0/gradle-2.4/lib/plugins/jarjar-maven-compat-3.0.4.jar
631a7000-631a9000 r--s 00006000 08:07 9984904    /home/rohit/.gradle/wrapper/dists/gradle-2.4-all/6r4uqcc6ovnq6ac6s0txzcpc0/gradle-2.4/lib/plugins/jarjar-aether-connector-wagon-1.13.1.jar
631a9000-631ab000 r--s 00000000 08:07 9984903    /home/rohit/.gradle/wrapper/dists/gradle-2.4-all/6r4uqcc6ovnq6ac6s0txzcpc0/gradle-2.4/lib/plugins/jarjar-plexus-component-annotations-1.5.5.jar
631ab000-631b0000 r--s 00022000 08:07 9984901    /home/rohit/.gradle/wrapper/dists/gradle-2.4-all/6r4uqcc6ovnq6ac6s0txzcpc0/gradle-2.4/lib/plugins/jarjar-maven-model-builder-3.0.4.jar
631b0000-631ca000 r--s 000c0000 08:07 9984953    /home/rohit/.gradle/wrapper/dists/gradle-2.4-all/6r4uqcc6ovnq6ac6s0txzcpc0/gradle-2.4/lib/plugins/gradle-dependency-management-2.4.jar
631ca000-631e6000 r-xp 00000000 08:01 4457437    /lib/i386-linux-gnu/libgcc_s.so.1
631e6000-631e7000 rw-p 0001b000 08:01 4457437    /lib/i386-linux-gnu/libgcc_s.so.1
631e7000-631e9000 r--s 00006000 08:07 9984902    /home/rohit/.gradle/wrapper/dists/gradle-2.4-all/6r4uqcc6ovnq6ac6s0txzcpc0/gradle-2.4/lib/plugins/jarjar-plexus-sec-dispatcher-1.3.jar
631e9000-631eb000 r--s 0000b000 08:07 9984900    /home/rohit/.gradle/wrapper/dists/gradle-2.4-all/6r4uqcc6ovnq6ac6s0txzcpc0/gradle-2.4/lib/plugins/jarjar-maven-plugin-api-3.0.4.jar
631eb000-631ee000 r--s 0000a000 08:07 9984899    /home/rohit/.gradle/wrapper/dists/gradle-2.4-all/6r4uqcc6ovnq6ac6s0txzcpc0/gradle-2.4/lib/plugins/jarjar-plexus-classworlds-2.4.jar
631ee000-631f2000 r--s 00035000 08:07 9984898    /home/rohit/.gradle/wrapper/dists/gradle-2.4-all/6r4uqcc6ovnq6ac6s0txzcpc0/gradle-2.4/lib/plugins/jarjar-plexus-utils-2.0.6.jar
631f2000-631f4000 r--s 0000e000 08:07 9984897    /home/rohit/.gradle/wrapper/dists/gradle-2.4-all/6r4uqcc6ovnq6ac6s0txzcpc0/gradle-2.4/lib/plugins/jarjar-plexus-interpolation-1.14.jar
631f4000-631f6000 r--s 00002000 08:07 9984896    /home/rohit/.gradle/wrapper/dists/gradle-2.4-all/6r4uqcc6ovnq6ac6s0txzcpc0/gradle-2.4/lib/plugins/jarjar-plexus-cipher-1.7.jar
631f6000-631f8000 r--s 0000c000 08:07 9984895    /home/rohit/.gradle/wrapper/dists/gradle-2.4-all/6r4uqcc6ovnq6ac6s0txzcpc0/gradle-2.4/lib/plugins/jarjar-wagon-provider-api-2.4.jar
631f8000-63200000 r--s 00031000 08:07 9984893    /home/rohit/.gradle/wrapper/dists/gradle-2.4-all/6r4uqcc6ovnq6ac6s0txzcpc0/gradle-2.4/lib/plugins/jarjar-plexus-container-default-1.5.5.jar
63200000-63300000 rw-p 00000000 00:00 0 
63300000-63301000 r--s 00002000 08:07 9984906    /home/rohit/.gradle/wrapper/dists/gradle-2.4-all/6r4uqcc6ovnq6ac6s0txzcpc0/gradle-2.4/lib/plugins/jarjar-wagon-http-2.4.jar
63301000-63303000 r--s 0000d000 08:07 9984894    /home/rohit/.gradle/wrapper/dists/gradle-2.4-all/6r4uqcc6ovnq6ac6s0txzcpc0/gradle-2.4/lib/plugins/jarjar-maven-aether-provider-3.0.4.jar
63303000-63304000 r--s 00007000 08:07 9984892    /home/rohit/.gradle/wrapper/dists/gradle-2.4-all/6r4uqcc6ovnq6ac6s0txzcpc0/gradle-2.4/lib/plugins/jarjar-maven-repository-metadata-3.0.4.jar
63304000-63308000 r-xp 00000000 08:07 3553943    /home/rohit/.gradle/native/19/linux-i386/libnative-platform.so
63308000-63309000 rw-p 00003000 08:07 3553943    /home/rohit/.gradle/native/19/linux-i386/libnative-platform.so
63309000-63318000 r-xp 00000000 08:01 10384861   /usr/lib/jvm/jdk1.8.0_05/jre/lib/i386/libnio.so
63318000-63319000 rw-p 0000e000 08:01 10384861   /usr/lib/jvm/jdk1.8.0_05/jre/lib/i386/libnio.so
63319000-6332d000 r-xp 00000000 08:01 10384822   /usr/lib/jvm/jdk1.8.0_05/jre/lib/i386/libnet.so
6332d000-6332e000 rw-p 00014000 08:01 10384822   /usr/lib/jvm/jdk1.8.0_05/jre/lib/i386/libnet.so
6332e000-63330000 r--s 00005000 08:07 9984844    /home/rohit/.gradle/wrapper/dists/gradle-2.4-all/6r4uqcc6ovnq6ac6s0txzcpc0/gradle-2.4/lib/gradle-wrapper-2.4.jar
63330000-6333a000 r--s 00032000 08:07 9984849    /home/rohit/.gradle/wrapper/dists/gradle-2.4-all/6r4uqcc6ovnq6ac6s0txzcpc0/gradle-2.4/lib/gradle-tooling-api-2.4.jar
6333a000-6333c000 r--s 00002000 08:07 9984871    /home/rohit/.gradle/wrapper/dists/gradle-2.4-all/6r4uqcc6ovnq6ac6s0txzcpc0/gradle-2.4/lib/gradle-open-api-2.4.jar
6333c000-63342000 r--s 00032000 08:07 9984873    /home/rohit/.gradle/wrapper/dists/gradle-2.4-all/6r4uqcc6ovnq6ac6s0txzcpc0/gradle-2.4/lib/jaxen-1.1.jar
63342000-63347000 r--s 00048000 08:07 9984872    /home/rohit/.gradle/wrapper/dists/gradle-2.4-all/6r4uqcc6ovnq6ac6s0txzcpc0/gradle-2.4/lib/dom4j-1.6.1.jar
63347000-63352000 r--s 00059000 08:07 9984848    /home/rohit/.gradle/wrapper/dists/gradle-2.4-all/6r4uqcc6ovnq6ac6s0txzcpc0/gradle-2.4/lib/gradle-ui-2.4.jar
63352000-63354000 r--s 00008000 08:07 9984867    /home/rohit/.gradle/wrapper/dists/gradle-2.4-all/6r4uqcc6ovnq6ac6s0txzcpc0/gradle-2.4/lib/gradle-resources-2.4.jar
63354000-63356000 r--s 00007000 08:07 9984889    /home/rohit/.gradle/wrapper/dists/gradle-2.4-all/6r4uqcc6ovnq6ac6s0txzcpc0/gradle-2.4/lib/objenesis-1.2.jar
63356000-63358000 r--s 00000000 08:07 9984888    /home/rohit/.gradle/wrapper/dists/gradle-2.4-all/6r4uqcc6ovnq6ac6s0txzcpc0/gradle-2.4/lib/minlog-1.2.jar
63358000-6335c000 r--s 00026000 08:07 9984878    /home/rohit/.gradle/wrapper/dists/gradle-2.4-all/6r4uqcc6ovnq6ac6s0txzcpc0/gradle-2.4/lib/kryo-2.20.jar
6335c000-633c8000 r--s 00689000 08:07 9984854    /home/rohit/.gradle/wrapper/dists/gradle-2.4-all/6r4uqcc6ovnq6ac6s0txzcpc0/gradle-2.4/lib/groovy-all-2.3.10.jar
633c8000-633fc000 r--s 001a4000 08:07 9984846    /home/rohit/.gradle/wrapper/dists/gradle-2.4-all/6r4uqcc6ovnq6ac6s0txzcpc0/gradle-2.4/lib/gradle-core-2.4.jar
633fc000-633fd000 ---p 00000000 00:00 0 
633fd000-6347d000 rw-p 00000000 00:00 0          [stack:7108]
6347d000-63480000 ---p 00000000 00:00 0 
63480000-634fe000 rw-p 00000000 00:00 0          [stack:7106]
634fe000-63501000 ---p 00000000 00:00 0 
63501000-6357f000 rw-p 00000000 00:00 0          [stack:7105]
6357f000-63582000 ---p 00000000 00:00 0 
63582000-63600000 rw-p 00000000 00:00 0          [stack:7104]
63600000-63800000 r--p 00000000 08:01 9183415    /usr/lib/locale/locale-archive
63800000-63900000 rw-p 00000000 00:00 0 
63900000-6392a000 rw-p 00000000 00:00 0 
6392a000-63a00000 ---p 00000000 00:00 0 
63a00000-63b00000 rw-p 00000000 00:00 0 
63b00000-63b01000 r--s 0000b000 08:07 9984891    /home/rohit/.gradle/wrapper/dists/gradle-2.4-all/6r4uqcc6ovnq6ac6s0txzcpc0/gradle-2.4/lib/plugins/jarjar-maven-settings-3.0.4.jar
63b01000-63b03000 r--s 0000f000 08:07 9984887    /home/rohit/.gradle/wrapper/dists/gradle-2.4-all/6r4uqcc6ovnq6ac6s0txzcpc0/gradle-2.4/lib/reflectasm-1.07-shaded.jar
63b03000-63b0c000 r--s 0003c000 08:07 9984866    /home/rohit/.gradle/wrapper/dists/gradle-2.4-all/6r4uqcc6ovnq6ac6s0txzcpc0/gradle-2.4/lib/gradle-messaging-2.4.jar
63b0c000-63b0d000 r--s 00003000 08:07 9984886    /home/rohit/.gradle/wrapper/dists/gradle-2.4-all/6r4uqcc6ovnq6ac6s0txzcpc0/gradle-2.4/lib/native-platform-freebsd-amd64-0.10.jar
63b0d000-63b10000 ---p 00000000 00:00 0 
63b10000-63b5e000 rw-p 00000000 00:00 0          [stack:7107]
63b5e000-63b5f000 ---p 00000000 00:00 0 
63b5f000-63bdf000 rw-p 00000000 00:00 0          [stack:7100]
63bdf000-63db4000 r--s 03c4d000 08:01 10244891   /usr/lib/jvm/jdk1.8.0_05/jre/lib/rt.jar
63db4000-641fa000 rw-p 00000000 00:00 0 
641fa000-64200000 ---p 00000000 00:00 0 
64200000-66600000 rw-p 00000000 00:00 0 
66600000-666eb000 rw-p 00000000 00:00 0 
666eb000-66700000 ---p 00000000 00:00 0 
66700000-66701000 r--s 00003000 08:07 9984885    /home/rohit/.gradle/wrapper/dists/gradle-2.4-all/6r4uqcc6ovnq6ac6s0txzcpc0/gradle-2.4/lib/native-platform-freebsd-i386-0.10.jar
66701000-66702000 r--s 00005000 08:07 9984884    /home/rohit/.gradle/wrapper/dists/gradle-2.4-all/6r4uqcc6ovnq6ac6s0txzcpc0/gradle-2.4/lib/native-platform-windows-i386-0.10.jar
66702000-66703000 r--s 00005000 08:07 9984883    /home/rohit/.gradle/wrapper/dists/gradle-2.4-all/6r4uqcc6ovnq6ac6s0txzcpc0/gradle-2.4/lib/native-platform-windows-amd64-0.10.jar
66703000-66704000 r--s 00003000 08:07 9984882    /home/rohit/.gradle/wrapper/dists/gradle-2.4-all/6r4uqcc6ovnq6ac6s0txzcpc0/gradle-2.4/lib/native-platform-linux-i386-0.10.jar
66704000-66705000 r--s 00003000 08:07 9984881    /home/rohit/.gradle/wrapper/dists/gradle-2.4-all/6r4uqcc6ovnq6ac6s0txzcpc0/gradle-2.4/lib/native-platform-linux-amd64-0.10.jar
66705000-66706000 r--s 00002000 08:07 9984880    /home/rohit/.gradle/wrapper/dists/gradle-2.4-all/6r4uqcc6ovnq6ac6s0txzcpc0/gradle-2.4/lib/native-platform-osx-amd64-0.10.jar
66706000-66707000 r--s 00002000 08:07 9984879    /home/rohit/.gradle/wrapper/dists/gradle-2.4-all/6r4uqcc6ovnq6ac6s0txzcpc0/gradle-2.4/lib/native-platform-osx-i386-0.10.jar
66707000-66709000 r--s 00008000 08:07 9984876    /home/rohit/.gradle/wrapper/dists/gradle-2.4-all/6r4uqcc6ovnq6ac6s0txzcpc0/gradle-2.4/lib/jansi-1.2.1.jar
66709000-6670c000 r--s 0000d000 08:07 9984875    /home/rohit/.gradle/wrapper/dists/gradle-2.4-all/6r4uqcc6ovnq6ac6s0txzcpc0/gradle-2.4/lib/native-platform-0.10.jar
6670c000-66710000 r--s 000e4000 08:07 9984874    /home/rohit/.gradle/wrapper/dists/gradle-2.4-all/6r4uqcc6ovnq6ac6s0txzcpc0/gradle-2.4/lib/jna-3.2.7.jar
66710000-66712000 r--s 00008000 08:07 9984850    /home/rohit/.gradle/wrapper/dists/gradle-2.4-all/6r4uqcc6ovnq6ac6s0txzcpc0/gradle-2.4/lib/gradle-native-2.4.jar
66712000-66714000 r--s 00005000 08:07 9984847    /home/rohit/.gradle/wrapper/dists/gradle-2.4-all/6r4uqcc6ovnq6ac6s0txzcpc0/gradle-2.4/lib/gradle-cli-2.4.jar
66714000-66716000 r--s 00005000 08:07 9984856    /home/rohit/.gradle/wrapper/dists/gradle-2.4-all/6r4uqcc6ovnq6ac6s0txzcpc0/gradle-2.4/lib/gradle-model-groovy-2.4.jar
66716000-66717000 r--s 00004000 08:07 9984865    /home/rohit/.gradle/wrapper/dists/gradle-2.4-all/6r4uqcc6ovnq6ac6s0txzcpc0/gradle-2.4/lib/gradle-base-services-groovy-2.4.jar
66717000-6671f000 r--s 00040000 08:07 9984855    /home/rohit/.gradle/wrapper/dists/gradle-2.4-all/6r4uqcc6ovnq6ac6s0txzcpc0/gradle-2.4/lib/gradle-model-core-2.4.jar
6671f000-66720000 r--s 00000000 08:07 9984868    /home/rohit/.gradle/wrapper/dists/gradle-2.4-all/6r4uqcc6ovnq6ac6s0txzcpc0/gradle-2.4/lib/gradle-docs-2.4.jar
66720000-6672e000 r--s 0007f000 08:07 9984859    /home/rohit/.gradle/wrapper/dists/gradle-2.4-all/6r4uqcc6ovnq6ac6s0txzcpc0/gradle-2.4/lib/commons-collections-3.2.1.jar
6672e000-66731000 ---p 00000000 00:00 0 
66731000-6677f000 rw-p 00000000 00:00 0          [stack:7103]
6677f000-66780000 ---p 00000000 00:00 0 
66780000-66800000 rw-p 00000000 00:00 0          [stack:7099]
66800000-668fd000 rw-p 00000000 00:00 0 
668fd000-66900000 ---p 00000000 00:00 0 
66900000-66902000 r--s 00003000 08:07 9984870    /home/rohit/.gradle/wrapper/dists/gradle-2.4-all/6r4uqcc6ovnq6ac6s0txzcpc0/gradle-2.4/lib/jcl-over-slf4j-1.7.10.jar
66902000-66903000 r--s 00005000 08:07 9984869    /home/rohit/.gradle/wrapper/dists/gradle-2.4-all/6r4uqcc6ovnq6ac6s0txzcpc0/gradle-2.4/lib/log4j-over-slf4j-1.7.10.jar
66903000-66906000 r--s 0001b000 08:07 9984863    /home/rohit/.gradle/wrapper/dists/gradle-2.4-all/6r4uqcc6ovnq6ac6s0txzcpc0/gradle-2.4/lib/jarjar-1.3.jar
66906000-6692e000 r--s 001cf000 08:07 9984852    /home/rohit/.gradle/wrapper/dists/gradle-2.4-all/6r4uqcc6ovnq6ac6s0txzcpc0/gradle-2.4/lib/guava-jdk5-17.0.jar
6692e000-66931000 ---p 00000000 00:00 0 
66931000-6697f000 rw-p 00000000 00:00 0          [stack:7102]
6697f000-66980000 ---p 00000000 00:00 0 
66980000-66a00000 rw-p 00000000 00:00 0          [stack:7098]
66a00000-66a2c000 rw-p 00000000 00:00 0 
66a2c000-66b00000 ---p 00000000 00:00 0 
66b00000-66b02000 r--s 00000000 08:07 9984862    /home/rohit/.gradle/wrapper/dists/gradle-2.4-all/6r4uqcc6ovnq6ac6s0txzcpc0/gradle-2.4/lib/jul-to-slf4j-1.7.10.jar
66b02000-66b05000 r--s 00018000 08:07 9984860    /home/rohit/.gradle/wrapper/dists/gradle-2.4-all/6r4uqcc6ovnq6ac6s0txzcpc0/gradle-2.4/lib/commons-io-1.4.jar
66b05000-66b23000 r--s 001cf000 08:07 9984858    /home/rohit/.gradle/wrapper/dists/gradle-2.4-all/6r4uqcc6ovnq6ac6s0txzcpc0/gradle-2.4/lib/ant-1.9.4.jar
66b23000-66b2e000 r--s 0021a000 08:01 10384720   /usr/lib/jvm/jdk1.8.0_05/jre/lib/ext/localedata.jar
66b2e000-66b31000 ---p 00000000 00:00 0 
66b31000-66b7f000 rw-p 00000000 00:00 0          [stack:7101]
66b7f000-66b80000 ---p 00000000 00:00 0 
66b80000-66c00000 rw-p 00000000 00:00 0          [stack:7097]
66c00000-66c2a000 rw-p 00000000 00:00 0 
66c2a000-66d00000 ---p 00000000 00:00 0 
66d00000-66d01000 r--s 00000000 08:07 9984864    /home/rohit/.gradle/wrapper/dists/gradle-2.4-all/6r4uqcc6ovnq6ac6s0txzcpc0/gradle-2.4/lib/javax.inject-1.jar
66d01000-66d02000 r--s 00000000 08:07 9984861    /home/rohit/.gradle/wrapper/dists/gradle-2.4-all/6r4uqcc6ovnq6ac6s0txzcpc0/gradle-2.4/lib/jcip-annotations-1.0.jar
66d02000-66d07000 r--s 00036000 08:07 9984857    /home/rohit/.gradle/wrapper/dists/gradle-2.4-all/6r4uqcc6ovnq6ac6s0txzcpc0/gradle-2.4/lib/asm-all-5.0.3.jar
66d07000-66d23000 r--s 00393000 08:01 10384718   /usr/lib/jvm/jdk1.8.0_05/jre/lib/ext/cldrdata.jar
66d23000-66d7e000 rw-p 00000000 00:00 0 
66d7e000-66d7f000 ---p 00000000 00:00 0 
66d7f000-66e4b000 rw-p 00000000 00:00 0          [stack:7096]
66e4b000-66f54000 ---p 00000000 00:00 0 
66f54000-66fff000 rw-p 00000000 00:00 0 
66fff000-706c0000 rw-p 00000000 00:00 0 
706c0000-91ac0000 ---p 00000000 00:00 0 
91ac0000-a7000000 rw-p 00000000 00:00 0 
a7000000-a7005000 r--s 00041000 08:07 9984853    /home/rohit/.gradle/wrapper/dists/gradle-2.4-all/6r4uqcc6ovnq6ac6s0txzcpc0/gradle-2.4/lib/commons-lang-2.6.jar
a7005000-a70b8000 rw-p 00000000 00:00 0 
a70b8000-a71c2000 ---p 00000000 00:00 0 
a71c2000-a7234000 rw-p 00000000 00:00 0 
a7234000-a7582000 ---p 00000000 00:00 0 
a7582000-a91e2000 rwxp 00000000 00:00 0 
a91e2000-b6582000 ---p 00000000 00:00 0 
b6582000-b659b000 r-xp 00000000 08:01 10384835   /usr/lib/jvm/jdk1.8.0_05/jre/lib/i386/libzip.so
b659b000-b659c000 rw-p 00018000 08:01 10384835   /usr/lib/jvm/jdk1.8.0_05/jre/lib/i386/libzip.so
b659c000-b65a7000 r-xp 00000000 08:01 4460703    /lib/i386-linux-gnu/libnss_files-2.19.so
b65a7000-b65a8000 r--p 0000a000 08:01 4460703    /lib/i386-linux-gnu/libnss_files-2.19.so
b65a8000-b65a9000 rw-p 0000b000 08:01 4460703    /lib/i386-linux-gnu/libnss_files-2.19.so
b65a9000-b65be000 r-xp 00000000 08:01 4456548    /lib/i386-linux-gnu/libnsl-2.19.so
b65be000-b65bf000 r--p 00015000 08:01 4456548    /lib/i386-linux-gnu/libnsl-2.19.so
b65bf000-b65c0000 rw-p 00016000 08:01 4456548    /lib/i386-linux-gnu/libnsl-2.19.so
b65c0000-b65c2000 rw-p 00000000 00:00 0 
b65c2000-b65c3000 r--s 00007000 08:07 9984851    /home/rohit/.gradle/wrapper/dists/gradle-2.4-all/6r4uqcc6ovnq6ac6s0txzcpc0/gradle-2.4/lib/slf4j-api-1.7.10.jar
b65c3000-b65ca000 r--s 00030000 08:07 9984845    /home/rohit/.gradle/wrapper/dists/gradle-2.4-all/6r4uqcc6ovnq6ac6s0txzcpc0/gradle-2.4/lib/gradle-base-services-2.4.jar
b65ca000-b65d3000 r--s 00040000 08:07 9984843    /home/rohit/.gradle/wrapper/dists/gradle-2.4-all/6r4uqcc6ovnq6ac6s0txzcpc0/gradle-2.4/lib/gradle-launcher-2.4.jar
b65d3000-b65db000 rw-s 00000000 08:01 5778610    /tmp/hsperfdata_rohit/7092
b65db000-b65ff000 r-xp 00000000 08:01 10384806   /usr/lib/jvm/jdk1.8.0_05/jre/lib/i386/libjava.so
b65ff000-b6600000 rw-p 00023000 08:01 10384806   /usr/lib/jvm/jdk1.8.0_05/jre/lib/i386/libjava.so
b6600000-b66f9000 rw-p 00000000 00:00 0 
b66f9000-b6700000 ---p 00000000 00:00 0 
b6700000-b670a000 r-xp 00000000 08:01 4456547    /lib/i386-linux-gnu/libnss_nis-2.19.so
b670a000-b670b000 r--p 00009000 08:01 4456547    /lib/i386-linux-gnu/libnss_nis-2.19.so
b670b000-b670c000 rw-p 0000a000 08:01 4456547    /lib/i386-linux-gnu/libnss_nis-2.19.so
b670c000-b6713000 r-xp 00000000 08:01 4460729    /lib/i386-linux-gnu/librt-2.19.so
b6713000-b6714000 r--p 00006000 08:01 4460729    /lib/i386-linux-gnu/librt-2.19.so
b6714000-b6715000 rw-p 00007000 08:01 4460729    /lib/i386-linux-gnu/librt-2.19.so
b6715000-b6718000 ---p 00000000 00:00 0 
b6718000-b6766000 rw-p 00000000 00:00 0          [stack:7095]
b6766000-b67aa000 r-xp 00000000 08:01 4456552    /lib/i386-linux-gnu/libm-2.19.so
b67aa000-b67ab000 r--p 00043000 08:01 4456552    /lib/i386-linux-gnu/libm-2.19.so
b67ab000-b67ac000 rw-p 00044000 08:01 4456552    /lib/i386-linux-gnu/libm-2.19.so
b67ac000-b70b4000 r-xp 00000000 08:01 10384867   /usr/lib/jvm/jdk1.8.0_05/jre/lib/i386/server/libjvm.so
b70b4000-b711c000 rw-p 00908000 08:01 10384867   /usr/lib/jvm/jdk1.8.0_05/jre/lib/i386/server/libjvm.so
b711c000-b7540000 rw-p 00000000 00:00 0 
b7540000-b76e8000 r-xp 00000000 08:01 4456544    /lib/i386-linux-gnu/libc-2.19.so
b76e8000-b76ea000 r--p 001a8000 08:01 4456544    /lib/i386-linux-gnu/libc-2.19.so
b76ea000-b76eb000 rw-p 001aa000 08:01 4456544    /lib/i386-linux-gnu/libc-2.19.so
b76eb000-b76ee000 rw-p 00000000 00:00 0 
b76ee000-b76f1000 r-xp 00000000 08:01 4456545    /lib/i386-linux-gnu/libdl-2.19.so
b76f1000-b76f2000 r--p 00002000 08:01 4456545    /lib/i386-linux-gnu/libdl-2.19.so
b76f2000-b76f3000 rw-p 00003000 08:01 4456545    /lib/i386-linux-gnu/libdl-2.19.so
b76f3000-b7707000 r-xp 00000000 08:01 10101221   /usr/lib/jvm/jdk1.8.0_05/lib/i386/jli/libjli.so
b7707000-b7708000 rw-p 00013000 08:01 10101221   /usr/lib/jvm/jdk1.8.0_05/lib/i386/jli/libjli.so
b7708000-b7709000 rw-p 00000000 00:00 0 
b7709000-b7721000 r-xp 00000000 08:01 4457484    /lib/i386-linux-gnu/libpthread-2.19.so
b7721000-b7722000 r--p 00018000 08:01 4457484    /lib/i386-linux-gnu/libpthread-2.19.so
b7722000-b7723000 rw-p 00019000 08:01 4457484    /lib/i386-linux-gnu/libpthread-2.19.so
b7723000-b7725000 rw-p 00000000 00:00 0 
b7725000-b7726000 r--s 00004000 08:07 9984877    /home/rohit/.gradle/wrapper/dists/gradle-2.4-all/6r4uqcc6ovnq6ac6s0txzcpc0/gradle-2.4/lib/ant-launcher-1.9.4.jar
b7726000-b7727000 r--p 00850000 08:01 9183415    /usr/lib/locale/locale-archive
b7727000-b772e000 r-xp 00000000 08:01 4456553    /lib/i386-linux-gnu/libnss_compat-2.19.so
b772e000-b772f000 r--p 00006000 08:01 4456553    /lib/i386-linux-gnu/libnss_compat-2.19.so
b772f000-b7730000 rw-p 00007000 08:01 4456553    /lib/i386-linux-gnu/libnss_compat-2.19.so
b7730000-b7731000 rw-p 00000000 00:00 0 
b7731000-b7732000 r--p 00000000 00:00 0 
b7732000-b773d000 r-xp 00000000 08:01 10384842   /usr/lib/jvm/jdk1.8.0_05/jre/lib/i386/libverify.so
b773d000-b773e000 rw-p 0000b000 08:01 10384842   /usr/lib/jvm/jdk1.8.0_05/jre/lib/i386/libverify.so
b773e000-b7740000 rw-p 00000000 00:00 0 
b7740000-b7741000 r-xp 00000000 00:00 0          [vdso]
b7741000-b7761000 r-xp 00000000 08:01 4456546    /lib/i386-linux-gnu/ld-2.19.so
b7761000-b7762000 r--p 0001f000 08:01 4456546    /lib/i386-linux-gnu/ld-2.19.so
b7762000-b7763000 rw-p 00020000 08:01 4456546    /lib/i386-linux-gnu/ld-2.19.so
bf875000-bf876000 rwxp 00000000 00:00 0 
bf8a8000-bf8c9000 rw-p 00000000 00:00 0          [stack]

VM Arguments:
jvm_args: -XX:MaxPermSize=256m -XX:+HeapDumpOnOutOfMemoryError -Xmx1024m -Dfile.encoding=UTF-8 -Duser.country=IN -Duser.language=en -Duser.variant 
java_command: org.gradle.launcher.daemon.bootstrap.GradleDaemon 2.4 /home/rohit/.gradle /home/rohit/.gradle/daemon 10800000 2b7edbd2-5272-4f14-bd77-ee75e7807b79 -XX:MaxPermSize=256m -XX:+HeapDumpOnOutOfMemoryError -Xmx1024m -Dfile.encoding=UTF-8 -Duser.country=IN -Duser.language=en -Duser.variant
java_class_path (initial): /home/rohit/.gradle/wrapper/dists/gradle-2.4-all/6r4uqcc6ovnq6ac6s0txzcpc0/gradle-2.4/lib/gradle-launcher-2.4.jar
Launcher Type: SUN_STANDARD

Environment Variables:
PATH=/usr/local/sbin:/usr/local/bin:/usr/sbin:/usr/bin:/sbin:/bin:/usr/games:/usr/local/games
LD_LIBRARY_PATH=.:
SHELL=/bin/bash
DISPLAY=:0

Signal Handlers:
SIGSEGV: [libjvm.so+0x863250], sa_mask[0]=0x7ffbfeff, sa_flags=0x10000004
SIGBUS: [libjvm.so+0x863250], sa_mask[0]=0x7ffbfeff, sa_flags=0x10000004
SIGFPE: [libjvm.so+0x6ef420], sa_mask[0]=0x7ffbfeff, sa_flags=0x10000004
SIGPIPE: [libjvm.so+0x6ef420], sa_mask[0]=0x7ffbfeff, sa_flags=0x10000004
SIGXFSZ: [libjvm.so+0x6ef420], sa_mask[0]=0x7ffbfeff, sa_flags=0x10000004
SIGILL: [libjvm.so+0x6ef420], sa_mask[0]=0x7ffbfeff, sa_flags=0x10000004
SIGUSR1: SIG_DFL, sa_mask[0]=0x00000000, sa_flags=0x00000000
SIGUSR2: [libjvm.so+0x6f0b30], sa_mask[0]=0x00000004, sa_flags=0x10000004
SIGHUP: [libjvm.so+0x6f1f40], sa_mask[0]=0x7ffbfeff, sa_flags=0x10000004
SIGINT: [libjvm.so+0x6f1f40], sa_mask[0]=0x7ffbfeff, sa_flags=0x10000004
SIGTERM: [libjvm.so+0x6f1f40], sa_mask[0]=0x7ffbfeff, sa_flags=0x10000004
SIGQUIT: [libjvm.so+0x6f1f40], sa_mask[0]=0x7ffbfeff, sa_flags=0x10000004


---------------  S Y S T E M  ---------------

OS:DISTRIB_ID=Ubuntu
DISTRIB_RELEASE=14.04
DISTRIB_CODENAME=trusty
DISTRIB_DESCRIPTION="Ubuntu 14.04.2 LTS"

uname:Linux 3.13.0-48-generic #80-Ubuntu SMP Thu Mar 12 11:16:18 UTC 2015 i686
libc:glibc 2.19 NPTL 2.19 
rlimit: STACK 8192k, CORE 0k, NPROC 31286, NOFILE 4096, AS infinity
load average:0.46 1.90 1.42

/proc/meminfo:
MemTotal:        4023936 kB
MemFree:          605680 kB
Buffers:           29928 kB
Cached:           661784 kB
SwapCached:        16252 kB
Active:          2241756 kB
Inactive:         990316 kB
Active(anon):    2001960 kB
Inactive(anon):   811544 kB
Active(file):     239796 kB
Inactive(file):   178772 kB
Unevictable:          32 kB
Mlocked:              32 kB
HighTotal:       3171664 kB
HighFree:         418428 kB
LowTotal:         852272 kB
LowFree:          187252 kB
SwapTotal:       8787964 kB
SwapFree:        8735148 kB
Dirty:              1756 kB
Writeback:             0 kB
AnonPages:       2524364 kB
Mapped:           150344 kB
Shmem:            273008 kB
Slab:             138368 kB
SReclaimable:     113960 kB
SUnreclaim:        24408 kB
KernelStack:        5528 kB
PageTables:        15844 kB
NFS_Unstable:          0 kB
Bounce:                0 kB
WritebackTmp:          0 kB
CommitLimit:    10799932 kB
Committed_AS:    6788184 kB
VmallocTotal:     122880 kB
VmallocUsed:       16244 kB
VmallocChunk:      98180 kB
HardwareCorrupted:     0 kB
AnonHugePages:   1619968 kB
HugePages_Total:       0
HugePages_Free:        0
HugePages_Rsvd:        0
HugePages_Surp:        0
Hugepagesize:       2048 kB
DirectMap4k:       28664 kB
DirectMap2M:      882688 kB


CPU:total 4 (2 cores per cpu, 2 threads per core) family 6 model 42 stepping 7, cmov, cx8, fxsr, mmx, sse, sse2, sse3, ssse3, sse4.1, sse4.2, popcnt, avx, clmul, ht, tsc, tscinvbit

/proc/cpuinfo:
processor	: 0
vendor_id	: GenuineIntel
cpu family	: 6
model		: 42
model name	: Intel(R) Core(TM) i3-2120 CPU @ 3.30GHz
stepping	: 7
microcode	: 0x26
cpu MHz		: 3300.000
cache size	: 3072 KB
physical id	: 0
siblings	: 4
core id		: 0
cpu cores	: 2
apicid		: 0
initial apicid	: 0
fdiv_bug	: no
f00f_bug	: no
coma_bug	: no
fpu		: yes
fpu_exception	: yes
cpuid level	: 13
wp		: yes
flags		: fpu vme de pse tsc msr pae mce cx8 apic sep mtrr pge mca cmov pat pse36 clflush dts acpi mmx fxsr sse sse2 ss ht tm pbe nx rdtscp lm constant_tsc arch_perfmon pebs bts xtopology nonstop_tsc aperfmperf eagerfpu pni pclmulqdq dtes64 monitor ds_cpl vmx est tm2 ssse3 cx16 xtpr pdcm pcid sse4_1 sse4_2 popcnt tsc_deadline_timer xsave avx lahf_lm arat epb xsaveopt pln pts dtherm tpr_shadow vnmi flexpriority ept vpid
bogomips	: 6584.93
clflush size	: 64
cache_alignment	: 64
address sizes	: 36 bits physical, 48 bits virtual
power management:

processor	: 1
vendor_id	: GenuineIntel
cpu family	: 6
model		: 42
model name	: Intel(R) Core(TM) i3-2120 CPU @ 3.30GHz
stepping	: 7
microcode	: 0x26
cpu MHz		: 1600.000
cache size	: 3072 KB
physical id	: 0
siblings	: 4
core id		: 1
cpu cores	: 2
apicid		: 2
initial apicid	: 2
fdiv_bug	: no
f00f_bug	: no
coma_bug	: no
fpu		: yes
fpu_exception	: yes
cpuid level	: 13
wp		: yes
flags		: fpu vme de pse tsc msr pae mce cx8 apic sep mtrr pge mca cmov pat pse36 clflush dts acpi mmx fxsr sse sse2 ss ht tm pbe nx rdtscp lm constant_tsc arch_perfmon pebs bts xtopology nonstop_tsc aperfmperf eagerfpu pni pclmulqdq dtes64 monitor ds_cpl vmx est tm2 ssse3 cx16 xtpr pdcm pcid sse4_1 sse4_2 popcnt tsc_deadline_timer xsave avx lahf_lm arat epb xsaveopt pln pts dtherm tpr_shadow vnmi flexpriority ept vpid
bogomips	: 6584.93
clflush size	: 64
cache_alignment	: 64
address sizes	: 36 bits physical, 48 bits virtual
power management:

processor	: 2
vendor_id	: GenuineIntel
cpu family	: 6
model		: 42
model name	: Intel(R) Core(TM) i3-2120 CPU @ 3.30GHz
stepping	: 7
microcode	: 0x26
cpu MHz		: 3300.000
cache size	: 3072 KB
physical id	: 0
siblings	: 4
core id		: 0
cpu cores	: 2
apicid		: 1
initial apicid	: 1
fdiv_bug	: no
f00f_bug	: no
coma_bug	: no
fpu		: yes
fpu_exception	: yes
cpuid level	: 13
wp		: yes
flags		: fpu vme de pse tsc msr pae mce cx8 apic sep mtrr pge mca cmov pat pse36 clflush dts acpi mmx fxsr sse sse2 ss ht tm pbe nx rdtscp lm constant_tsc arch_perfmon pebs bts xtopology nonstop_tsc aperfmperf eagerfpu pni pclmulqdq dtes64 monitor ds_cpl vmx est tm2 ssse3 cx16 xtpr pdcm pcid sse4_1 sse4_2 popcnt tsc_deadline_timer xsave avx lahf_lm arat epb xsaveopt pln pts dtherm tpr_shadow vnmi flexpriority ept vpid
bogomips	: 6584.93
clflush size	: 64
cache_alignment	: 64
address sizes	: 36 bits physical, 48 bits virtual
power management:

processor	: 3
vendor_id	: GenuineIntel
cpu family	: 6
model		: 42
model name	: Intel(R) Core(TM) i3-2120 CPU @ 3.30GHz
stepping	: 7
microcode	: 0x26
cpu MHz		: 1600.000
cache size	: 3072 KB
physical id	: 0
siblings	: 4
core id		: 1
cpu cores	: 2
apicid		: 3
initial apicid	: 3
fdiv_bug	: no
f00f_bug	: no
coma_bug	: no
fpu		: yes
fpu_exception	: yes
cpuid level	: 13
wp		: yes
flags		: fpu vme de pse tsc msr pae mce cx8 apic sep mtrr pge mca cmov pat pse36 clflush dts acpi mmx fxsr sse sse2 ss ht tm pbe nx rdtscp lm constant_tsc arch_perfmon pebs bts xtopology nonstop_tsc aperfmperf eagerfpu pni pclmulqdq dtes64 monitor ds_cpl vmx est tm2 ssse3 cx16 xtpr pdcm pcid sse4_1 sse4_2 popcnt tsc_deadline_timer xsave avx lahf_lm arat epb xsaveopt pln pts dtherm tpr_shadow vnmi flexpriority ept vpid
bogomips	: 6584.93
clflush size	: 64
cache_alignment	: 64
address sizes	: 36 bits physical, 48 bits virtual
power management:



Memory: 4k page, physical 4023936k(605680k free), swap 8787964k(8735148k free)

vm_info: Java HotSpot(TM) Server VM (25.5-b02) for linux-x86 JRE (1.8.0_05-b13), built on Mar 18 2014 00:45:30 by "java_re" with gcc 4.3.0 20080428 (Red Hat 4.3.0-8)

time: Fri Nov 20 17:40:46 2015
elapsed time: 422 seconds

